#
# There is insufficient memory for the Java Runtime Environment to continue.
# Native memory allocation (mmap) failed to map 32505856 bytes for Failed to commit area from 0x000000008b400000 to 0x000000008d300000 of length 32505856.
# Possible reasons:
#   The system is out of physical RAM or swap space
#   The process is running with CompressedOops enabled, and the Java Heap may be blocking the growth of the native heap
# Possible solutions:
#   Reduce memory load on the system
#   Increase physical memory or swap space
#   Check if swap backing store is full
#   Decrease Java heap size (-Xmx/-Xms)
#   Decrease number of Java threads
#   Decrease Java thread stack sizes (-Xss)
#   Set larger code cache with -XX:ReservedCodeCacheSize=
#   JVM is running with Unscaled Compressed Oops mode in which the Java heap is
#     placed in the first 4GB address space. The Java Heap base address is the
#     maximum limit for the native heap growth. Please use -XX:HeapBaseMinAddress
#     to set the Java Heap base and to place the Java Heap above 4GB virtual address.
# This output file may be truncated or incomplete.
#
#  Out of Memory Error (./src/hotspot/os/windows/os_windows.cpp:3521), pid=11496, tid=2608
#
# JRE version: OpenJDK Runtime Environment (11.0.12+7) (build 11.0.12+7-b1504.28-7817840)
# Java VM: OpenJDK 64-Bit Server VM (11.0.12+7-b1504.28-7817840, mixed mode, tiered, compressed oops, g1 gc, windows-amd64)
# No core dump will be written. Minidumps are not enabled by default on client versions of Windows
#

---------------  S U M M A R Y ------------

Command Line: org.jetbrains.kotlin.cli.jvm.K2JVMCompiler @C:\Users\Turonbank\AndroidStudioProjects\662k\app\build\20220701_4129473340391590311.compiler.options

Host: Intel(R) Core(TM) i3-10100 CPU @ 3.60GHz, 8 cores, 7G,  Windows 10 , 64 bit Build 19041 (10.0.19041.1741)
Time: Fri Jul  1 21:08:38 2022 Западная Азия (зима) elapsed time: 6.631945 seconds (0d 0h 0m 6s)

---------------  T H R E A D  ---------------

Current thread (0x000001b831554800):  VMThread "VM Thread" [stack: 0x0000006233b00000,0x0000006233c00000] [id=2608]

Stack: [0x0000006233b00000,0x0000006233c00000]
[error occurred during error reporting (printing stack bounds), id 0xc0000005, EXCEPTION_ACCESS_VIOLATION (0xc0000005) at pc=0x000001b81a4e112d]

Native frames: (J=compiled Java code, j=interpreted, Vv=VM code, C=native code)
V  [jvm.dll+0x5fbcea]
V  [jvm.dll+0x731905]
V  [jvm.dll+0x732f1d]
V  [jvm.dll+0x733535]
V  [jvm.dll+0x7334eb]
V  [jvm.dll+0x5fb080]
V  [jvm.dll+0x5fb818]
C  [ntdll.dll+0xa209f]
C  [ntdll.dll+0x51454]
C  [ntdll.dll+0xa0bce]
C  0x000001b81a4e112d

VM_Operation (0x00000062335fd300): G1CollectForAllocation, mode: safepoint, requested by thread 0x000001b8169c9000


---------------  P R O C E S S  ---------------

Threads class SMR info:
_java_thread_list=0x000001b832025960, length=12, elements={
0x000001b8169c9000, 0x000001b831557800, 0x000001b83155b000, 0x000001b831574800,
0x000001b831575800, 0x000001b831576800, 0x000001b83157c800, 0x000001b831581800,
0x000001b831582800, 0x000001b83205d000, 0x000001b832054800, 0x000001b832080000
}

Java Threads: ( => current thread )
  0x000001b8169c9000 JavaThread "main" [_thread_blocked, id=12260, stack(0x0000006233500000,0x0000006233600000)]
  0x000001b831557800 JavaThread "Reference Handler" daemon [_thread_blocked, id=14420, stack(0x0000006233c00000,0x0000006233d00000)]
  0x000001b83155b000 JavaThread "Finalizer" daemon [_thread_blocked, id=13876, stack(0x0000006233d00000,0x0000006233e00000)]
  0x000001b831574800 JavaThread "Signal Dispatcher" daemon [_thread_blocked, id=4100, stack(0x0000006233e00000,0x0000006233f00000)]
  0x000001b831575800 JavaThread "Attach Listener" daemon [_thread_blocked, id=12740, stack(0x0000006233f00000,0x0000006234000000)]
  0x000001b831576800 JavaThread "Service Thread" daemon [_thread_blocked, id=1284, stack(0x0000006234000000,0x0000006234100000)]
  0x000001b83157c800 JavaThread "C2 CompilerThread0" daemon [_thread_blocked, id=15092, stack(0x0000006234100000,0x0000006234200000)]
  0x000001b831581800 JavaThread "C1 CompilerThread0" daemon [_thread_blocked, id=13304, stack(0x0000006234200000,0x0000006234300000)]
  0x000001b831582800 JavaThread "Sweeper thread" daemon [_thread_blocked, id=8452, stack(0x0000006234300000,0x0000006234400000)]
  0x000001b83205d000 JavaThread "Common-Cleaner" daemon [_thread_blocked, id=6548, stack(0x0000006234500000,0x0000006234600000)]
  0x000001b832054800 JavaThread "C2 CompilerThread1" daemon [_thread_blocked, id=5616, stack(0x0000006234600000,0x0000006234700000)]
  0x000001b832080000 JavaThread "C2 CompilerThread2" daemon [_thread_blocked, id=5432, stack(0x0000006234700000,0x0000006234800000)]

Other Threads:
=>0x000001b831554800 VMThread "VM Thread" [stack: 0x0000006233b00000,0x0000006233c00000] [id=2608]
  0x000001b832051000 WatcherThread [stack: 0x0000006234400000,0x0000006234500000] [id=12312]
  0x000001b8169e1800 GCTaskThread "GC Thread#0" [stack: 0x0000006233600000,0x0000006233700000] [id=14028]
  0x000001b832708800 GCTaskThread "GC Thread#1" [stack: 0x0000006234800000,0x0000006234900000] [id=13176]
  0x000001b8327ab000 GCTaskThread "GC Thread#2" [stack: 0x0000006234900000,0x0000006234a00000] [id=6272]
  0x000001b816a11000 ConcurrentGCThread "G1 Main Marker" [stack: 0x0000006233700000,0x0000006233800000] [id=12304]
  0x000001b816a13800 ConcurrentGCThread "G1 Conc#0" [stack: 0x0000006233800000,0x0000006233900000] [id=1288]
  0x000001b832741800 ConcurrentGCThread "G1 Conc#1" [stack: 0x0000006234a00000,0x0000006234b00000] [id=3256]
  0x000001b816aa4000 ConcurrentGCThread "G1 Refine#0" [stack: 0x0000006233900000,0x0000006233a00000] [id=8996]
  0x000001b8339a7000 ConcurrentGCThread "G1 Refine#1" [stack: 0x0000006234b00000,0x0000006234c00000] [id=7620]
  0x000001b8313a0800 ConcurrentGCThread "G1 Young RemSet Sampling" [stack: 0x0000006233a00000,0x0000006233b00000] [id=10148]

Threads with active compile tasks:
C1 CompilerThread0   6637 9008       3       org.jetbrains.kotlin.backend.common.ClassLoweringVisitor::visitFunctionAccess (6 bytes)

VM state:at safepoint (normal execution)

VM Mutex/Monitor currently owned by a thread:  ([mutex/lock_event])
[0x000001b8169c7070] Threads_lock - owner thread: 0x000001b831554800
[0x000001b8169c78e0] Heap_lock - owner thread: 0x000001b8169c9000

Heap address: 0x0000000081a00000, size: 2022 MB, Compressed Oops mode: 32-bit
Narrow klass base: 0x0000000000000000, Narrow klass shift: 3
Compressed class space size: 1073741824 Address: 0x0000000100000000

Heap:
 garbage-first heap   total 189440K, used 51200K [0x0000000081a00000, 0x0000000100000000)
  region size 1024K, 9 young (9216K), 9 survivors (9216K)
 Metaspace       used 71238K, capacity 71897K, committed 72028K, reserved 1114112K
  class space    used 7882K, capacity 8140K, committed 8188K, reserved 1048576K
Heap Regions: E=young(eden), S=young(survivor), O=old, HS=humongous(starts), HC=humongous(continues), CS=collection set, F=free, A=archive, TAMS=top-at-mark-start (previous, next)
|   0|0x0000000081a00000, 0x0000000081b00000, 0x0000000081b00000|100%|HS|  |TAMS 0x0000000081b00000, 0x0000000081b00000| Complete 
|   1|0x0000000081b00000, 0x0000000081c00000, 0x0000000081c00000|100%|HC|  |TAMS 0x0000000081c00000, 0x0000000081c00000| Complete 
|   2|0x0000000081c00000, 0x0000000081d00000, 0x0000000081d00000|100%|HC|  |TAMS 0x0000000081d00000, 0x0000000081d00000| Complete 
|   3|0x0000000081d00000, 0x0000000081e00000, 0x0000000081e00000|100%| O|  |TAMS 0x0000000081e00000, 0x0000000081e00000| Untracked 
|   4|0x0000000081e00000, 0x0000000081f00000, 0x0000000081f00000|100%| O|  |TAMS 0x0000000081f00000, 0x0000000081f00000| Untracked 
|   5|0x0000000081f00000, 0x0000000082000000, 0x0000000082000000|100%|HS|  |TAMS 0x0000000082000000, 0x0000000082000000| Complete 
|   6|0x0000000082000000, 0x0000000082100000, 0x0000000082100000|100%|HC|  |TAMS 0x0000000082100000, 0x0000000082100000| Complete 
|   7|0x0000000082100000, 0x0000000082200000, 0x0000000082200000|100%|HC|  |TAMS 0x0000000082200000, 0x0000000082200000| Complete 
|   8|0x0000000082200000, 0x0000000082300000, 0x0000000082300000|100%|HS|  |TAMS 0x0000000082300000, 0x0000000082300000| Complete 
|   9|0x0000000082300000, 0x0000000082400000, 0x0000000082400000|100%|HC|  |TAMS 0x0000000082400000, 0x0000000082400000| Complete 
|  10|0x0000000082400000, 0x0000000082500000, 0x0000000082500000|100%| O|  |TAMS 0x0000000082500000, 0x0000000082500000| Untracked 
|  11|0x0000000082500000, 0x0000000082600000, 0x0000000082600000|100%| O|  |TAMS 0x0000000082600000, 0x0000000082600000| Untracked 
|  12|0x0000000082600000, 0x0000000082700000, 0x0000000082700000|100%| O|  |TAMS 0x0000000082700000, 0x0000000082700000| Untracked 
|  13|0x0000000082700000, 0x0000000082800000, 0x0000000082800000|100%| O|  |TAMS 0x0000000082800000, 0x0000000082800000| Untracked 
|  14|0x0000000082800000, 0x0000000082900000, 0x0000000082900000|100%| O|  |TAMS 0x0000000082900000, 0x0000000082900000| Untracked 
|  15|0x0000000082900000, 0x0000000082a00000, 0x0000000082a00000|100%| O|  |TAMS 0x0000000082a00000, 0x0000000082a00000| Untracked 
|  16|0x0000000082a00000, 0x0000000082b00000, 0x0000000082b00000|100%| O|  |TAMS 0x0000000082b00000, 0x0000000082b00000| Untracked 
|  17|0x0000000082b00000, 0x0000000082c00000, 0x0000000082c00000|100%| O|  |TAMS 0x0000000082c00000, 0x0000000082c00000| Untracked 
|  18|0x0000000082c00000, 0x0000000082d00000, 0x0000000082d00000|100%| O|  |TAMS 0x0000000082d00000, 0x0000000082d00000| Untracked 
|  19|0x0000000082d00000, 0x0000000082e00000, 0x0000000082e00000|100%| O|  |TAMS 0x0000000082e00000, 0x0000000082e00000| Untracked 
|  20|0x0000000082e00000, 0x0000000082f00000, 0x0000000082f00000|100%| O|  |TAMS 0x0000000082f00000, 0x0000000082f00000| Untracked 
|  21|0x0000000082f00000, 0x0000000083000000, 0x0000000083000000|100%| O|  |TAMS 0x0000000083000000, 0x0000000083000000| Untracked 
|  22|0x0000000083000000, 0x0000000083100000, 0x0000000083100000|100%| O|  |TAMS 0x0000000083100000, 0x0000000083100000| Untracked 
|  23|0x0000000083100000, 0x0000000083200000, 0x0000000083200000|100%| O|  |TAMS 0x0000000083200000, 0x0000000083200000| Untracked 
|  24|0x0000000083200000, 0x0000000083300000, 0x0000000083300000|100%| O|  |TAMS 0x0000000083300000, 0x0000000083300000| Untracked 
|  25|0x0000000083300000, 0x0000000083400000, 0x0000000083400000|100%| O|  |TAMS 0x0000000083400000, 0x0000000083400000| Untracked 
|  26|0x0000000083400000, 0x0000000083500000, 0x0000000083500000|100%| O|  |TAMS 0x0000000083500000, 0x0000000083500000| Untracked 
|  27|0x0000000083500000, 0x0000000083600000, 0x0000000083600000|100%| O|  |TAMS 0x0000000083600000, 0x0000000083600000| Untracked 
|  28|0x0000000083600000, 0x0000000083700000, 0x0000000083700000|100%| O|  |TAMS 0x0000000083700000, 0x0000000083700000| Untracked 
|  29|0x0000000083700000, 0x0000000083800000, 0x0000000083800000|100%| O|  |TAMS 0x0000000083800000, 0x0000000083800000| Untracked 
|  30|0x0000000083800000, 0x0000000083900000, 0x0000000083900000|100%| O|  |TAMS 0x0000000083900000, 0x0000000083900000| Untracked 
|  31|0x0000000083900000, 0x0000000083a00000, 0x0000000083a00000|100%| O|  |TAMS 0x0000000083a00000, 0x0000000083a00000| Untracked 
|  32|0x0000000083a00000, 0x0000000083b00000, 0x0000000083b00000|100%| O|  |TAMS 0x0000000083b00000, 0x0000000083b00000| Untracked 
|  33|0x0000000083b00000, 0x0000000083c00000, 0x0000000083c00000|100%| O|  |TAMS 0x0000000083c00000, 0x0000000083c00000| Untracked 
|  34|0x0000000083c00000, 0x0000000083d00000, 0x0000000083d00000|100%| O|  |TAMS 0x0000000083d00000, 0x0000000083d00000| Untracked 
|  35|0x0000000083d00000, 0x0000000083e00000, 0x0000000083e00000|100%| O|  |TAMS 0x0000000083e00000, 0x0000000083e00000| Untracked 
|  36|0x0000000083e00000, 0x0000000083f00000, 0x0000000083f00000|100%| O|  |TAMS 0x0000000083f00000, 0x0000000083f00000| Untracked 
|  37|0x0000000083f00000, 0x0000000084000000, 0x0000000084000000|100%| O|  |TAMS 0x0000000084000000, 0x0000000084000000| Untracked 
|  38|0x0000000084000000, 0x0000000084100000, 0x0000000084100000|100%| O|  |TAMS 0x0000000084100000, 0x0000000084100000| Untracked 
|  39|0x0000000084100000, 0x0000000084200000, 0x0000000084200000|100%| O|  |TAMS 0x0000000084200000, 0x0000000084200000| Untracked 
|  40|0x0000000084200000, 0x0000000084300000, 0x0000000084300000|100%| O|  |TAMS 0x0000000084257800, 0x0000000084300000| Untracked 
|  41|0x0000000084300000, 0x0000000084300000, 0x0000000084400000|  0%| F|  |TAMS 0x0000000084300000, 0x0000000084300000| Untracked 
|  42|0x0000000084400000, 0x0000000084400000, 0x0000000084500000|  0%| F|  |TAMS 0x0000000084400000, 0x0000000084400000| Untracked 
|  43|0x0000000084500000, 0x0000000084500000, 0x0000000084600000|  0%| F|  |TAMS 0x0000000084500000, 0x0000000084500000| Untracked 
|  44|0x0000000084600000, 0x0000000084600000, 0x0000000084700000|  0%| F|  |TAMS 0x0000000084600000, 0x0000000084600000| Untracked 
|  45|0x0000000084700000, 0x0000000084700000, 0x0000000084800000|  0%| F|  |TAMS 0x0000000084700000, 0x0000000084700000| Untracked 
|  46|0x0000000084800000, 0x0000000084800000, 0x0000000084900000|  0%| F|  |TAMS 0x0000000084800000, 0x0000000084800000| Untracked 
|  47|0x0000000084900000, 0x0000000084900000, 0x0000000084a00000|  0%| F|  |TAMS 0x0000000084900000, 0x0000000084900000| Untracked 
|  48|0x0000000084a00000, 0x0000000084a00000, 0x0000000084b00000|  0%| F|  |TAMS 0x0000000084a00000, 0x0000000084a00000| Untracked 
|  49|0x0000000084b00000, 0x0000000084b00000, 0x0000000084c00000|  0%| F|  |TAMS 0x0000000084b00000, 0x0000000084b00000| Untracked 
|  50|0x0000000084c00000, 0x0000000084c00000, 0x0000000084d00000|  0%| F|  |TAMS 0x0000000084c00000, 0x0000000084c00000| Untracked 
|  51|0x0000000084d00000, 0x0000000084d00000, 0x0000000084e00000|  0%| F|  |TAMS 0x0000000084d00000, 0x0000000084d00000| Untracked 
|  52|0x0000000084e00000, 0x0000000084e00000, 0x0000000084f00000|  0%| F|  |TAMS 0x0000000084e00000, 0x0000000084e00000| Untracked 
|  53|0x0000000084f00000, 0x0000000084f00000, 0x0000000085000000|  0%| F|  |TAMS 0x0000000084f00000, 0x0000000084f00000| Untracked 
|  54|0x0000000085000000, 0x0000000085000000, 0x0000000085100000|  0%| F|  |TAMS 0x0000000085000000, 0x0000000085000000| Untracked 
|  55|0x0000000085100000, 0x0000000085100000, 0x0000000085200000|  0%| F|  |TAMS 0x0000000085100000, 0x0000000085100000| Untracked 
|  56|0x0000000085200000, 0x0000000085200000, 0x0000000085300000|  0%| F|  |TAMS 0x0000000085200000, 0x0000000085200000| Untracked 
|  57|0x0000000085300000, 0x0000000085300000, 0x0000000085400000|  0%| F|  |TAMS 0x0000000085300000, 0x0000000085300000| Untracked 
|  58|0x0000000085400000, 0x0000000085400000, 0x0000000085500000|  0%| F|  |TAMS 0x0000000085400000, 0x0000000085400000| Untracked 
|  59|0x0000000085500000, 0x0000000085500000, 0x0000000085600000|  0%| F|  |TAMS 0x0000000085500000, 0x0000000085500000| Untracked 
|  60|0x0000000085600000, 0x0000000085600000, 0x0000000085700000|  0%| F|  |TAMS 0x0000000085600000, 0x0000000085600000| Untracked 
|  61|0x0000000085700000, 0x0000000085700000, 0x0000000085800000|  0%| F|  |TAMS 0x0000000085700000, 0x0000000085700000| Untracked 
|  62|0x0000000085800000, 0x0000000085800000, 0x0000000085900000|  0%| F|  |TAMS 0x0000000085800000, 0x0000000085800000| Untracked 
|  63|0x0000000085900000, 0x0000000085900000, 0x0000000085a00000|  0%| F|  |TAMS 0x0000000085900000, 0x0000000085900000| Untracked 
|  64|0x0000000085a00000, 0x0000000085a00000, 0x0000000085b00000|  0%| F|  |TAMS 0x0000000085a00000, 0x0000000085a00000| Untracked 
|  65|0x0000000085b00000, 0x0000000085b00000, 0x0000000085c00000|  0%| F|  |TAMS 0x0000000085b00000, 0x0000000085b00000| Untracked 
|  66|0x0000000085c00000, 0x0000000085c00000, 0x0000000085d00000|  0%| F|  |TAMS 0x0000000085c00000, 0x0000000085c00000| Untracked 
|  67|0x0000000085d00000, 0x0000000085d00000, 0x0000000085e00000|  0%| F|  |TAMS 0x0000000085d00000, 0x0000000085d00000| Untracked 
|  68|0x0000000085e00000, 0x0000000085e00000, 0x0000000085f00000|  0%| F|  |TAMS 0x0000000085e00000, 0x0000000085e00000| Untracked 
|  69|0x0000000085f00000, 0x0000000085f00000, 0x0000000086000000|  0%| F|  |TAMS 0x0000000085f00000, 0x0000000085f00000| Untracked 
|  70|0x0000000086000000, 0x0000000086000000, 0x0000000086100000|  0%| F|  |TAMS 0x0000000086000000, 0x0000000086000000| Untracked 
|  71|0x0000000086100000, 0x0000000086100000, 0x0000000086200000|  0%| F|  |TAMS 0x0000000086100000, 0x0000000086100000| Untracked 
|  72|0x0000000086200000, 0x0000000086200000, 0x0000000086300000|  0%| F|  |TAMS 0x0000000086200000, 0x0000000086200000| Untracked 
|  73|0x0000000086300000, 0x0000000086300000, 0x0000000086400000|  0%| F|  |TAMS 0x0000000086300000, 0x0000000086300000| Untracked 
|  74|0x0000000086400000, 0x0000000086400000, 0x0000000086500000|  0%| F|  |TAMS 0x0000000086400000, 0x0000000086400000| Untracked 
|  75|0x0000000086500000, 0x0000000086500000, 0x0000000086600000|  0%| F|  |TAMS 0x0000000086500000, 0x0000000086500000| Untracked 
|  76|0x0000000086600000, 0x0000000086600000, 0x0000000086700000|  0%| F|  |TAMS 0x0000000086600000, 0x0000000086600000| Untracked 
|  77|0x0000000086700000, 0x0000000086700000, 0x0000000086800000|  0%| F|  |TAMS 0x0000000086700000, 0x0000000086700000| Untracked 
|  78|0x0000000086800000, 0x0000000086800000, 0x0000000086900000|  0%| F|  |TAMS 0x0000000086800000, 0x0000000086800000| Untracked 
|  79|0x0000000086900000, 0x0000000086900000, 0x0000000086a00000|  0%| F|  |TAMS 0x0000000086900000, 0x0000000086900000| Untracked 
|  80|0x0000000086a00000, 0x0000000086b00000, 0x0000000086b00000|100%| S|CS|TAMS 0x0000000086a00000, 0x0000000086a00000| Complete 
|  81|0x0000000086b00000, 0x0000000086c00000, 0x0000000086c00000|100%| S|CS|TAMS 0x0000000086b00000, 0x0000000086b00000| Complete 
|  82|0x0000000086c00000, 0x0000000086d00000, 0x0000000086d00000|100%| S|CS|TAMS 0x0000000086c00000, 0x0000000086c00000| Complete 
|  83|0x0000000086d00000, 0x0000000086e00000, 0x0000000086e00000|100%| S|CS|TAMS 0x0000000086d00000, 0x0000000086d00000| Complete 
|  84|0x0000000086e00000, 0x0000000086f00000, 0x0000000086f00000|100%| S|CS|TAMS 0x0000000086e00000, 0x0000000086e00000| Complete 
|  85|0x0000000086f00000, 0x0000000087000000, 0x0000000087000000|100%| S|CS|TAMS 0x0000000086f00000, 0x0000000086f00000| Complete 
|  86|0x0000000087000000, 0x0000000087100000, 0x0000000087100000|100%| S|CS|TAMS 0x0000000087000000, 0x0000000087000000| Complete 
|  87|0x0000000087100000, 0x0000000087200000, 0x0000000087200000|100%| S|CS|TAMS 0x0000000087100000, 0x0000000087100000| Complete 
|  88|0x0000000087200000, 0x0000000087300000, 0x0000000087300000|100%| S|CS|TAMS 0x0000000087200000, 0x0000000087200000| Complete 
|  89|0x0000000087300000, 0x0000000087300000, 0x0000000087400000|  0%| F|  |TAMS 0x0000000087300000, 0x0000000087300000| Untracked 
|  90|0x0000000087400000, 0x0000000087400000, 0x0000000087500000|  0%| F|  |TAMS 0x0000000087400000, 0x0000000087400000| Untracked 
|  91|0x0000000087500000, 0x0000000087500000, 0x0000000087600000|  0%| F|  |TAMS 0x0000000087500000, 0x0000000087500000| Untracked 
|  92|0x0000000087600000, 0x0000000087600000, 0x0000000087700000|  0%| F|  |TAMS 0x0000000087600000, 0x0000000087600000| Untracked 
|  93|0x0000000087700000, 0x0000000087700000, 0x0000000087800000|  0%| F|  |TAMS 0x0000000087700000, 0x0000000087700000| Untracked 
|  94|0x0000000087800000, 0x0000000087800000, 0x0000000087900000|  0%| F|  |TAMS 0x0000000087800000, 0x0000000087800000| Untracked 
|  95|0x0000000087900000, 0x0000000087900000, 0x0000000087a00000|  0%| F|  |TAMS 0x0000000087900000, 0x0000000087900000| Untracked 
|  96|0x0000000087a00000, 0x0000000087a00000, 0x0000000087b00000|  0%| F|  |TAMS 0x0000000087a00000, 0x0000000087a00000| Untracked 
|  97|0x0000000087b00000, 0x0000000087b00000, 0x0000000087c00000|  0%| F|  |TAMS 0x0000000087b00000, 0x0000000087b00000| Untracked 
|  98|0x0000000087c00000, 0x0000000087c00000, 0x0000000087d00000|  0%| F|  |TAMS 0x0000000087c00000, 0x0000000087c00000| Untracked 
|  99|0x0000000087d00000, 0x0000000087d00000, 0x0000000087e00000|  0%| F|  |TAMS 0x0000000087d00000, 0x0000000087d00000| Untracked 
| 100|0x0000000087e00000, 0x0000000087e00000, 0x0000000087f00000|  0%| F|  |TAMS 0x0000000087e00000, 0x0000000087e00000| Untracked 
| 101|0x0000000087f00000, 0x0000000087f00000, 0x0000000088000000|  0%| F|  |TAMS 0x0000000087f00000, 0x0000000087f00000| Untracked 
| 102|0x0000000088000000, 0x0000000088000000, 0x0000000088100000|  0%| F|  |TAMS 0x0000000088000000, 0x0000000088000000| Untracked 
| 103|0x0000000088100000, 0x0000000088100000, 0x0000000088200000|  0%| F|  |TAMS 0x0000000088100000, 0x0000000088100000| Untracked 
| 104|0x0000000088200000, 0x0000000088200000, 0x0000000088300000|  0%| F|  |TAMS 0x0000000088200000, 0x0000000088200000| Untracked 
| 105|0x0000000088300000, 0x0000000088300000, 0x0000000088400000|  0%| F|  |TAMS 0x0000000088300000, 0x0000000088300000| Untracked 
| 106|0x0000000088400000, 0x0000000088400000, 0x0000000088500000|  0%| F|  |TAMS 0x0000000088400000, 0x0000000088400000| Untracked 
| 107|0x0000000088500000, 0x0000000088500000, 0x0000000088600000|  0%| F|  |TAMS 0x0000000088500000, 0x0000000088500000| Untracked 
| 108|0x0000000088600000, 0x0000000088600000, 0x0000000088700000|  0%| F|  |TAMS 0x0000000088600000, 0x0000000088600000| Untracked 
| 109|0x0000000088700000, 0x0000000088700000, 0x0000000088800000|  0%| F|  |TAMS 0x0000000088700000, 0x0000000088700000| Untracked 
| 110|0x0000000088800000, 0x0000000088800000, 0x0000000088900000|  0%| F|  |TAMS 0x0000000088800000, 0x0000000088800000| Untracked 
| 111|0x0000000088900000, 0x0000000088900000, 0x0000000088a00000|  0%| F|  |TAMS 0x0000000088900000, 0x0000000088900000| Untracked 
| 112|0x0000000088a00000, 0x0000000088a00000, 0x0000000088b00000|  0%| F|  |TAMS 0x0000000088a00000, 0x0000000088a00000| Untracked 
| 113|0x0000000088b00000, 0x0000000088b00000, 0x0000000088c00000|  0%| F|  |TAMS 0x0000000088b00000, 0x0000000088b00000| Untracked 
| 114|0x0000000088c00000, 0x0000000088c00000, 0x0000000088d00000|  0%| F|  |TAMS 0x0000000088c00000, 0x0000000088c00000| Untracked 
| 115|0x0000000088d00000, 0x0000000088d00000, 0x0000000088e00000|  0%| F|  |TAMS 0x0000000088d00000, 0x0000000088d00000| Untracked 
| 116|0x0000000088e00000, 0x0000000088e00000, 0x0000000088f00000|  0%| F|  |TAMS 0x0000000088e00000, 0x0000000088e00000| Untracked 
| 117|0x0000000088f00000, 0x0000000088f00000, 0x0000000089000000|  0%| F|  |TAMS 0x0000000088f00000, 0x0000000088f00000| Untracked 
| 118|0x0000000089000000, 0x0000000089000000, 0x0000000089100000|  0%| F|  |TAMS 0x0000000089000000, 0x0000000089000000| Untracked 
| 119|0x0000000089100000, 0x0000000089100000, 0x0000000089200000|  0%| F|  |TAMS 0x0000000089100000, 0x0000000089100000| Untracked 
| 120|0x0000000089200000, 0x0000000089200000, 0x0000000089300000|  0%| F|  |TAMS 0x0000000089200000, 0x0000000089200000| Untracked 
| 121|0x0000000089300000, 0x0000000089300000, 0x0000000089400000|  0%| F|  |TAMS 0x0000000089300000, 0x0000000089300000| Untracked 
| 122|0x0000000089400000, 0x0000000089400000, 0x0000000089500000|  0%| F|  |TAMS 0x0000000089400000, 0x0000000089400000| Untracked 
| 123|0x0000000089500000, 0x0000000089500000, 0x0000000089600000|  0%| F|  |TAMS 0x0000000089500000, 0x0000000089500000| Untracked 
| 124|0x0000000089600000, 0x0000000089600000, 0x0000000089700000|  0%| F|  |TAMS 0x0000000089600000, 0x0000000089600000| Untracked 
| 125|0x0000000089700000, 0x0000000089700000, 0x0000000089800000|  0%| F|  |TAMS 0x0000000089700000, 0x0000000089700000| Untracked 
| 126|0x0000000089800000, 0x0000000089800000, 0x0000000089900000|  0%| F|  |TAMS 0x0000000089800000, 0x0000000089800000| Untracked 
| 127|0x0000000089900000, 0x0000000089900000, 0x0000000089a00000|  0%| F|  |TAMS 0x0000000089900000, 0x0000000089900000| Untracked 
| 128|0x0000000089a00000, 0x0000000089a00000, 0x0000000089b00000|  0%| F|  |TAMS 0x0000000089a00000, 0x0000000089a00000| Untracked 
| 129|0x0000000089b00000, 0x0000000089b00000, 0x0000000089c00000|  0%| F|  |TAMS 0x0000000089b00000, 0x0000000089b00000| Untracked 
| 130|0x0000000089c00000, 0x0000000089c00000, 0x0000000089d00000|  0%| F|  |TAMS 0x0000000089c00000, 0x0000000089c00000| Untracked 
| 131|0x0000000089d00000, 0x0000000089d00000, 0x0000000089e00000|  0%| F|  |TAMS 0x0000000089d00000, 0x0000000089d00000| Untracked 
| 132|0x0000000089e00000, 0x0000000089e00000, 0x0000000089f00000|  0%| F|  |TAMS 0x0000000089e00000, 0x0000000089e00000| Untracked 
| 133|0x0000000089f00000, 0x0000000089f00000, 0x000000008a000000|  0%| F|  |TAMS 0x0000000089f00000, 0x0000000089f00000| Untracked 
| 134|0x000000008a000000, 0x000000008a000000, 0x000000008a100000|  0%| F|  |TAMS 0x000000008a000000, 0x000000008a000000| Untracked 
| 135|0x000000008a100000, 0x000000008a100000, 0x000000008a200000|  0%| F|  |TAMS 0x000000008a100000, 0x000000008a100000| Untracked 
| 136|0x000000008a200000, 0x000000008a200000, 0x000000008a300000|  0%| F|  |TAMS 0x000000008a200000, 0x000000008a200000| Untracked 
| 137|0x000000008a300000, 0x000000008a300000, 0x000000008a400000|  0%| F|  |TAMS 0x000000008a300000, 0x000000008a300000| Untracked 
| 138|0x000000008a400000, 0x000000008a400000, 0x000000008a500000|  0%| F|  |TAMS 0x000000008a400000, 0x000000008a400000| Untracked 
| 139|0x000000008a500000, 0x000000008a500000, 0x000000008a600000|  0%| F|  |TAMS 0x000000008a500000, 0x000000008a500000| Untracked 
| 140|0x000000008a600000, 0x000000008a600000, 0x000000008a700000|  0%| F|  |TAMS 0x000000008a600000, 0x000000008a600000| Untracked 
| 141|0x000000008a700000, 0x000000008a700000, 0x000000008a800000|  0%| F|  |TAMS 0x000000008a700000, 0x000000008a700000| Untracked 
| 142|0x000000008a800000, 0x000000008a800000, 0x000000008a900000|  0%| F|  |TAMS 0x000000008a800000, 0x000000008a800000| Untracked 
| 143|0x000000008a900000, 0x000000008a900000, 0x000000008aa00000|  0%| F|  |TAMS 0x000000008a900000, 0x000000008a900000| Untracked 
| 144|0x000000008aa00000, 0x000000008aa00000, 0x000000008ab00000|  0%| F|  |TAMS 0x000000008aa00000, 0x000000008aa00000| Untracked 
| 145|0x000000008ab00000, 0x000000008ab00000, 0x000000008ac00000|  0%| F|  |TAMS 0x000000008ab00000, 0x000000008ab00000| Untracked 
| 146|0x000000008ac00000, 0x000000008ac00000, 0x000000008ad00000|  0%| F|  |TAMS 0x000000008ac00000, 0x000000008ac00000| Untracked 
| 147|0x000000008ad00000, 0x000000008ad00000, 0x000000008ae00000|  0%| F|  |TAMS 0x000000008ad00000, 0x000000008ad00000| Untracked 
| 148|0x000000008ae00000, 0x000000008ae00000, 0x000000008af00000|  0%| F|  |TAMS 0x000000008ae00000, 0x000000008ae00000| Untracked 
| 149|0x000000008af00000, 0x000000008af00000, 0x000000008b000000|  0%| F|  |TAMS 0x000000008af00000, 0x000000008af00000| Untracked 
| 150|0x000000008b000000, 0x000000008b000000, 0x000000008b100000|  0%| F|  |TAMS 0x000000008b000000, 0x000000008b000000| Untracked 
| 151|0x000000008b100000, 0x000000008b100000, 0x000000008b200000|  0%| F|  |TAMS 0x000000008b100000, 0x000000008b100000| Untracked 
| 152|0x000000008b200000, 0x000000008b200000, 0x000000008b300000|  0%| F|  |TAMS 0x000000008b200000, 0x000000008b200000| Untracked 
| 153|0x000000008b300000, 0x000000008b300000, 0x000000008b400000|  0%| F|  |TAMS 0x000000008b300000, 0x000000008b300000| Untracked 

Card table byte_map: [0x000001b82a340000,0x000001b82a740000] _byte_map_base: 0x000001b829f33000

Marking Bits (Prev, Next): (CMBitMap*) 0x000001b816a086f0, (CMBitMap*) 0x000001b816a086b8
 Prev Bits: [0x000001b82cae0000, 0x000001b82ea78000)
 Next Bits: [0x000001b82ab40000, 0x000001b82cad8000)

Polling page: 0x000001b815180000

Metaspace:

Usage:
  Non-class:     62.26 MB capacity,    61.87 MB (>99%) used,   297.43 KB ( <1%) free+waste,   104.00 KB ( <1%) overhead. 
      Class:      7.95 MB capacity,     7.70 MB ( 97%) used,   214.88 KB (  3%) free+waste,    42.31 KB ( <1%) overhead. 
       Both:     70.21 MB capacity,    69.57 MB (>99%) used,   512.30 KB ( <1%) free+waste,   146.31 KB ( <1%) overhead. 

Virtual space:
  Non-class space:       64.00 MB reserved,      62.34 MB ( 97%) committed 
      Class space:        1.00 GB reserved,       8.00 MB ( <1%) committed 
             Both:        1.06 GB reserved,      70.34 MB (  6%) committed 

Chunk freelists:
   Non-Class:  19.00 KB
       Class:  20.00 KB
        Both:  39.00 KB

MaxMetaspaceSize: 17179869184.00 GB
CompressedClassSpaceSize: 1.00 GB
Initial GC threshold: 20.80 MB
Current GC threshold: 100.15 MB
CDS: off

CodeHeap 'non-profiled nmethods': size=120000Kb used=4621Kb max_used=4621Kb free=115378Kb
 bounds [0x000001b821fb0000, 0x000001b822440000, 0x000001b8294e0000]
CodeHeap 'profiled nmethods': size=120000Kb used=25066Kb max_used=25066Kb free=94933Kb
 bounds [0x000001b81aa80000, 0x000001b81c300000, 0x000001b821fb0000]
CodeHeap 'non-nmethods': size=5760Kb used=1375Kb max_used=1409Kb free=4385Kb
 bounds [0x000001b81a4e0000, 0x000001b81a750000, 0x000001b81aa80000]
 total_blobs=9651 nmethods=8981 adapters=579
 compilation: enabled
              stopped_count=0, restarted_count=0
 full_count=0

Compilation events (20 events):
Event: 6.576 Thread 0x000001b831581800 nmethod 8999 0x000001b81c2f5690 code [0x000001b81c2f59e0, 0x000001b81c2f6d78]
Event: 6.576 Thread 0x000001b831581800 9001       3       org.jetbrains.kotlin.backend.common.BodyLoweringVisitor::visitElement (13 bytes)
Event: 6.576 Thread 0x000001b832080000 9004       4       org.jetbrains.kotlin.backend.common.ClassLoweringVisitor::visitElement (15 bytes)
Event: 6.577 Thread 0x000001b831581800 nmethod 9001 0x000001b81c2f7390 code [0x000001b81c2f75e0, 0x000001b81c2f7de8]
Event: 6.577 Thread 0x000001b831581800 9002       3       org.jetbrains.kotlin.backend.common.BodyLoweringVisitor::visitElement (18 bytes)
Event: 6.577 Thread 0x000001b832080000 nmethod 9004 0x000001b822432b10 code [0x000001b822432ca0, 0x000001b822432d38]
Event: 6.577 Thread 0x000001b831581800 nmethod 9002 0x000001b81c2f8090 code [0x000001b81c2f82c0, 0x000001b81c2f8928]
Event: 6.577 Thread 0x000001b831581800 8998       1       org.jetbrains.kotlin.codegen.state.GenerationState::isInlineDisabled (5 bytes)
Event: 6.577 Thread 0x000001b831581800 nmethod 8998 0x000001b822432e10 code [0x000001b822432fc0, 0x000001b822433078]
Event: 6.577 Thread 0x000001b831581800 9000       3       java.util.LinkedHashMap::<init> (16 bytes)
Event: 6.577 Thread 0x000001b831581800 nmethod 9000 0x000001b81c2f8b90 code [0x000001b81c2f8d60, 0x000001b81c2f8fc8]
Event: 6.577 Thread 0x000001b831581800 9003       3       org.jetbrains.kotlin.ir.declarations.IrConstructor::accept (15 bytes)
Event: 6.577 Thread 0x000001b83157c800 9007       4       org.jetbrains.kotlin.name.FqName::shortName (17 bytes)
Event: 6.577 Thread 0x000001b831581800 nmethod 9003 0x000001b81c2f9110 code [0x000001b81c2f9340, 0x000001b81c2f99a8]
Event: 6.577 Thread 0x000001b831581800 9006       3       org.jetbrains.kotlin.name.JvmNames::getJVM_OVERLOADS_FQ_NAME (4 bytes)
Event: 6.577 Thread 0x000001b831581800 nmethod 9006 0x000001b81c2f9c10 code [0x000001b81c2f9dc0, 0x000001b81c2f9ed8]
Event: 6.577 Thread 0x000001b831581800 9005       3       org.jetbrains.kotlin.ir.visitors.IrElementTransformer$DefaultImpls::visitExpression (14 bytes)
Event: 6.578 Thread 0x000001b83157c800 nmethod 9007 0x000001b822433110 code [0x000001b8224332c0, 0x000001b822433368]
Event: 6.578 Thread 0x000001b831581800 nmethod 9005 0x000001b81c2f9f90 code [0x000001b81c2fa1c0, 0x000001b81c2fa808]
Event: 6.578 Thread 0x000001b831581800 9008       3       org.jetbrains.kotlin.backend.common.ClassLoweringVisitor::visitFunctionAccess (6 bytes)

GC Heap History (17 events):
Event: 0.531 GC heap before
{Heap before GC invocations=0 (full 0):
 garbage-first heap   total 131072K, used 27648K [0x0000000081a00000, 0x0000000100000000)
  region size 1024K, 24 young (24576K), 0 survivors (0K)
 Metaspace       used 12512K, capacity 12689K, committed 12800K, reserved 1060864K
  class space    used 1143K, capacity 1182K, committed 1280K, reserved 1048576K
}
Event: 0.534 GC heap after
{Heap after GC invocations=1 (full 0):
 garbage-first heap   total 131072K, used 6329K [0x0000000081a00000, 0x0000000100000000)
  region size 1024K, 3 young (3072K), 3 survivors (3072K)
 Metaspace       used 12512K, capacity 12689K, committed 12800K, reserved 1060864K
  class space    used 1143K, capacity 1182K, committed 1280K, reserved 1048576K
}
Event: 1.054 GC heap before
{Heap before GC invocations=1 (full 0):
 garbage-first heap   total 131072K, used 41145K [0x0000000081a00000, 0x0000000100000000)
  region size 1024K, 38 young (38912K), 3 survivors (3072K)
 Metaspace       used 20987K, capacity 21190K, committed 21248K, reserved 1069056K
  class space    used 2223K, capacity 2302K, committed 2304K, reserved 1048576K
}
Event: 1.064 GC heap after
{Heap after GC invocations=2 (full 0):
 garbage-first heap   total 131072K, used 10087K [0x0000000081a00000, 0x0000000100000000)
  region size 1024K, 7 young (7168K), 7 survivors (7168K)
 Metaspace       used 20987K, capacity 21190K, committed 21248K, reserved 1069056K
  class space    used 2223K, capacity 2302K, committed 2304K, reserved 1048576K
}
Event: 1.721 GC heap before
{Heap before GC invocations=3 (full 0):
 garbage-first heap   total 131072K, used 62311K [0x0000000081a00000, 0x0000000100000000)
  region size 1024K, 53 young (54272K), 7 survivors (7168K)
 Metaspace       used 31942K, capacity 32381K, committed 32636K, reserved 1077248K
  class space    used 3998K, capacity 4177K, committed 4220K, reserved 1048576K
}
Event: 1.737 GC heap after
{Heap after GC invocations=4 (full 0):
 garbage-first heap   total 131072K, used 20386K [0x0000000081a00000, 0x0000000100000000)
  region size 1024K, 7 young (7168K), 7 survivors (7168K)
 Metaspace       used 31942K, capacity 32381K, committed 32636K, reserved 1077248K
  class space    used 3998K, capacity 4177K, committed 4220K, reserved 1048576K
}
Event: 1.930 GC heap before
{Heap before GC invocations=4 (full 0):
 garbage-first heap   total 131072K, used 36770K [0x0000000081a00000, 0x0000000100000000)
  region size 1024K, 24 young (24576K), 7 survivors (7168K)
 Metaspace       used 35418K, capacity 35853K, committed 36048K, reserved 1081344K
  class space    used 4395K, capacity 4567K, committed 4604K, reserved 1048576K
}
Event: 1.938 GC heap after
{Heap after GC invocations=5 (full 0):
 garbage-first heap   total 131072K, used 22712K [0x0000000081a00000, 0x0000000100000000)
  region size 1024K, 2 young (2048K), 2 survivors (2048K)
 Metaspace       used 35418K, capacity 35853K, committed 36048K, reserved 1081344K
  class space    used 4395K, capacity 4567K, committed 4604K, reserved 1048576K
}
Event: 2.583 GC heap before
{Heap before GC invocations=6 (full 0):
 garbage-first heap   total 131072K, used 69816K [0x0000000081a00000, 0x0000000100000000)
  region size 1024K, 48 young (49152K), 2 survivors (2048K)
 Metaspace       used 45458K, capacity 45963K, committed 46364K, reserved 1089536K
  class space    used 5409K, capacity 5609K, committed 5756K, reserved 1048576K
}
Event: 2.592 GC heap after
{Heap after GC invocations=7 (full 0):
 garbage-first heap   total 157696K, used 26555K [0x0000000081a00000, 0x0000000100000000)
  region size 1024K, 6 young (6144K), 6 survivors (6144K)
 Metaspace       used 45458K, capacity 45963K, committed 46364K, reserved 1089536K
  class space    used 5409K, capacity 5609K, committed 5756K, reserved 1048576K
}
Event: 3.229 GC heap before
{Heap before GC invocations=7 (full 0):
 garbage-first heap   total 157696K, used 83899K [0x0000000081a00000, 0x0000000100000000)
  region size 1024K, 61 young (62464K), 6 survivors (6144K)
 Metaspace       used 50168K, capacity 50707K, committed 50972K, reserved 1093632K
  class space    used 5896K, capacity 6119K, committed 6268K, reserved 1048576K
}
Event: 3.240 GC heap after
{Heap after GC invocations=8 (full 0):
 garbage-first heap   total 157696K, used 32672K [0x0000000081a00000, 0x0000000100000000)
  region size 1024K, 6 young (6144K), 6 survivors (6144K)
 Metaspace       used 50168K, capacity 50707K, committed 50972K, reserved 1093632K
  class space    used 5896K, capacity 6119K, committed 6268K, reserved 1048576K
}
Event: 4.389 GC heap before
{Heap before GC invocations=8 (full 0):
 garbage-first heap   total 157696K, used 94112K [0x0000000081a00000, 0x0000000100000000)
  region size 1024K, 66 young (67584K), 6 survivors (6144K)
 Metaspace       used 55593K, capacity 56144K, committed 56220K, reserved 1099776K
  class space    used 6371K, capacity 6608K, committed 6652K, reserved 1048576K
}
Event: 4.410 GC heap after
{Heap after GC invocations=9 (full 0):
 garbage-first heap   total 157696K, used 41232K [0x0000000081a00000, 0x0000000100000000)
  region size 1024K, 9 young (9216K), 9 survivors (9216K)
 Metaspace       used 55593K, capacity 56144K, committed 56220K, reserved 1099776K
  class space    used 6371K, capacity 6608K, committed 6652K, reserved 1048576K
}
Event: 5.597 GC heap before
{Heap before GC invocations=9 (full 0):
 garbage-first heap   total 157696K, used 81168K [0x0000000081a00000, 0x0000000100000000)
  region size 1024K, 49 young (50176K), 9 survivors (9216K)
 Metaspace       used 59985K, capacity 60554K, committed 60636K, reserved 1103872K
  class space    used 6710K, capacity 6957K, committed 7036K, reserved 1048576K
}
Event: 5.611 GC heap after
{Heap after GC invocations=10 (full 0):
 garbage-first heap   total 157696K, used 46029K [0x0000000081a00000, 0x0000000100000000)
  region size 1024K, 5 young (5120K), 5 survivors (5120K)
 Metaspace       used 59985K, capacity 60554K, committed 60636K, reserved 1103872K
  class space    used 6710K, capacity 6957K, committed 7036K, reserved 1048576K
}
Event: 6.578 GC heap before
{Heap before GC invocations=11 (full 0):
 garbage-first heap   total 157696K, used 107469K [0x0000000081a00000, 0x0000000100000000)
  region size 1024K, 65 young (66560K), 5 survivors (5120K)
 Metaspace       used 71238K, capacity 71897K, committed 72028K, reserved 1114112K
  class space    used 7882K, capacity 8140K, committed 8188K, reserved 1048576K
}

Deoptimization events (20 events):
Event: 6.544 Thread 0x000001b8169c9000 Uncommon trap: trap_request=0xffffffde fr.pc=0x000001b82240e7a0 relative=0x00000000000011e0
Event: 6.544 Thread 0x000001b8169c9000 Uncommon trap: reason=class_check action=maybe_recompile pc=0x000001b82240e7a0 method=org.jetbrains.kotlin.ir.declarations.IrFunction.transformChildren(Lorg/jetbrains/kotlin/ir/visitors/IrElementTransformer;Ljava/lang/Object;)V @ 87 c2
Event: 6.544 Thread 0x000001b8169c9000 DEOPT PACKING pc=0x000001b82240e7a0 sp=0x00000062335fd7b0
Event: 6.544 Thread 0x000001b8169c9000 DEOPT UNPACKING pc=0x000001b81a52a1af sp=0x00000062335fd7a0 mode 2
Event: 6.544 Thread 0x000001b8169c9000 Uncommon trap: trap_request=0xffffffde fr.pc=0x000001b82240e7a0 relative=0x00000000000011e0
Event: 6.544 Thread 0x000001b8169c9000 Uncommon trap: reason=class_check action=maybe_recompile pc=0x000001b82240e7a0 method=org.jetbrains.kotlin.ir.declarations.IrFunction.transformChildren(Lorg/jetbrains/kotlin/ir/visitors/IrElementTransformer;Ljava/lang/Object;)V @ 87 c2
Event: 6.544 Thread 0x000001b8169c9000 DEOPT PACKING pc=0x000001b82240e7a0 sp=0x00000062335fd7b0
Event: 6.544 Thread 0x000001b8169c9000 DEOPT UNPACKING pc=0x000001b81a52a1af sp=0x00000062335fd7a0 mode 2
Event: 6.544 Thread 0x000001b8169c9000 Uncommon trap: trap_request=0xffffffde fr.pc=0x000001b82240e7a0 relative=0x00000000000011e0
Event: 6.544 Thread 0x000001b8169c9000 Uncommon trap: reason=class_check action=maybe_recompile pc=0x000001b82240e7a0 method=org.jetbrains.kotlin.ir.declarations.IrFunction.transformChildren(Lorg/jetbrains/kotlin/ir/visitors/IrElementTransformer;Ljava/lang/Object;)V @ 87 c2
Event: 6.544 Thread 0x000001b8169c9000 DEOPT PACKING pc=0x000001b82240e7a0 sp=0x00000062335fd7b0
Event: 6.544 Thread 0x000001b8169c9000 DEOPT UNPACKING pc=0x000001b81a52a1af sp=0x00000062335fd7a0 mode 2
Event: 6.545 Thread 0x000001b8169c9000 Uncommon trap: trap_request=0xffffffde fr.pc=0x000001b82240b7a0 relative=0x00000000000005c0
Event: 6.545 Thread 0x000001b8169c9000 Uncommon trap: reason=class_check action=maybe_recompile pc=0x000001b82240b7a0 method=org.jetbrains.kotlin.ir.declarations.IrFunction.acceptChildren(Lorg/jetbrains/kotlin/ir/visitors/IrElementVisitor;Ljava/lang/Object;)V @ 172 c2
Event: 6.545 Thread 0x000001b8169c9000 DEOPT PACKING pc=0x000001b82240b7a0 sp=0x00000062335fd200
Event: 6.545 Thread 0x000001b8169c9000 DEOPT UNPACKING pc=0x000001b81a52a1af sp=0x00000062335fd178 mode 2
Event: 6.545 Thread 0x000001b8169c9000 Uncommon trap: trap_request=0xffffffde fr.pc=0x000001b82240b818 relative=0x0000000000000638
Event: 6.545 Thread 0x000001b8169c9000 Uncommon trap: reason=class_check action=maybe_recompile pc=0x000001b82240b818 method=org.jetbrains.kotlin.ir.declarations.IrFunction.acceptChildren(Lorg/jetbrains/kotlin/ir/visitors/IrElementVisitor;Ljava/lang/Object;)V @ 106 c2
Event: 6.545 Thread 0x000001b8169c9000 DEOPT PACKING pc=0x000001b82240b818 sp=0x00000062335fd740
Event: 6.545 Thread 0x000001b8169c9000 DEOPT UNPACKING pc=0x000001b81a52a1af sp=0x00000062335fd6c8 mode 2

Classes redefined (0 events):
No events

Internal exceptions (20 events):
Event: 4.323 Thread 0x000001b8169c9000 Implicit null exception at 0x000001b8220f654c to 0x000001b8220f6628
Event: 4.332 Thread 0x000001b8169c9000 Implicit null exception at 0x000001b82201992f to 0x000001b82201999d
Event: 4.366 Thread 0x000001b8169c9000 Exception <a 'java/lang/NoSuchMethodError'{0x000000008723d220}: 'int java.lang.invoke.DirectMethodHandle$Holder.invokeStaticInit(java.lang.Object, int)'> (0x000000008723d220) thrown at [./src/hotspot/share/interpreter/linkResolver.cpp, line 773]
Event: 4.417 Thread 0x000001b8169c9000 Implicit null exception at 0x000001b82222a15c to 0x000001b82222aaa0
Event: 4.647 Thread 0x000001b8169c9000 Implicit null exception at 0x000001b822011cf5 to 0x000001b822011ebc
Event: 4.839 Thread 0x000001b8169c9000 Exception <a 'java/lang/NoSuchMethodError'{0x000000008a437308}: 'java.lang.Object java.lang.invoke.DirectMethodHandle$Holder.invokeStatic(java.lang.Object, int, java.lang.Object, java.lang.Object)'> (0x000000008a437308) thrown at [./src/hotspot/share/interpreter/linkResolver.cpp, line 773]
Event: 4.840 Thread 0x000001b8169c9000 Exception <a 'java/lang/NoSuchMethodError'{0x000000008a441f40}: 'int java.lang.invoke.DirectMethodHandle$Holder.invokeInterface(java.lang.Object, java.lang.Object)'> (0x000000008a441f40) thrown at [./src/hotspot/share/interpreter/linkResolver.cpp, line 773]
Event: 4.990 Thread 0x000001b8169c9000 Exception <a 'java/lang/NoSuchMethodError'{0x0000000089f65f50}: 'java.lang.Object java.lang.invoke.Invokers$Holder.linkToTargetMethod(java.lang.Object, java.lang.Object, java.lang.Object, java.lang.Object, java.lang.Object, java.lang.Object, java.lang.Object)'> (0x0000000089f65f50) thrown at [./src/hotspot/share/interpreter/linkResolver.cpp, line 773]
Event: 5.713 Thread 0x000001b8169c9000 Exception <a 'java/lang/NoSuchMethodError'{0x000000008acb8808}: 'int java.lang.invoke.DirectMethodHandle$Holder.invokeStaticInit(java.lang.Object, java.lang.Object, java.lang.Object, java.lang.Object)'> (0x000000008acb8808) thrown at [./src/hotspot/share/interpreter/linkResolver.cpp, line 773]
Event: 5.722 Thread 0x000001b8169c9000 Implicit null exception at 0x000001b82200c078 to 0x000001b82200c10a
Event: 5.754 Thread 0x000001b8169c9000 Exception <a 'java/lang/NoSuchMethodError'{0x000000008a9aa140}: 'java.lang.Object java.lang.invoke.DirectMethodHandle$Holder.invokeStatic(java.lang.Object, java.lang.Object, java.lang.Object, int, int, java.lang.Object, java.lang.Object, java.lang.Object)'> (0x000000008a9aa140) thrown at [./src/hotspot/share/interpreter/linkResolver.cpp, line 773]
Event: 5.755 Thread 0x000001b8169c9000 Exception <a 'java/lang/NoSuchMethodError'{0x000000008a9b46e0}: 'java.lang.Object java.lang.invoke.DirectMethodHandle$Holder.invokeStatic(java.lang.Object, java.lang.Object, java.lang.Object, int, int)'> (0x000000008a9b46e0) thrown at [./src/hotspot/share/interpreter/linkResolver.cpp, line 773]
Event: 5.755 Thread 0x000001b8169c9000 Exception <a 'java/lang/NoSuchMethodError'{0x000000008a9b7f70}: 'java.lang.Object java.lang.invoke.DirectMethodHandle$Holder.invokeSpecial(java.lang.Object, java.lang.Object, java.lang.Object, java.lang.Object, int, int)'> (0x000000008a9b7f70) thrown at [./src/hotspot/share/interpreter/linkResolver.cpp, line 773]
Event: 5.756 Thread 0x000001b8169c9000 Exception <a 'java/lang/NoSuchMethodError'{0x000000008a9bb078}: 'java.lang.Object java.lang.invoke.Invokers$Holder.linkToTargetMethod(java.lang.Object, java.lang.Object, int, int, java.lang.Object)'> (0x000000008a9bb078) thrown at [./src/hotspot/share/interpreter/linkResolver.cpp, line 773]
Event: 5.772 Thread 0x000001b8169c9000 Exception <a 'java/lang/NoSuchMethodError'{0x000000008a868a18}: 'java.lang.Object java.lang.invoke.DirectMethodHandle$Holder.invokeStatic(java.lang.Object, java.lang.Object, java.lang.Object, int, int, java.lang.Object, java.lang.Object, java.lang.Object, java.lang.Object)'> (0x000000008a868a18) thrown at [./src/hotspot/share/interpreter/linkResolver.cpp, line 773]
Event: 5.788 Thread 0x000001b8169c9000 Exception <a 'java/lang/NoSuchMethodError'{0x000000008a726dd0}: 'java.lang.Object java.lang.invoke.DirectMethodHandle$Holder.invokeStatic(java.lang.Object, java.lang.Object, java.lang.Object, int, int, java.lang.Object, java.lang.Object)'> (0x000000008a726dd0) thrown at [./src/hotspot/share/interpreter/linkResolver.cpp, line 773]
Event: 5.788 Thread 0x000001b8169c9000 Exception <a 'java/lang/NoSuchMethodError'{0x000000008a72a9e8}: 'java.lang.Object java.lang.invoke.DirectMethodHandle$Holder.invokeSpecial(java.lang.Object, java.lang.Object, java.lang.Object, java.lang.Object, int, int, java.lang.Object, java.lang.Object)'> (0x000000008a72a9e8) thrown at [./src/hotspot/share/interpreter/linkResolver.cpp, line 773]
Event: 5.788 Thread 0x000001b8169c9000 Exception <a 'java/lang/NoSuchMethodError'{0x000000008a72ddf8}: 'java.lang.Object java.lang.invoke.Invokers$Holder.linkToTargetMethod(java.lang.Object, java.lang.Object, int, int, java.lang.Object, java.lang.Object, java.lang.Object)'> (0x000000008a72ddf8) thrown at [./src/hotspot/share/interpreter/linkResolver.cpp, line 773]
Event: 5.802 Thread 0x000001b8169c9000 Implicit null exception at 0x000001b822020a74 to 0x000001b822020c8c
Event: 5.916 Thread 0x000001b8169c9000 Exception <a 'java/lang/NoSuchMethodError'{0x000000008a103118}: 'java.lang.Object java.lang.invoke.DirectMethodHandle$Holder.invokeSpecial(java.lang.Object, java.lang.Object, int, int, java.lang.Object, java.lang.Object, java.lang.Object, java.lang.Object, java.lang.Object)'> (0x000000008a103118) thrown at [./src/hotspot/share/interpreter/linkResolver.cpp, line 773]

Events (20 events):
Event: 6.564 loading class org/jetbrains/kotlin/backend/jvm/JvmLoweredDeclarationOrigin$JVM_OVERLOADS_WRAPPER done
Event: 6.565 loading class org/jetbrains/kotlin/ir/declarations/IrDeclarationOrigin$BRIDGE
Event: 6.565 loading class org/jetbrains/kotlin/ir/declarations/IrDeclarationOrigin$BRIDGE done
Event: 6.565 loading class org/jetbrains/kotlin/ir/declarations/IrDeclarationOrigin$BRIDGE_SPECIAL
Event: 6.565 loading class org/jetbrains/kotlin/ir/declarations/IrDeclarationOrigin$BRIDGE_SPECIAL done
Event: 6.565 loading class org/jetbrains/kotlin/backend/jvm/MultifileFacadesKt
Event: 6.565 loading class org/jetbrains/kotlin/backend/jvm/MultifileFacadesKt done
Event: 6.565 loading class org/jetbrains/kotlin/backend/common/lower/KotlinNothingValueExceptionLowering$Transformer
Event: 6.565 loading class org/jetbrains/kotlin/backend/common/lower/KotlinNothingValueExceptionLowering$Transformer done
Event: 6.566 loading class org/jetbrains/kotlin/backend/jvm/lower/MakePropertyDelegateMethodsStaticLowering
Event: 6.566 loading class org/jetbrains/kotlin/backend/jvm/lower/MakePropertyDelegateMethodsStaticLowering done
Event: 6.566 loading class org/jetbrains/kotlin/backend/jvm/lower/RenameFieldsLowering
Event: 6.566 loading class org/jetbrains/kotlin/backend/jvm/lower/RenameFieldsLowering done
Event: 6.567 loading class org/jetbrains/kotlin/backend/jvm/lower/RenameFieldsLowering$lower$$inlined$sortBy$1
Event: 6.567 loading class org/jetbrains/kotlin/backend/jvm/lower/RenameFieldsLowering$lower$$inlined$sortBy$1 done
Event: 6.567 loading class org/jetbrains/kotlin/backend/jvm/lower/FakeInliningLocalVariablesLowering
Event: 6.567 loading class org/jetbrains/kotlin/backend/jvm/lower/FakeInliningLocalVariablesLowering done
Event: 6.567 Executing VM operation: Deoptimize
Event: 6.568 Executing VM operation: Deoptimize done
Event: 6.578 Executing VM operation: G1CollectForAllocation


Dynamic libraries:
0x00007ff6b17f0000 - 0x00007ff6b17fa000 	C:\Program Files\Android\Android Studio\jre\bin\java.exe
0x00007ffcb1210000 - 0x00007ffcb1407000 	C:\Windows\SYSTEM32\ntdll.dll
0x00007ffcaf770000 - 0x00007ffcaf82d000 	C:\Windows\System32\KERNEL32.DLL
0x00007ffcae9c0000 - 0x00007ffcaec8d000 	C:\Windows\System32\KERNELBASE.dll
0x00007ffcaec90000 - 0x00007ffcaed90000 	C:\Windows\System32\ucrtbase.dll
0x00007ffca9380000 - 0x00007ffca9397000 	C:\Program Files\Android\Android Studio\jre\bin\VCRUNTIME140.dll
0x00007ffca8f70000 - 0x00007ffca8f89000 	C:\Program Files\Android\Android Studio\jre\bin\jli.dll
0x00007ffcb06f0000 - 0x00007ffcb0890000 	C:\Windows\System32\USER32.dll
0x00007ffcaed90000 - 0x00007ffcaedb2000 	C:\Windows\System32\win32u.dll
0x00007ffc93f20000 - 0x00007ffc941ba000 	C:\Windows\WinSxS\amd64_microsoft.windows.common-controls_6595b64144ccf1df_6.0.19041.1110_none_60b5254171f9507e\COMCTL32.dll
0x00007ffcaf270000 - 0x00007ffcaf29a000 	C:\Windows\System32\GDI32.dll
0x00007ffcafb50000 - 0x00007ffcafbee000 	C:\Windows\System32\msvcrt.dll
0x00007ffcaefb0000 - 0x00007ffcaf0bb000 	C:\Windows\System32\gdi32full.dll
0x00007ffcaedc0000 - 0x00007ffcaee5d000 	C:\Windows\System32\msvcp_win.dll
0x00007ffcb06c0000 - 0x00007ffcb06f0000 	C:\Windows\System32\IMM32.DLL
0x00007ffc89870000 - 0x00007ffc8990d000 	C:\Program Files\Android\Android Studio\jre\bin\msvcp140.dll
0x00007ffc381b0000 - 0x00007ffc38c95000 	C:\Program Files\Android\Android Studio\jre\bin\server\jvm.dll
0x00007ffcb0970000 - 0x00007ffcb0a1e000 	C:\Windows\System32\ADVAPI32.dll
0x00007ffcaff50000 - 0x00007ffcaffec000 	C:\Windows\System32\sechost.dll
0x00007ffcb0590000 - 0x00007ffcb06b5000 	C:\Windows\System32\RPCRT4.dll
0x00007ffcafff0000 - 0x00007ffcafff8000 	C:\Windows\System32\PSAPI.DLL
0x00007ffca6870000 - 0x00007ffca6879000 	C:\Windows\SYSTEM32\WSOCK32.dll
0x00007ffc95df0000 - 0x00007ffc95e17000 	C:\Windows\SYSTEM32\WINMM.dll
0x00007ffca8440000 - 0x00007ffca844a000 	C:\Windows\SYSTEM32\VERSION.dll
0x00007ffcb02b0000 - 0x00007ffcb031b000 	C:\Windows\System32\WS2_32.dll
0x00007ffcac810000 - 0x00007ffcac822000 	C:\Windows\SYSTEM32\kernel.appcore.dll
0x00007ffc8d980000 - 0x00007ffc8d991000 	C:\Program Files\Android\Android Studio\jre\bin\verify.dll
0x00007ffc98ba0000 - 0x00007ffc98d84000 	C:\Windows\SYSTEM32\DBGHELP.DLL
0x00007ffc98b10000 - 0x00007ffc98b3c000 	C:\Windows\SYSTEM32\dbgcore.DLL
0x00007ffcae930000 - 0x00007ffcae9b2000 	C:\Windows\System32\bcryptPrimitives.dll
0x00007ffc8d950000 - 0x00007ffc8d979000 	C:\Program Files\Android\Android Studio\jre\bin\java.dll
0x00007ffca6840000 - 0x00007ffca684b000 	C:\Program Files\Android\Android Studio\jre\bin\jimage.dll
0x00007ffc8d930000 - 0x00007ffc8d948000 	C:\Program Files\Android\Android Studio\jre\bin\zip.dll
0x00007ffcb0a20000 - 0x00007ffcb1164000 	C:\Windows\System32\SHELL32.dll
0x00007ffcaca10000 - 0x00007ffcad1a4000 	C:\Windows\SYSTEM32\windows.storage.dll
0x00007ffcafbf0000 - 0x00007ffcaff44000 	C:\Windows\System32\combase.dll
0x00007ffcae2b0000 - 0x00007ffcae2dc000 	C:\Windows\SYSTEM32\Wldp.dll
0x00007ffcb04e0000 - 0x00007ffcb058d000 	C:\Windows\System32\SHCORE.dll
0x00007ffcaf710000 - 0x00007ffcaf765000 	C:\Windows\System32\shlwapi.dll
0x00007ffcae870000 - 0x00007ffcae88f000 	C:\Windows\SYSTEM32\profapi.dll
0x00007ffc889f0000 - 0x00007ffc88a0a000 	C:\Program Files\Android\Android Studio\jre\bin\net.dll
0x00007ffca73d0000 - 0x00007ffca74da000 	C:\Windows\SYSTEM32\WINHTTP.dll
0x00007ffcae090000 - 0x00007ffcae0fa000 	C:\Windows\system32\mswsock.dll
0x00007ffc889d0000 - 0x00007ffc889e4000 	C:\Program Files\Android\Android Studio\jre\bin\nio.dll

dbghelp: loaded successfully - version: 4.0.5 - missing functions: none
symbol engine: initialized successfully - sym options: 0x614 - pdb path: .;C:\Program Files\Android\Android Studio\jre\bin;C:\Windows\SYSTEM32;C:\Windows\WinSxS\amd64_microsoft.windows.common-controls_6595b64144ccf1df_6.0.19041.1110_none_60b5254171f9507e;C:\Program Files\Android\Android Studio\jre\bin\server

VM Arguments:
java_command: org.jetbrains.kotlin.cli.jvm.K2JVMCompiler @C:\Users\Turonbank\AndroidStudioProjects\662k\app\build\20220701_4129473340391590311.compiler.options
java_class_path (initial): C:\Users\Turonbank\.gradle\caches\modules-2\files-2.1\org.jetbrains.kotlin\kotlin-compiler-embeddable\1.7.0\4d09852239f61842072b40b524882fa3caaed371\kotlin-compiler-embeddable-1.7.0.jar;C:\Users\Turonbank\.gradle\caches\modules-2\files-2.1\org.jetbrains.kotlin\kotlin-reflect\1.7.0\e660b0079fdaf744dc9cc7f6f3aa3c761ec839b0\kotlin-reflect-1.7.0.jar;C:\Users\Turonbank\.gradle\caches\modules-2\files-2.1\org.jetbrains.kotlin\kotlin-stdlib\1.7.0\a5f42c684ad9003160ef0d0f693ecf0ba7b13549\kotlin-stdlib-1.7.0.jar;C:\Users\Turonbank\.gradle\caches\modules-2\files-2.1\org.jetbrains.kotlin\kotlin-script-runtime\1.7.0\3acea1d447587e61bc3e1b3ed6227d9e9ed4ddf1\kotlin-script-runtime-1.7.0.jar;C:\Users\Turonbank\.gradle\caches\modules-2\files-2.1\org.jetbrains.kotlin\kotlin-daemon-embeddable\1.7.0\fd56798de80825c673ac93808284c5198ffa2b50\kotlin-daemon-embeddable-1.7.0.jar;C:\Users\Turonbank\.gradle\caches\modules-2\files-2.1\org.jetbrains.intellij.deps\trove4j\1.0.20200330\3afb14d5f9ceb459d724e907a21145e8ff394f02\trove4j-1.0.20200330.jar;C:\Users\Turonbank\.gradle\caches\modules-2\files-2.1\net.java.dev.jna\jna\5.6.0\330f2244e9030119ab3030fc3fededc86713d9cc\jna-5.6.0.jar;C:\Users\Turonbank\.gradle\caches\modules-2\files-2.1\org.jetbrains.kotlin\kotlin-stdlib-common\1.7.0\51736992f422993a1e741051bdf3c12801bc1ca1\kotlin-stdlib-common-1.7.0.jar;C:\Users\Turonbank\.gradle\caches\modules-2\files-2.1\org.jetbrains\annotations\13.0\919f0dfe192fb4e063e7dacadee7f8bb9a2672a9\annotations-13.0.jar
Launcher Type: SUN_STANDARD

[Global flags]
     intx CICompilerCount                          = 4                                         {product} {ergonomic}
     uint ConcGCThreads                            = 2                                         {product} {ergonomic}
     uint G1ConcRefinementThreads                  = 8                                         {product} {ergonomic}
   size_t G1HeapRegionSize                         = 1048576                                   {product} {ergonomic}
    uintx GCDrainStackTargetSize                   = 64                                        {product} {ergonomic}
   size_t InitialHeapSize                          = 134217728                                 {product} {ergonomic}
   size_t MarkStackSize                            = 4194304                                   {product} {ergonomic}
   size_t MaxHeapSize                              = 2120220672                                {product} {ergonomic}
   size_t MaxNewSize                               = 1271922688                                {product} {ergonomic}
   size_t MinHeapDeltaBytes                        = 1048576                                   {product} {ergonomic}
    uintx NonNMethodCodeHeapSize                   = 5836300                                {pd product} {ergonomic}
    uintx NonProfiledCodeHeapSize                  = 122910970                              {pd product} {ergonomic}
    uintx ProfiledCodeHeapSize                     = 122910970                              {pd product} {ergonomic}
    uintx ReservedCodeCacheSize                    = 251658240                              {pd product} {ergonomic}
     bool SegmentedCodeCache                       = true                                      {product} {ergonomic}
     bool UseCompressedClassPointers               = true                                 {lp64_product} {ergonomic}
     bool UseCompressedOops                        = true                                 {lp64_product} {ergonomic}
     bool UseG1GC                                  = true                                      {product} {ergonomic}
     bool UseLargePagesIndividualAllocation        = false                                  {pd product} {ergonomic}

Logging:
Log output configuration:
 #0: stdout all=warning uptime,level,tags
 #1: stderr all=off uptime,level,tags

Environment Variables:
PATH=C:\Program Files\Common Files\Oracle\Java\javapath;C:\Program Files (x86)\Common Files\Oracle\Java\javapath;C:\Windows\system32;C:\Windows;C:\Windows\System32\Wbem;C:\Windows\System32\WindowsPowerShell\v1.0\;C:\Windows\System32\OpenSSH\;C:\Users\Turonbank\AppData\Local\Microsoft\WindowsApps;C:\Users\Turonbank\AppData\Local\Programs\Git\cmd
USERNAME=Turonbank
OS=Windows_NT
PROCESSOR_IDENTIFIER=Intel64 Family 6 Model 165 Stepping 3, GenuineIntel



---------------  S Y S T E M  ---------------

OS: Windows 10 , 64 bit Build 19041 (10.0.19041.1741)
OS uptime: 0 days 5:47 hours
Hyper-V role detected

CPU:total 8 (initial active 8) (4 cores per cpu, 2 threads per core) family 6 model 165 stepping 3 microcode 0xcc, cmov, cx8, fxsr, mmx, sse, sse2, sse3, ssse3, sse4.1, sse4.2, popcnt, avx, avx2, aes, clmul, erms, 3dnowpref, lzcnt, ht, tsc, tscinvbit, bmi1, bmi2, adx, fma

Memory: 4k page, system-wide physical 8085M (520M free)
TotalPageFile size 10133M (AvailPageFile size 32M)
current process WorkingSet (physical memory assigned to process): 326M, peak: 326M
current process commit charge ("private bytes"): 390M, peak: 421M

vm_info: OpenJDK 64-Bit Server VM (11.0.12+7-b1504.28-7817840) for windows-amd64 JRE (11.0.12+7-b1504.28-7817840), built on Oct 13 2021 22:12:33 by "builder" with MS VC++ 14.0 (VS2015)

END.
