#
# There is insufficient memory for the Java Runtime Environment to continue.
# Native memory allocation (malloc) failed to allocate 1703536 bytes for Chunk::new
# Possible reasons:
#   The system is out of physical RAM or swap space
#   The process is running with CompressedOops enabled, and the Java Heap may be blocking the growth of the native heap
# Possible solutions:
#   Reduce memory load on the system
#   Increase physical memory or swap space
#   Check if swap backing store is full
#   Decrease Java heap size (-Xmx/-Xms)
#   Decrease number of Java threads
#   Decrease Java thread stack sizes (-Xss)
#   Set larger code cache with -XX:ReservedCodeCacheSize=
#   JVM is running with Unscaled Compressed Oops mode in which the Java heap is
#     placed in the first 4GB address space. The Java Heap base address is the
#     maximum limit for the native heap growth. Please use -XX:HeapBaseMinAddress
#     to set the Java Heap base and to place the Java Heap above 4GB virtual address.
# This output file may be truncated or incomplete.
#
#  Out of Memory Error (./src/hotspot/share/memory/arena.cpp:197), pid=13772, tid=11368
#
# JRE version: OpenJDK Runtime Environment (11.0.12+7) (build 11.0.12+7-b1504.28-7817840)
# Java VM: OpenJDK 64-Bit Server VM (11.0.12+7-b1504.28-7817840, mixed mode, tiered, compressed oops, g1 gc, windows-amd64)
# No core dump will be written. Minidumps are not enabled by default on client versions of Windows
#

---------------  S U M M A R Y ------------

Command Line: org.jetbrains.kotlin.cli.jvm.K2JVMCompiler @C:\Users\Turonbank\AndroidStudioProjects\662k\app\build\20220701_13478302256338079774.compiler.options

Host: Intel(R) Core(TM) i3-10100 CPU @ 3.60GHz, 8 cores, 7G,  Windows 10 , 64 bit Build 19041 (10.0.19041.1741)
Time: Fri Jul  1 21:10:57 2022 Западная Азия (зима) elapsed time: 2.675159 seconds (0d 0h 0m 2s)

---------------  T H R E A D  ---------------

Current thread (0x000001cdf53ed800):  JavaThread "C2 CompilerThread1" daemon [_thread_in_native, id=11368, stack(0x000000bc15900000,0x000000bc15a00000)]


Current CompileTask:
C2:   2675 3017   !   4       jdk.internal.loader.BuiltinClassLoader::findClassOnClassPathOrNull (64 bytes)

Stack: [0x000000bc15900000,0x000000bc15a00000]
Native frames: (J=compiled Java code, j=interpreted, Vv=VM code, C=native code)
V  [jvm.dll+0x5fbcea]
V  [jvm.dll+0x731905]
V  [jvm.dll+0x732f1d]
V  [jvm.dll+0x7335d3]
V  [jvm.dll+0x247bf8]
V  [jvm.dll+0xc018c]
V  [jvm.dll+0xc06cc]
V  [jvm.dll+0x35b2db]
V  [jvm.dll+0x328803]
V  [jvm.dll+0x327cfa]
V  [jvm.dll+0x200602]
V  [jvm.dll+0x1ff794]
V  [jvm.dll+0x18868c]
V  [jvm.dll+0x20e0d7]
V  [jvm.dll+0x20c901]
V  [jvm.dll+0x6f9b7f]
V  [jvm.dll+0x6f26a5]
V  [jvm.dll+0x5fabf6]
C  [ucrtbase.dll+0x21bb2]
C  [KERNEL32.DLL+0x17034]
C  [ntdll.dll+0x52651]


---------------  P R O C E S S  ---------------

Threads class SMR info:
_java_thread_list=0x000001cdf53ed0c0, length=12, elements={
0x000001cdd9d5a800, 0x000001cdf48fa800, 0x000001cdf48fd800, 0x000001cdf5287800,
0x000001cdf5289000, 0x000001cdf528a000, 0x000001cdf5290800, 0x000001cdf5291800,
0x000001cdf4915000, 0x000001cdf53f5000, 0x000001cdf53ed800, 0x000001cdf71a6000
}

Java Threads: ( => current thread )
  0x000001cdd9d5a800 JavaThread "main" [_thread_in_vm, id=10196, stack(0x000000bc14800000,0x000000bc14900000)]
  0x000001cdf48fa800 JavaThread "Reference Handler" daemon [_thread_blocked, id=9840, stack(0x000000bc14f00000,0x000000bc15000000)]
  0x000001cdf48fd800 JavaThread "Finalizer" daemon [_thread_blocked, id=11248, stack(0x000000bc15000000,0x000000bc15100000)]
  0x000001cdf5287800 JavaThread "Signal Dispatcher" daemon [_thread_blocked, id=13860, stack(0x000000bc15100000,0x000000bc15200000)]
  0x000001cdf5289000 JavaThread "Attach Listener" daemon [_thread_blocked, id=12100, stack(0x000000bc15200000,0x000000bc15300000)]
  0x000001cdf528a000 JavaThread "Service Thread" daemon [_thread_blocked, id=3132, stack(0x000000bc15300000,0x000000bc15400000)]
  0x000001cdf5290800 JavaThread "C2 CompilerThread0" daemon [_thread_in_native, id=11680, stack(0x000000bc15400000,0x000000bc15500000)]
  0x000001cdf5291800 JavaThread "C1 CompilerThread0" daemon [_thread_blocked, id=15176, stack(0x000000bc15500000,0x000000bc15600000)]
  0x000001cdf4915000 JavaThread "Sweeper thread" daemon [_thread_blocked, id=14936, stack(0x000000bc15600000,0x000000bc15700000)]
  0x000001cdf53f5000 JavaThread "Common-Cleaner" daemon [_thread_blocked, id=6888, stack(0x000000bc15800000,0x000000bc15900000)]
=>0x000001cdf53ed800 JavaThread "C2 CompilerThread1" daemon [_thread_in_native, id=11368, stack(0x000000bc15900000,0x000000bc15a00000)]
  0x000001cdf71a6000 JavaThread "C2 CompilerThread2" daemon [_thread_in_native, id=14368, stack(0x000000bc15a00000,0x000000bc15b00000)]

Other Threads:
  0x000001cdf48d5000 VMThread "VM Thread" [stack: 0x000000bc14e00000,0x000000bc14f00000] [id=11564]
  0x000001cdf53eb800 WatcherThread [stack: 0x000000bc15700000,0x000000bc15800000] [id=3976]
  0x000001cdd9d73000 GCTaskThread "GC Thread#0" [stack: 0x000000bc14900000,0x000000bc14a00000] [id=9680]
  0x000001cdf5b68000 GCTaskThread "GC Thread#1" [stack: 0x000000bc15b00000,0x000000bc15c00000] [id=5456]
  0x000001cdf5983800 GCTaskThread "GC Thread#2" [stack: 0x000000bc15c00000,0x000000bc15d00000] [id=6716]
  0x000001cdd9da2800 ConcurrentGCThread "G1 Main Marker" [stack: 0x000000bc14a00000,0x000000bc14b00000] [id=4000]
  0x000001cdd9da5000 ConcurrentGCThread "G1 Conc#0" [stack: 0x000000bc14b00000,0x000000bc14c00000] [id=12400]
  0x000001cdf6558000 ConcurrentGCThread "G1 Conc#1" [stack: 0x000000bc15d00000,0x000000bc15e00000] [id=2408]
  0x000001cdf4740800 ConcurrentGCThread "G1 Refine#0" [stack: 0x000000bc14c00000,0x000000bc14d00000] [id=9328]
  0x000001cdf4741000 ConcurrentGCThread "G1 Young RemSet Sampling" [stack: 0x000000bc14d00000,0x000000bc14e00000] [id=13560]

Threads with active compile tasks:
C2 CompilerThread0   2687 2849       4       java.lang.ClassLoader::loadClass (7 bytes)
C2 CompilerThread1   2687 3017   !   4       jdk.internal.loader.BuiltinClassLoader::findClassOnClassPathOrNull (64 bytes)
C2 CompilerThread2   2687 3023       4       jdk.internal.loader.ClassLoaders$AppClassLoader::loadClass (40 bytes)

VM state:not at safepoint (normal execution)

VM Mutex/Monitor currently owned by a thread: None

Heap address: 0x0000000081a00000, size: 2022 MB, Compressed Oops mode: 32-bit
Narrow klass base: 0x0000000000000000, Narrow klass shift: 3
Compressed class space size: 1073741824 Address: 0x0000000100000000

Heap:
 garbage-first heap   total 162816K, used 33542K [0x0000000081a00000, 0x0000000100000000)
  region size 1024K, 14 young (14336K), 7 survivors (7168K)
 Metaspace       used 46452K, capacity 46994K, committed 47312K, reserved 1091584K
  class space    used 5529K, capacity 5739K, committed 5884K, reserved 1048576K
Heap Regions: E=young(eden), S=young(survivor), O=old, HS=humongous(starts), HC=humongous(continues), CS=collection set, F=free, A=archive, TAMS=top-at-mark-start (previous, next)
|   0|0x0000000081a00000, 0x0000000081b00000, 0x0000000081b00000|100%|HS|  |TAMS 0x0000000081b00000, 0x0000000081a00000| Complete 
|   1|0x0000000081b00000, 0x0000000081c00000, 0x0000000081c00000|100%|HC|  |TAMS 0x0000000081c00000, 0x0000000081b00000| Complete 
|   2|0x0000000081c00000, 0x0000000081d00000, 0x0000000081d00000|100%|HC|  |TAMS 0x0000000081d00000, 0x0000000081c00000| Complete 
|   3|0x0000000081d00000, 0x0000000081e00000, 0x0000000081e00000|100%| O|  |TAMS 0x0000000081e00000, 0x0000000081d00000| Untracked 
|   4|0x0000000081e00000, 0x0000000081f00000, 0x0000000081f00000|100%| O|  |TAMS 0x0000000081f00000, 0x0000000081e00000| Untracked 
|   5|0x0000000081f00000, 0x0000000082000000, 0x0000000082000000|100%|HS|  |TAMS 0x0000000082000000, 0x0000000081f00000| Complete 
|   6|0x0000000082000000, 0x0000000082100000, 0x0000000082100000|100%|HC|  |TAMS 0x0000000082100000, 0x0000000082000000| Complete 
|   7|0x0000000082100000, 0x0000000082200000, 0x0000000082200000|100%|HC|  |TAMS 0x0000000082200000, 0x0000000082100000| Complete 
|   8|0x0000000082200000, 0x0000000082300000, 0x0000000082300000|100%|HS|  |TAMS 0x0000000082300000, 0x0000000082200000| Complete 
|   9|0x0000000082300000, 0x0000000082400000, 0x0000000082400000|100%|HC|  |TAMS 0x0000000082400000, 0x0000000082300000| Complete 
|  10|0x0000000082400000, 0x0000000082500000, 0x0000000082500000|100%| O|  |TAMS 0x0000000082500000, 0x0000000082400000| Untracked 
|  11|0x0000000082500000, 0x0000000082600000, 0x0000000082600000|100%| O|  |TAMS 0x0000000082600000, 0x0000000082500000| Untracked 
|  12|0x0000000082600000, 0x0000000082700000, 0x0000000082700000|100%| O|  |TAMS 0x0000000082700000, 0x0000000082600000| Untracked 
|  13|0x0000000082700000, 0x0000000082800000, 0x0000000082800000|100%| O|  |TAMS 0x0000000082800000, 0x0000000082700000| Untracked 
|  14|0x0000000082800000, 0x0000000082900000, 0x0000000082900000|100%| O|  |TAMS 0x0000000082900000, 0x0000000082800000| Untracked 
|  15|0x0000000082900000, 0x0000000082a00000, 0x0000000082a00000|100%| O|  |TAMS 0x00000000829eac00, 0x0000000082900000| Untracked 
|  16|0x0000000082a00000, 0x0000000082b00000, 0x0000000082b00000|100%| O|  |TAMS 0x0000000082a00000, 0x0000000082a00000| Untracked 
|  17|0x0000000082b00000, 0x0000000082c00000, 0x0000000082c00000|100%| O|  |TAMS 0x0000000082b00000, 0x0000000082b00000| Untracked 
|  18|0x0000000082c00000, 0x0000000082d00000, 0x0000000082d00000|100%| O|  |TAMS 0x0000000082c00000, 0x0000000082c00000| Untracked 
|  19|0x0000000082d00000, 0x0000000082e00000, 0x0000000082e00000|100%| O|  |TAMS 0x0000000082d00000, 0x0000000082d00000| Untracked 
|  20|0x0000000082e00000, 0x0000000082e5f400, 0x0000000082f00000| 37%| O|  |TAMS 0x0000000082e00000, 0x0000000082e00000| Untracked 
|  21|0x0000000082f00000, 0x0000000082f00000, 0x0000000083000000|  0%| F|  |TAMS 0x0000000082f00000, 0x0000000082f00000| Untracked 
|  22|0x0000000083000000, 0x0000000083000000, 0x0000000083100000|  0%| F|  |TAMS 0x0000000083000000, 0x0000000083000000| Untracked 
|  23|0x0000000083100000, 0x0000000083100000, 0x0000000083200000|  0%| F|  |TAMS 0x0000000083100000, 0x0000000083100000| Untracked 
|  24|0x0000000083200000, 0x0000000083200000, 0x0000000083300000|  0%| F|  |TAMS 0x0000000083200000, 0x0000000083200000| Untracked 
|  25|0x0000000083300000, 0x0000000083300000, 0x0000000083400000|  0%| F|  |TAMS 0x0000000083300000, 0x0000000083300000| Untracked 
|  26|0x0000000083400000, 0x0000000083400000, 0x0000000083500000|  0%| F|  |TAMS 0x0000000083400000, 0x0000000083400000| Untracked 
|  27|0x0000000083500000, 0x0000000083500000, 0x0000000083600000|  0%| F|  |TAMS 0x0000000083500000, 0x0000000083500000| Untracked 
|  28|0x0000000083600000, 0x0000000083600000, 0x0000000083700000|  0%| F|  |TAMS 0x0000000083600000, 0x0000000083600000| Untracked 
|  29|0x0000000083700000, 0x0000000083700000, 0x0000000083800000|  0%| F|  |TAMS 0x0000000083700000, 0x0000000083700000| Untracked 
|  30|0x0000000083800000, 0x0000000083800000, 0x0000000083900000|  0%| F|  |TAMS 0x0000000083800000, 0x0000000083800000| Untracked 
|  31|0x0000000083900000, 0x0000000083900000, 0x0000000083a00000|  0%| F|  |TAMS 0x0000000083900000, 0x0000000083900000| Untracked 
|  32|0x0000000083a00000, 0x0000000083a00000, 0x0000000083b00000|  0%| F|  |TAMS 0x0000000083a00000, 0x0000000083a00000| Untracked 
|  33|0x0000000083b00000, 0x0000000083b00000, 0x0000000083c00000|  0%| F|  |TAMS 0x0000000083b00000, 0x0000000083b00000| Untracked 
|  34|0x0000000083c00000, 0x0000000083c00000, 0x0000000083d00000|  0%| F|  |TAMS 0x0000000083c00000, 0x0000000083c00000| Untracked 
|  35|0x0000000083d00000, 0x0000000083d00000, 0x0000000083e00000|  0%| F|  |TAMS 0x0000000083d00000, 0x0000000083d00000| Untracked 
|  36|0x0000000083e00000, 0x0000000083e00000, 0x0000000083f00000|  0%| F|  |TAMS 0x0000000083e00000, 0x0000000083e00000| Untracked 
|  37|0x0000000083f00000, 0x0000000083f00000, 0x0000000084000000|  0%| F|  |TAMS 0x0000000083f00000, 0x0000000083f00000| Untracked 
|  38|0x0000000084000000, 0x0000000084000000, 0x0000000084100000|  0%| F|  |TAMS 0x0000000084000000, 0x0000000084000000| Untracked 
|  39|0x0000000084100000, 0x0000000084100000, 0x0000000084200000|  0%| F|  |TAMS 0x0000000084100000, 0x0000000084100000| Untracked 
|  40|0x0000000084200000, 0x0000000084200000, 0x0000000084300000|  0%| F|  |TAMS 0x0000000084200000, 0x0000000084200000| Untracked 
|  41|0x0000000084300000, 0x0000000084300000, 0x0000000084400000|  0%| F|  |TAMS 0x0000000084300000, 0x0000000084300000| Untracked 
|  42|0x0000000084400000, 0x0000000084400000, 0x0000000084500000|  0%| F|  |TAMS 0x0000000084400000, 0x0000000084400000| Untracked 
|  43|0x0000000084500000, 0x0000000084500000, 0x0000000084600000|  0%| F|  |TAMS 0x0000000084500000, 0x0000000084500000| Untracked 
|  44|0x0000000084600000, 0x0000000084600000, 0x0000000084700000|  0%| F|  |TAMS 0x0000000084600000, 0x0000000084600000| Untracked 
|  45|0x0000000084700000, 0x0000000084700000, 0x0000000084800000|  0%| F|  |TAMS 0x0000000084700000, 0x0000000084700000| Untracked 
|  46|0x0000000084800000, 0x0000000084800000, 0x0000000084900000|  0%| F|  |TAMS 0x0000000084800000, 0x0000000084800000| Untracked 
|  47|0x0000000084900000, 0x0000000084900000, 0x0000000084a00000|  0%| F|  |TAMS 0x0000000084900000, 0x0000000084900000| Untracked 
|  48|0x0000000084a00000, 0x0000000084a00000, 0x0000000084b00000|  0%| F|  |TAMS 0x0000000084a00000, 0x0000000084a00000| Untracked 
|  49|0x0000000084b00000, 0x0000000084b00000, 0x0000000084c00000|  0%| F|  |TAMS 0x0000000084b00000, 0x0000000084b00000| Untracked 
|  50|0x0000000084c00000, 0x0000000084c00000, 0x0000000084d00000|  0%| F|  |TAMS 0x0000000084c00000, 0x0000000084c00000| Untracked 
|  51|0x0000000084d00000, 0x0000000084d00000, 0x0000000084e00000|  0%| F|  |TAMS 0x0000000084d00000, 0x0000000084d00000| Untracked 
|  52|0x0000000084e00000, 0x0000000084e00000, 0x0000000084f00000|  0%| F|  |TAMS 0x0000000084e00000, 0x0000000084e00000| Untracked 
|  53|0x0000000084f00000, 0x0000000084f00000, 0x0000000085000000|  0%| F|  |TAMS 0x0000000084f00000, 0x0000000084f00000| Untracked 
|  54|0x0000000085000000, 0x0000000085000000, 0x0000000085100000|  0%| F|  |TAMS 0x0000000085000000, 0x0000000085000000| Untracked 
|  55|0x0000000085100000, 0x0000000085100000, 0x0000000085200000|  0%| F|  |TAMS 0x0000000085100000, 0x0000000085100000| Untracked 
|  56|0x0000000085200000, 0x0000000085200000, 0x0000000085300000|  0%| F|  |TAMS 0x0000000085200000, 0x0000000085200000| Untracked 
|  57|0x0000000085300000, 0x0000000085300000, 0x0000000085400000|  0%| F|  |TAMS 0x0000000085300000, 0x0000000085300000| Untracked 
|  58|0x0000000085400000, 0x0000000085400000, 0x0000000085500000|  0%| F|  |TAMS 0x0000000085400000, 0x0000000085400000| Untracked 
|  59|0x0000000085500000, 0x0000000085500000, 0x0000000085600000|  0%| F|  |TAMS 0x0000000085500000, 0x0000000085500000| Untracked 
|  60|0x0000000085600000, 0x0000000085600000, 0x0000000085700000|  0%| F|  |TAMS 0x0000000085600000, 0x0000000085600000| Untracked 
|  61|0x0000000085700000, 0x0000000085700000, 0x0000000085800000|  0%| F|  |TAMS 0x0000000085700000, 0x0000000085700000| Untracked 
|  62|0x0000000085800000, 0x0000000085800000, 0x0000000085900000|  0%| F|  |TAMS 0x0000000085800000, 0x0000000085800000| Untracked 
|  63|0x0000000085900000, 0x0000000085900000, 0x0000000085a00000|  0%| F|  |TAMS 0x0000000085900000, 0x0000000085900000| Untracked 
|  64|0x0000000085a00000, 0x0000000085a00000, 0x0000000085b00000|  0%| F|  |TAMS 0x0000000085a00000, 0x0000000085a00000| Untracked 
|  65|0x0000000085b00000, 0x0000000085b00000, 0x0000000085c00000|  0%| F|  |TAMS 0x0000000085b00000, 0x0000000085b00000| Untracked 
|  66|0x0000000085c00000, 0x0000000085c00000, 0x0000000085d00000|  0%| F|  |TAMS 0x0000000085c00000, 0x0000000085c00000| Untracked 
|  67|0x0000000085d00000, 0x0000000085d00000, 0x0000000085e00000|  0%| F|  |TAMS 0x0000000085d00000, 0x0000000085d00000| Untracked 
|  68|0x0000000085e00000, 0x0000000085e00000, 0x0000000085f00000|  0%| F|  |TAMS 0x0000000085e00000, 0x0000000085e00000| Untracked 
|  69|0x0000000085f00000, 0x0000000085f62758, 0x0000000086000000| 38%| S|CS|TAMS 0x0000000085f00000, 0x0000000085f00000| Complete 
|  70|0x0000000086000000, 0x0000000086100000, 0x0000000086100000|100%| S|CS|TAMS 0x0000000086000000, 0x0000000086000000| Complete 
|  71|0x0000000086100000, 0x0000000086200000, 0x0000000086200000|100%| S|CS|TAMS 0x0000000086100000, 0x0000000086100000| Complete 
|  72|0x0000000086200000, 0x0000000086300000, 0x0000000086300000|100%| S|CS|TAMS 0x0000000086200000, 0x0000000086200000| Complete 
|  73|0x0000000086300000, 0x0000000086400000, 0x0000000086400000|100%| S|CS|TAMS 0x0000000086300000, 0x0000000086300000| Complete 
|  74|0x0000000086400000, 0x0000000086500000, 0x0000000086500000|100%| S|CS|TAMS 0x0000000086400000, 0x0000000086400000| Complete 
|  75|0x0000000086500000, 0x0000000086600000, 0x0000000086600000|100%| S|CS|TAMS 0x0000000086500000, 0x0000000086500000| Complete 
|  76|0x0000000086600000, 0x0000000086600000, 0x0000000086700000|  0%| F|  |TAMS 0x0000000086600000, 0x0000000086600000| Untracked 
|  77|0x0000000086700000, 0x0000000086700000, 0x0000000086800000|  0%| F|  |TAMS 0x0000000086700000, 0x0000000086700000| Untracked 
|  78|0x0000000086800000, 0x0000000086800000, 0x0000000086900000|  0%| F|  |TAMS 0x0000000086800000, 0x0000000086800000| Untracked 
|  79|0x0000000086900000, 0x0000000086900000, 0x0000000086a00000|  0%| F|  |TAMS 0x0000000086900000, 0x0000000086900000| Untracked 
|  80|0x0000000086a00000, 0x0000000086a00000, 0x0000000086b00000|  0%| F|  |TAMS 0x0000000086a00000, 0x0000000086a00000| Untracked 
|  81|0x0000000086b00000, 0x0000000086b00000, 0x0000000086c00000|  0%| F|  |TAMS 0x0000000086b00000, 0x0000000086b00000| Untracked 
|  82|0x0000000086c00000, 0x0000000086c00000, 0x0000000086d00000|  0%| F|  |TAMS 0x0000000086c00000, 0x0000000086c00000| Untracked 
|  83|0x0000000086d00000, 0x0000000086d00000, 0x0000000086e00000|  0%| F|  |TAMS 0x0000000086d00000, 0x0000000086d00000| Untracked 
|  84|0x0000000086e00000, 0x0000000086e00000, 0x0000000086f00000|  0%| F|  |TAMS 0x0000000086e00000, 0x0000000086e00000| Untracked 
|  85|0x0000000086f00000, 0x0000000086f00000, 0x0000000087000000|  0%| F|  |TAMS 0x0000000086f00000, 0x0000000086f00000| Untracked 
|  86|0x0000000087000000, 0x0000000087000000, 0x0000000087100000|  0%| F|  |TAMS 0x0000000087000000, 0x0000000087000000| Untracked 
|  87|0x0000000087100000, 0x0000000087100000, 0x0000000087200000|  0%| F|  |TAMS 0x0000000087100000, 0x0000000087100000| Untracked 
|  88|0x0000000087200000, 0x0000000087200000, 0x0000000087300000|  0%| F|  |TAMS 0x0000000087200000, 0x0000000087200000| Untracked 
|  89|0x0000000087300000, 0x0000000087300000, 0x0000000087400000|  0%| F|  |TAMS 0x0000000087300000, 0x0000000087300000| Untracked 
|  90|0x0000000087400000, 0x0000000087400000, 0x0000000087500000|  0%| F|  |TAMS 0x0000000087400000, 0x0000000087400000| Untracked 
|  91|0x0000000087500000, 0x0000000087500000, 0x0000000087600000|  0%| F|  |TAMS 0x0000000087500000, 0x0000000087500000| Untracked 
|  92|0x0000000087600000, 0x0000000087600000, 0x0000000087700000|  0%| F|  |TAMS 0x0000000087600000, 0x0000000087600000| Untracked 
|  93|0x0000000087700000, 0x0000000087700000, 0x0000000087800000|  0%| F|  |TAMS 0x0000000087700000, 0x0000000087700000| Untracked 
|  94|0x0000000087800000, 0x0000000087800000, 0x0000000087900000|  0%| F|  |TAMS 0x0000000087800000, 0x0000000087800000| Untracked 
|  95|0x0000000087900000, 0x0000000087900000, 0x0000000087a00000|  0%| F|  |TAMS 0x0000000087900000, 0x0000000087900000| Untracked 
|  96|0x0000000087a00000, 0x0000000087a00000, 0x0000000087b00000|  0%| F|  |TAMS 0x0000000087a00000, 0x0000000087a00000| Untracked 
|  97|0x0000000087b00000, 0x0000000087b00000, 0x0000000087c00000|  0%| F|  |TAMS 0x0000000087b00000, 0x0000000087b00000| Untracked 
|  98|0x0000000087c00000, 0x0000000087c00000, 0x0000000087d00000|  0%| F|  |TAMS 0x0000000087c00000, 0x0000000087c00000| Untracked 
|  99|0x0000000087d00000, 0x0000000087d00000, 0x0000000087e00000|  0%| F|  |TAMS 0x0000000087d00000, 0x0000000087d00000| Untracked 
| 100|0x0000000087e00000, 0x0000000087e00000, 0x0000000087f00000|  0%| F|  |TAMS 0x0000000087e00000, 0x0000000087e00000| Untracked 
| 101|0x0000000087f00000, 0x0000000087f00000, 0x0000000088000000|  0%| F|  |TAMS 0x0000000087f00000, 0x0000000087f00000| Untracked 
| 102|0x0000000088000000, 0x0000000088000000, 0x0000000088100000|  0%| F|  |TAMS 0x0000000088000000, 0x0000000088000000| Untracked 
| 103|0x0000000088100000, 0x0000000088100000, 0x0000000088200000|  0%| F|  |TAMS 0x0000000088100000, 0x0000000088100000| Untracked 
| 104|0x0000000088200000, 0x0000000088200000, 0x0000000088300000|  0%| F|  |TAMS 0x0000000088200000, 0x0000000088200000| Untracked 
| 105|0x0000000088300000, 0x0000000088300000, 0x0000000088400000|  0%| F|  |TAMS 0x0000000088300000, 0x0000000088300000| Untracked 
| 106|0x0000000088400000, 0x0000000088400000, 0x0000000088500000|  0%| F|  |TAMS 0x0000000088400000, 0x0000000088400000| Untracked 
| 107|0x0000000088500000, 0x0000000088500000, 0x0000000088600000|  0%| F|  |TAMS 0x0000000088500000, 0x0000000088500000| Untracked 
| 108|0x0000000088600000, 0x0000000088600000, 0x0000000088700000|  0%| F|  |TAMS 0x0000000088600000, 0x0000000088600000| Untracked 
| 109|0x0000000088700000, 0x0000000088700000, 0x0000000088800000|  0%| F|  |TAMS 0x0000000088700000, 0x0000000088700000| Untracked 
| 110|0x0000000088800000, 0x0000000088800000, 0x0000000088900000|  0%| F|  |TAMS 0x0000000088800000, 0x0000000088800000| Untracked 
| 111|0x0000000088900000, 0x0000000088900000, 0x0000000088a00000|  0%| F|  |TAMS 0x0000000088900000, 0x0000000088900000| Untracked 
| 112|0x0000000088a00000, 0x0000000088a00000, 0x0000000088b00000|  0%| F|  |TAMS 0x0000000088a00000, 0x0000000088a00000| Untracked 
| 113|0x0000000088b00000, 0x0000000088b00000, 0x0000000088c00000|  0%| F|  |TAMS 0x0000000088b00000, 0x0000000088b00000| Untracked 
| 114|0x0000000088c00000, 0x0000000088c00000, 0x0000000088d00000|  0%| F|  |TAMS 0x0000000088c00000, 0x0000000088c00000| Untracked 
| 115|0x0000000088d00000, 0x0000000088d00000, 0x0000000088e00000|  0%| F|  |TAMS 0x0000000088d00000, 0x0000000088d00000| Untracked 
| 116|0x0000000088e00000, 0x0000000088e00000, 0x0000000088f00000|  0%| F|  |TAMS 0x0000000088e00000, 0x0000000088e00000| Untracked 
| 117|0x0000000088f00000, 0x0000000088f00000, 0x0000000089000000|  0%| F|  |TAMS 0x0000000088f00000, 0x0000000088f00000| Untracked 
| 118|0x0000000089000000, 0x0000000089000000, 0x0000000089100000|  0%| F|  |TAMS 0x0000000089000000, 0x0000000089000000| Untracked 
| 119|0x0000000089100000, 0x0000000089100000, 0x0000000089200000|  0%| F|  |TAMS 0x0000000089100000, 0x0000000089100000| Untracked 
| 120|0x0000000089200000, 0x0000000089200000, 0x0000000089300000|  0%| F|  |TAMS 0x0000000089200000, 0x0000000089200000| Untracked 
| 121|0x0000000089300000, 0x0000000089300000, 0x0000000089400000|  0%| F|  |TAMS 0x0000000089300000, 0x0000000089300000| Untracked 
| 122|0x0000000089400000, 0x0000000089400000, 0x0000000089500000|  0%| F|  |TAMS 0x0000000089400000, 0x0000000089400000| Untracked 
| 123|0x0000000089500000, 0x0000000089500000, 0x0000000089600000|  0%| F|  |TAMS 0x0000000089500000, 0x0000000089500000| Untracked 
| 124|0x0000000089600000, 0x0000000089600000, 0x0000000089700000|  0%| F|  |TAMS 0x0000000089600000, 0x0000000089600000| Untracked 
| 125|0x0000000089700000, 0x0000000089700000, 0x0000000089800000|  0%| F|  |TAMS 0x0000000089700000, 0x0000000089700000| Untracked 
| 126|0x0000000089800000, 0x0000000089800000, 0x0000000089900000|  0%| F|  |TAMS 0x0000000089800000, 0x0000000089800000| Untracked 
| 127|0x0000000089900000, 0x0000000089900000, 0x0000000089a00000|  0%| F|  |TAMS 0x0000000089900000, 0x0000000089900000| Untracked 
| 128|0x0000000089a00000, 0x0000000089a00000, 0x0000000089b00000|  0%| F|  |TAMS 0x0000000089a00000, 0x0000000089a00000| Untracked 
| 129|0x0000000089b00000, 0x0000000089b00000, 0x0000000089c00000|  0%| F|  |TAMS 0x0000000089b00000, 0x0000000089b00000| Untracked 
| 130|0x0000000089c00000, 0x0000000089c00000, 0x0000000089d00000|  0%| F|  |TAMS 0x0000000089c00000, 0x0000000089c00000| Untracked 
| 131|0x0000000089d00000, 0x0000000089d00000, 0x0000000089e00000|  0%| F|  |TAMS 0x0000000089d00000, 0x0000000089d00000| Untracked 
| 132|0x0000000089e00000, 0x0000000089e00000, 0x0000000089f00000|  0%| F|  |TAMS 0x0000000089e00000, 0x0000000089e00000| Untracked 
| 133|0x0000000089f00000, 0x0000000089f00000, 0x000000008a000000|  0%| F|  |TAMS 0x0000000089f00000, 0x0000000089f00000| Untracked 
| 134|0x000000008a000000, 0x000000008a000000, 0x000000008a100000|  0%| F|  |TAMS 0x000000008a000000, 0x000000008a000000| Untracked 
| 135|0x000000008a100000, 0x000000008a100000, 0x000000008a200000|  0%| F|  |TAMS 0x000000008a100000, 0x000000008a100000| Untracked 
| 136|0x000000008a200000, 0x000000008a200000, 0x000000008a300000|  0%| F|  |TAMS 0x000000008a200000, 0x000000008a200000| Untracked 
| 137|0x000000008a300000, 0x000000008a300000, 0x000000008a400000|  0%| F|  |TAMS 0x000000008a300000, 0x000000008a300000| Untracked 
| 138|0x000000008a400000, 0x000000008a400000, 0x000000008a500000|  0%| F|  |TAMS 0x000000008a400000, 0x000000008a400000| Untracked 
| 139|0x000000008a500000, 0x000000008a500000, 0x000000008a600000|  0%| F|  |TAMS 0x000000008a500000, 0x000000008a500000| Untracked 
| 140|0x000000008a600000, 0x000000008a600000, 0x000000008a700000|  0%| F|  |TAMS 0x000000008a600000, 0x000000008a600000| Untracked 
| 141|0x000000008a700000, 0x000000008a700000, 0x000000008a800000|  0%| F|  |TAMS 0x000000008a700000, 0x000000008a700000| Untracked 
| 142|0x000000008a800000, 0x000000008a800000, 0x000000008a900000|  0%| F|  |TAMS 0x000000008a800000, 0x000000008a800000| Untracked 
| 143|0x000000008a900000, 0x000000008a900000, 0x000000008aa00000|  0%| F|  |TAMS 0x000000008a900000, 0x000000008a900000| Untracked 
| 144|0x000000008aa00000, 0x000000008aa00000, 0x000000008ab00000|  0%| F|  |TAMS 0x000000008aa00000, 0x000000008aa00000| Untracked 
| 145|0x000000008ab00000, 0x000000008ab00000, 0x000000008ac00000|  0%| F|  |TAMS 0x000000008ab00000, 0x000000008ab00000| Untracked 
| 146|0x000000008ac00000, 0x000000008ac00000, 0x000000008ad00000|  0%| F|  |TAMS 0x000000008ac00000, 0x000000008ac00000| Untracked 
| 147|0x000000008ad00000, 0x000000008ad00000, 0x000000008ae00000|  0%| F|  |TAMS 0x000000008ad00000, 0x000000008ad00000| Untracked 
| 148|0x000000008ae00000, 0x000000008ae00000, 0x000000008af00000|  0%| F|  |TAMS 0x000000008ae00000, 0x000000008ae00000| Untracked 
| 149|0x000000008af00000, 0x000000008af00000, 0x000000008b000000|  0%| F|  |TAMS 0x000000008af00000, 0x000000008af00000| Untracked 
| 150|0x000000008b000000, 0x000000008b000000, 0x000000008b100000|  0%| F|  |TAMS 0x000000008b000000, 0x000000008b000000| Untracked 
| 151|0x000000008b100000, 0x000000008b100000, 0x000000008b200000|  0%| F|  |TAMS 0x000000008b100000, 0x000000008b100000| Untracked 
| 152|0x000000008b200000, 0x000000008b280800, 0x000000008b300000| 50%| E|  |TAMS 0x000000008b200000, 0x000000008b200000| Complete 
| 153|0x000000008b300000, 0x000000008b400000, 0x000000008b400000|100%| E|CS|TAMS 0x000000008b300000, 0x000000008b300000| Complete 
| 154|0x000000008b400000, 0x000000008b500000, 0x000000008b500000|100%| E|CS|TAMS 0x000000008b400000, 0x000000008b400000| Complete 
| 155|0x000000008b500000, 0x000000008b600000, 0x000000008b600000|100%| E|CS|TAMS 0x000000008b500000, 0x000000008b500000| Complete 
| 156|0x000000008b600000, 0x000000008b700000, 0x000000008b700000|100%| E|CS|TAMS 0x000000008b600000, 0x000000008b600000| Complete 
| 157|0x000000008b700000, 0x000000008b800000, 0x000000008b800000|100%| E|CS|TAMS 0x000000008b700000, 0x000000008b700000| Complete 
| 158|0x000000008b800000, 0x000000008b900000, 0x000000008b900000|100%| E|CS|TAMS 0x000000008b800000, 0x000000008b800000| Complete 

Card table byte_map: [0x000001cded6e0000,0x000001cdedae0000] _byte_map_base: 0x000001cded2d3000

Marking Bits (Prev, Next): (CMBitMap*) 0x000001cdd9d99bf8, (CMBitMap*) 0x000001cdd9d99c30
 Prev Bits: [0x000001cdedee0000, 0x000001cdefe78000)
 Next Bits: [0x000001cdefe80000, 0x000001cdf1e18000)

Polling page: 0x000001cdd8500000

Metaspace:

Usage:
  Non-class:     40.29 MB capacity,    40.00 MB (>99%) used,   223.91 KB ( <1%) free+waste,    67.31 KB ( <1%) overhead. 
      Class:      5.60 MB capacity,     5.41 MB ( 96%) used,   171.78 KB (  3%) free+waste,    29.81 KB ( <1%) overhead. 
       Both:     45.89 MB capacity,    45.41 MB ( 99%) used,   395.69 KB ( <1%) free+waste,    97.13 KB ( <1%) overhead. 

Virtual space:
  Non-class space:       42.00 MB reserved,      40.46 MB ( 96%) committed 
      Class space:        1.00 GB reserved,       5.75 MB ( <1%) committed 
             Both:        1.04 GB reserved,      46.20 MB (  4%) committed 

Chunk freelists:
   Non-Class:  45.00 KB
       Class:  21.00 KB
        Both:  66.00 KB

MaxMetaspaceSize: 17179869184.00 GB
CompressedClassSpaceSize: 1.00 GB
Initial GC threshold: 20.80 MB
Current GC threshold: 58.88 MB
CDS: off

CodeHeap 'non-profiled nmethods': size=120000Kb used=1335Kb max_used=1335Kb free=118664Kb
 bounds [0x000001cde5340000, 0x000001cde55b0000, 0x000001cdec870000]
CodeHeap 'profiled nmethods': size=120000Kb used=6732Kb max_used=6732Kb free=113267Kb
 bounds [0x000001cddde10000, 0x000001cdde4b0000, 0x000001cde5340000]
CodeHeap 'non-nmethods': size=5760Kb used=1272Kb max_used=1299Kb free=4487Kb
 bounds [0x000001cddd870000, 0x000001cdddae0000, 0x000001cddde10000]
 total_blobs=3752 nmethods=3199 adapters=465
 compilation: enabled
              stopped_count=0, restarted_count=0
 full_count=0

Compilation events (20 events):
Event: 2.646 Thread 0x000001cdf5291800 3197       3       org.jetbrains.kotlin.name.FqName::topLevel (21 bytes)
Event: 2.647 Thread 0x000001cdf5291800 nmethod 3197 0x000001cdde492610 code [0x000001cdde492860, 0x000001cdde4930a8]
Event: 2.647 Thread 0x000001cdf5291800 3198       3       org.jetbrains.kotlin.name.FqNameUnsafe::topLevel (28 bytes)
Event: 2.648 Thread 0x000001cdf5291800 nmethod 3198 0x000001cdde493390 code [0x000001cdde4935a0, 0x000001cdde493b78]
Event: 2.648 Thread 0x000001cdf5291800 3199       3       org.jetbrains.kotlin.name.ClassId::<init> (27 bytes)
Event: 2.648 Thread 0x000001cdf5291800 nmethod 3199 0x000001cdde493d90 code [0x000001cdde494000, 0x000001cdde4947f8]
Event: 2.659 Thread 0x000001cdf5291800 3200       1       org.jetbrains.kotlin.storage.DefaultSimpleLock::getLock (5 bytes)
Event: 2.659 Thread 0x000001cdf5291800 nmethod 3200 0x000001cde548cb90 code [0x000001cde548cd40, 0x000001cde548cdf8]
Event: 2.660 Thread 0x000001cdf5291800 3201       1       org.jetbrains.kotlin.resolve.ImportPath::isAllUnder (5 bytes)
Event: 2.660 Thread 0x000001cdf5291800 nmethod 3201 0x000001cde548ce90 code [0x000001cde548d040, 0x000001cde548d0f8]
Event: 2.672 Thread 0x000001cdf5291800 3202       1       org.jetbrains.kotlin.load.java.lazy.LazyJavaResolverContext::getComponents (5 bytes)
Event: 2.672 Thread 0x000001cdf5291800 nmethod 3202 0x000001cde548d190 code [0x000001cde548d340, 0x000001cde548d3f8]
Event: 2.673 Thread 0x000001cdf5291800 3203       3       org.jetbrains.kotlin.com.intellij.util.containers.IntArrayList::get (12 bytes)
Event: 2.673 Thread 0x000001cdf5291800 nmethod 3203 0x000001cdde494b10 code [0x000001cdde494cc0, 0x000001cdde494e28]
Event: 2.673 Thread 0x000001cdf5291800 3206       3       org.jetbrains.kotlin.com.intellij.openapi.vfs.VirtualFile::findChild (62 bytes)
Event: 2.673 Thread 0x000001cdf5291800 nmethod 3206 0x000001cdde494f10 code [0x000001cdde495140, 0x000001cdde4957a8]
Event: 2.673 Thread 0x000001cdf5291800 3204       3       org.jetbrains.kotlin.com.intellij.util.containers.IntArrayList::checkRange (52 bytes)
Event: 2.673 Thread 0x000001cdf5291800 nmethod 3204 0x000001cdde495a10 code [0x000001cdde495ca0, 0x000001cdde4966b8]
Event: 2.673 Thread 0x000001cdf5291800 3205       1       org.jetbrains.kotlin.cli.jvm.index.JavaRoot::getFile (5 bytes)
Event: 2.673 Thread 0x000001cdf5291800 nmethod 3205 0x000001cde548d490 code [0x000001cde548d640, 0x000001cde548d6f8]

GC Heap History (10 events):
Event: 0.486 GC heap before
{Heap before GC invocations=0 (full 0):
 garbage-first heap   total 131072K, used 27648K [0x0000000081a00000, 0x0000000100000000)
  region size 1024K, 24 young (24576K), 0 survivors (0K)
 Metaspace       used 12520K, capacity 12689K, committed 12800K, reserved 1060864K
  class space    used 1143K, capacity 1182K, committed 1280K, reserved 1048576K
}
Event: 0.490 GC heap after
{Heap after GC invocations=1 (full 0):
 garbage-first heap   total 131072K, used 6321K [0x0000000081a00000, 0x0000000100000000)
  region size 1024K, 3 young (3072K), 3 survivors (3072K)
 Metaspace       used 12520K, capacity 12689K, committed 12800K, reserved 1060864K
  class space    used 1143K, capacity 1182K, committed 1280K, reserved 1048576K
}
Event: 0.972 GC heap before
{Heap before GC invocations=1 (full 0):
 garbage-first heap   total 131072K, used 42161K [0x0000000081a00000, 0x0000000100000000)
  region size 1024K, 39 young (39936K), 3 survivors (3072K)
 Metaspace       used 20974K, capacity 21190K, committed 21248K, reserved 1069056K
  class space    used 2224K, capacity 2302K, committed 2304K, reserved 1048576K
}
Event: 0.981 GC heap after
{Heap after GC invocations=2 (full 0):
 garbage-first heap   total 131072K, used 9810K [0x0000000081a00000, 0x0000000100000000)
  region size 1024K, 7 young (7168K), 7 survivors (7168K)
 Metaspace       used 20974K, capacity 21190K, committed 21248K, reserved 1069056K
  class space    used 2224K, capacity 2302K, committed 2304K, reserved 1048576K
}
Event: 1.731 GC heap before
{Heap before GC invocations=3 (full 0):
 garbage-first heap   total 131072K, used 64082K [0x0000000081a00000, 0x0000000100000000)
  region size 1024K, 55 young (56320K), 7 survivors (7168K)
 Metaspace       used 32436K, capacity 32834K, committed 33020K, reserved 1077248K
  class space    used 4073K, capacity 4243K, committed 4348K, reserved 1048576K
}
Event: 1.749 GC heap after
{Heap after GC invocations=4 (full 0):
 garbage-first heap   total 131072K, used 20452K [0x0000000081a00000, 0x0000000100000000)
  region size 1024K, 7 young (7168K), 7 survivors (7168K)
 Metaspace       used 32436K, capacity 32834K, committed 33020K, reserved 1077248K
  class space    used 4073K, capacity 4243K, committed 4348K, reserved 1048576K
}
Event: 1.924 GC heap before
{Heap before GC invocations=4 (full 0):
 garbage-first heap   total 131072K, used 34788K [0x0000000081a00000, 0x0000000100000000)
  region size 1024K, 22 young (22528K), 7 survivors (7168K)
 Metaspace       used 35414K, capacity 35853K, committed 36048K, reserved 1081344K
  class space    used 4396K, capacity 4567K, committed 4604K, reserved 1048576K
}
Event: 1.935 GC heap after
{Heap after GC invocations=5 (full 0):
 garbage-first heap   total 131072K, used 22872K [0x0000000081a00000, 0x0000000100000000)
  region size 1024K, 7 young (7168K), 7 survivors (7168K)
 Metaspace       used 35414K, capacity 35853K, committed 36048K, reserved 1081344K
  class space    used 4396K, capacity 4567K, committed 4604K, reserved 1048576K
}
Event: 2.561 GC heap before
{Heap before GC invocations=6 (full 0):
 garbage-first heap   total 131072K, used 68952K [0x0000000081a00000, 0x0000000100000000)
  region size 1024K, 52 young (53248K), 7 survivors (7168K)
 Metaspace       used 45239K, capacity 45738K, committed 46032K, reserved 1089536K
  class space    used 5396K, capacity 5577K, committed 5628K, reserved 1048576K
}
Event: 2.572 GC heap after
{Heap after GC invocations=7 (full 0):
 garbage-first heap   total 162816K, used 27398K [0x0000000081a00000, 0x0000000100000000)
  region size 1024K, 7 young (7168K), 7 survivors (7168K)
 Metaspace       used 45239K, capacity 45738K, committed 46032K, reserved 1089536K
  class space    used 5396K, capacity 5577K, committed 5628K, reserved 1048576K
}

Deoptimization events (20 events):
Event: 2.577 Thread 0x000001cdd9d5a800 Uncommon trap: trap_request=0xffffffc6 fr.pc=0x000001cde540ecc4 relative=0x0000000000001424
Event: 2.577 Thread 0x000001cdd9d5a800 Uncommon trap: reason=bimorphic_or_optimized_type_check action=maybe_recompile pc=0x000001cde540ecc4 method=java.util.zip.ZipFile.getZipEntry(Ljava/lang/String;[BILjava/util/function/Function;)Ljava/util/zip/ZipEntry; @ 108 c2
Event: 2.577 Thread 0x000001cdd9d5a800 DEOPT PACKING pc=0x000001cde540ecc4 sp=0x000000bc148fb140
Event: 2.577 Thread 0x000001cdd9d5a800 DEOPT UNPACKING pc=0x000001cddd8ba1af sp=0x000000bc148fb0f8 mode 2
Event: 2.598 Thread 0x000001cdd9d5a800 Uncommon trap: trap_request=0xffffffc6 fr.pc=0x000001cde5447d64 relative=0x00000000000005e4
Event: 2.598 Thread 0x000001cdd9d5a800 Uncommon trap: reason=bimorphic_or_optimized_type_check action=maybe_recompile pc=0x000001cde5447d64 method=org.jetbrains.kotlin.protobuf.CodedInputStream.tryRefillBuffer(I)Z @ 177 c2
Event: 2.598 Thread 0x000001cdd9d5a800 DEOPT PACKING pc=0x000001cde5447d64 sp=0x000000bc148fb570
Event: 2.598 Thread 0x000001cdd9d5a800 DEOPT UNPACKING pc=0x000001cddd8ba1af sp=0x000000bc148fb458 mode 2
Event: 2.600 Thread 0x000001cdd9d5a800 Uncommon trap: trap_request=0xffffffc6 fr.pc=0x000001cde5447d64 relative=0x00000000000005e4
Event: 2.600 Thread 0x000001cdd9d5a800 Uncommon trap: reason=bimorphic_or_optimized_type_check action=maybe_recompile pc=0x000001cde5447d64 method=org.jetbrains.kotlin.protobuf.CodedInputStream.tryRefillBuffer(I)Z @ 177 c2
Event: 2.600 Thread 0x000001cdd9d5a800 DEOPT PACKING pc=0x000001cde5447d64 sp=0x000000bc148fb570
Event: 2.600 Thread 0x000001cdd9d5a800 DEOPT UNPACKING pc=0x000001cddd8ba1af sp=0x000000bc148fb458 mode 2
Event: 2.601 Thread 0x000001cdd9d5a800 Uncommon trap: trap_request=0xffffffc6 fr.pc=0x000001cde5445690 relative=0x00000000000002b0
Event: 2.601 Thread 0x000001cdd9d5a800 Uncommon trap: reason=bimorphic_or_optimized_type_check action=maybe_recompile pc=0x000001cde5445690 method=org.jetbrains.kotlin.protobuf.CodedInputStream.tryRefillBuffer(I)Z @ 177 c2
Event: 2.601 Thread 0x000001cdd9d5a800 DEOPT PACKING pc=0x000001cde5445690 sp=0x000000bc148fb620
Event: 2.601 Thread 0x000001cdd9d5a800 DEOPT UNPACKING pc=0x000001cddd8ba1af sp=0x000000bc148fb558 mode 2
Event: 2.649 Thread 0x000001cdd9d5a800 Uncommon trap: trap_request=0xffffffc6 fr.pc=0x000001cde5445c54 relative=0x0000000000000094
Event: 2.649 Thread 0x000001cdd9d5a800 Uncommon trap: reason=bimorphic_or_optimized_type_check action=maybe_recompile pc=0x000001cde5445c54 method=java.util.AbstractList$Itr.hasNext()Z @ 8 c2
Event: 2.649 Thread 0x000001cdd9d5a800 DEOPT PACKING pc=0x000001cde5445c54 sp=0x000000bc148fc9d0
Event: 2.649 Thread 0x000001cdd9d5a800 DEOPT UNPACKING pc=0x000001cddd8ba1af sp=0x000000bc148fc968 mode 2

Classes redefined (0 events):
No events

Internal exceptions (20 events):
Event: 0.966 Thread 0x000001cdd9d5a800 Exception <a 'java/lang/NoSuchMethodError'{0x00000000874ef7f8}: 'java.lang.Object java.lang.invoke.DirectMethodHandle$Holder.invokeStaticInit(java.lang.Object, int)'> (0x00000000874ef7f8) thrown at [./src/hotspot/share/interpreter/linkResolver.cpp, line 773]
Event: 0.999 Thread 0x000001cdd9d5a800 Exception <a 'java/lang/NoSuchMethodError'{0x0000000089846068}: 'long java.lang.invoke.DirectMethodHandle$Holder.invokeStatic(java.lang.Object)'> (0x0000000089846068) thrown at [./src/hotspot/share/interpreter/linkResolver.cpp, line 773]
Event: 0.999 Thread 0x000001cdd9d5a800 Exception <a 'java/lang/NoSuchMethodError'{0x0000000089848ec0}: 'long java.lang.invoke.DirectMethodHandle$Holder.invokeStaticInit(java.lang.Object)'> (0x0000000089848ec0) thrown at [./src/hotspot/share/interpreter/linkResolver.cpp, line 773]
Event: 1.040 Thread 0x000001cdd9d5a800 Exception <a 'java/lang/NoSuchMethodError'{0x00000000894728c0}: 'int java.lang.invoke.DirectMethodHandle$Holder.invokeStaticInit(java.lang.Object, java.lang.Object, java.lang.Object)'> (0x00000000894728c0) thrown at [./src/hotspot/share/interpreter/linkResolver.cpp, line 773]
Event: 1.043 Thread 0x000001cdd9d5a800 Exception <a 'java/lang/NoSuchMethodError'{0x000000008949e2a0}: 'int java.lang.invoke.DirectMethodHandle$Holder.invokeStaticInit(java.lang.Object, java.lang.Object)'> (0x000000008949e2a0) thrown at [./src/hotspot/share/interpreter/linkResolver.cpp, line 773]
Event: 1.075 Thread 0x000001cdd9d5a800 Exception <a 'java/lang/NoSuchMethodError'{0x00000000892b2440}: 'void java.lang.invoke.DirectMethodHandle$Holder.invokeSpecial(java.lang.Object, java.lang.Object)'> (0x00000000892b2440) thrown at [./src/hotspot/share/interpreter/linkResolver.cpp, line 773]
Event: 1.187 Thread 0x000001cdd9d5a800 Exception <a 'java/lang/NoSuchMethodError'{0x0000000088913680}: 'java.lang.Object java.lang.invoke.DirectMethodHandle$Holder.invokeStatic(java.lang.Object, java.lang.Object, java.lang.Object, java.lang.Object, java.lang.Object, java.lang.Object, java.lang.Object, java.lang.Object, java.lang.Object, java.lang.Object, java.lang.Object, java.lang.Object, java.lang.Object, java.lang.Object, java.lang.Object)'> (0x0000000088913680) thrown at [./src/hotspot/share/interpreter/linkResolver.cpp, line 773]
Event: 1.188 Thread 0x000001cdd9d5a800 Exception <a 'java/lang/NoSuchMethodError'{0x0000000088921688}: 'java.lang.Object java.lang.invoke.DirectMethodHandle$Holder.invokeStatic(java.lang.Object, java.lang.Object, java.lang.Object, java.lang.Object, java.lang.Object, java.lang.Object, java.lang.Object, java.lang.Object, java.lang.Object, java.lang.Object, java.lang.Object, java.lang.Object, java.lang.Object, java.lang.Object, java.lang.Object, java.lang.Object)'> (0x0000000088921688) thrown at [./src/hotspot/share/interpreter/linkResolver.cpp, l
Event: 1.189 Thread 0x000001cdd9d5a800 Exception <a 'java/lang/NoSuchMethodError'{0x000000008892f5a0}: 'java.lang.Object java.lang.invoke.DirectMethodHandle$Holder.invokeSpecial(java.lang.Object, java.lang.Object, int, int, java.lang.Object, java.lang.Object, java.lang.Object)'> (0x000000008892f5a0) thrown at [./src/hotspot/share/interpreter/linkResolver.cpp, line 773]
Event: 1.189 Thread 0x000001cdd9d5a800 Exception <a 'java/lang/NoSuchMethodError'{0x0000000088932dd8}: 'java.lang.Object java.lang.invoke.DelegatingMethodHandle$Holder.reinvoke_L(java.lang.Object, int, int, java.lang.Object, java.lang.Object, java.lang.Object)'> (0x0000000088932dd8) thrown at [./src/hotspot/share/interpreter/linkResolver.cpp, line 773]
Event: 1.189 Thread 0x000001cdd9d5a800 Exception <a 'java/lang/NoSuchMethodError'{0x0000000088937160}: 'java.lang.Object java.lang.invoke.DirectMethodHandle$Holder.invokeStatic(java.lang.Object, java.lang.Object, java.lang.Object, java.lang.Object, int)'> (0x0000000088937160) thrown at [./src/hotspot/share/interpreter/linkResolver.cpp, line 773]
Event: 1.217 Thread 0x000001cdd9d5a800 Exception <a 'java/lang/NoSuchMethodError'{0x000000008885d800}: 'void java.lang.invoke.DirectMethodHandle$Holder.invokeStatic(java.lang.Object, java.lang.Object, java.lang.Object, java.lang.Object)'> (0x000000008885d800) thrown at [./src/hotspot/share/interpreter/linkResolver.cpp, line 773]
Event: 1.263 Thread 0x000001cdd9d5a800 Exception <a 'java/lang/NoSuchMethodError'{0x000000008843f9d8}: 'void java.lang.invoke.DirectMethodHandle$Holder.invokeStaticInit(java.lang.Object, java.lang.Object)'> (0x000000008843f9d8) thrown at [./src/hotspot/share/interpreter/linkResolver.cpp, line 773]
Event: 1.320 Thread 0x000001cdd9d5a800 Exception <a 'java/lang/NoSuchMethodError'{0x000000008806b6c8}: 'void java.lang.invoke.DirectMethodHandle$Holder.invokeVirtual(java.lang.Object, java.lang.Object)'> (0x000000008806b6c8) thrown at [./src/hotspot/share/interpreter/linkResolver.cpp, line 773]
Event: 1.327 Thread 0x000001cdd9d5a800 Exception <a 'java/lang/NoSuchMethodError'{0x00000000880f4a30}: 'int java.lang.invoke.DirectMethodHandle$Holder.invokeVirtual(java.lang.Object, java.lang.Object)'> (0x00000000880f4a30) thrown at [./src/hotspot/share/interpreter/linkResolver.cpp, line 773]
Event: 1.899 Thread 0x000001cdd9d5a800 Exception <a 'java/lang/NoSuchMethodError'{0x0000000088dc94c8}: 'java.lang.Object java.lang.invoke.DirectMethodHandle$Holder.invokeVirtual(java.lang.Object, java.lang.Object, java.lang.Object)'> (0x0000000088dc94c8) thrown at [./src/hotspot/share/interpreter/linkResolver.cpp, line 773]
Event: 2.435 Thread 0x000001cdd9d5a800 Exception <a 'java/lang/NoSuchMethodError'{0x0000000086c9f938}: 'java.lang.Object java.lang.invoke.Invokers$Holder.linkToTargetMethod(java.lang.Object, int, java.lang.Object)'> (0x0000000086c9f938) thrown at [./src/hotspot/share/interpreter/linkResolver.cpp, line 773]
Event: 2.477 Thread 0x000001cdd9d5a800 Exception <a 'java/lang/NoSuchMethodError'{0x0000000086a548e8}: 'java.lang.Object java.lang.invoke.DirectMethodHandle$Holder.invokeStatic(java.lang.Object, java.lang.Object, java.lang.Object, int)'> (0x0000000086a548e8) thrown at [./src/hotspot/share/interpreter/linkResolver.cpp, line 773]
Event: 2.477 Thread 0x000001cdd9d5a800 Exception <a 'java/lang/NoSuchMethodError'{0x0000000086a58558}: 'java.lang.Object java.lang.invoke.DirectMethodHandle$Holder.invokeSpecial(java.lang.Object, java.lang.Object, java.lang.Object, java.lang.Object, int)'> (0x0000000086a58558) thrown at [./src/hotspot/share/interpreter/linkResolver.cpp, line 773]
Event: 2.477 Thread 0x000001cdd9d5a800 Exception <a 'java/lang/NoSuchMethodError'{0x0000000086a5b868}: 'java.lang.Object java.lang.invoke.Invokers$Holder.linkToTargetMethod(java.lang.Object, java.lang.Object, int, java.lang.Object)'> (0x0000000086a5b868) thrown at [./src/hotspot/share/interpreter/linkResolver.cpp, line 773]

Events (20 events):
Event: 2.671 loading class org/jetbrains/kotlin/com/google/common/collect/AbstractIterator
Event: 2.671 loading class org/jetbrains/kotlin/com/google/common/collect/AbstractIterator done
Event: 2.671 loading class org/jetbrains/kotlin/com/google/common/collect/Iterators$9
Event: 2.671 loading class org/jetbrains/kotlin/com/google/common/collect/Iterators$9 done
Event: 2.671 loading class org/jetbrains/kotlin/com/google/common/collect/Iterators$1
Event: 2.671 loading class org/jetbrains/kotlin/com/google/common/collect/Iterators$1 done
Event: 2.671 loading class org/jetbrains/kotlin/com/google/common/collect/Iterators$ArrayItr
Event: 2.671 loading class org/jetbrains/kotlin/com/google/common/collect/Iterators$ArrayItr done
Event: 2.671 loading class org/jetbrains/kotlin/com/google/common/collect/Iterators$4
Event: 2.671 loading class org/jetbrains/kotlin/com/google/common/collect/Iterators$4 done
Event: 2.671 loading class org/jetbrains/kotlin/com/google/common/collect/PeekingIterator
Event: 2.671 loading class org/jetbrains/kotlin/com/google/common/collect/PeekingIterator done
Event: 2.672 loading class org/jetbrains/kotlin/com/google/common/collect/Iterators$10
Event: 2.672 loading class org/jetbrains/kotlin/com/google/common/collect/Iterators$10 done
Event: 2.672 loading class org/jetbrains/kotlin/com/google/common/collect/Iterators$MergingIterator
Event: 2.672 loading class org/jetbrains/kotlin/com/google/common/collect/Iterators$MergingIterator done
Event: 2.673 loading class org/jetbrains/kotlin/cli/jvm/index/JvmDependenciesIndexImpl$SearchResult$NotFound
Event: 2.673 loading class org/jetbrains/kotlin/cli/jvm/index/JvmDependenciesIndexImpl$SearchResult$NotFound done
Event: 2.673 loading class org/jetbrains/kotlin/psi/KtImportInfo$DefaultImpls
Event: 2.673 loading class org/jetbrains/kotlin/psi/KtImportInfo$DefaultImpls done


Dynamic libraries:
0x00007ff6b17f0000 - 0x00007ff6b17fa000 	C:\Program Files\Android\Android Studio\jre\bin\java.exe
0x00007ffcb1210000 - 0x00007ffcb1407000 	C:\Windows\SYSTEM32\ntdll.dll
0x00007ffcaf770000 - 0x00007ffcaf82d000 	C:\Windows\System32\KERNEL32.DLL
0x00007ffcae9c0000 - 0x00007ffcaec8d000 	C:\Windows\System32\KERNELBASE.dll
0x00007ffcaec90000 - 0x00007ffcaed90000 	C:\Windows\System32\ucrtbase.dll
0x00007ffca8f70000 - 0x00007ffca8f89000 	C:\Program Files\Android\Android Studio\jre\bin\jli.dll
0x00007ffca9380000 - 0x00007ffca9397000 	C:\Program Files\Android\Android Studio\jre\bin\VCRUNTIME140.dll
0x00007ffcb06f0000 - 0x00007ffcb0890000 	C:\Windows\System32\USER32.dll
0x00007ffc93f20000 - 0x00007ffc941ba000 	C:\Windows\WinSxS\amd64_microsoft.windows.common-controls_6595b64144ccf1df_6.0.19041.1110_none_60b5254171f9507e\COMCTL32.dll
0x00007ffcaed90000 - 0x00007ffcaedb2000 	C:\Windows\System32\win32u.dll
0x00007ffcafb50000 - 0x00007ffcafbee000 	C:\Windows\System32\msvcrt.dll
0x00007ffcaf270000 - 0x00007ffcaf29a000 	C:\Windows\System32\GDI32.dll
0x00007ffcaefb0000 - 0x00007ffcaf0bb000 	C:\Windows\System32\gdi32full.dll
0x00007ffcaedc0000 - 0x00007ffcaee5d000 	C:\Windows\System32\msvcp_win.dll
0x00007ffcb06c0000 - 0x00007ffcb06f0000 	C:\Windows\System32\IMM32.DLL
0x00007ffc89870000 - 0x00007ffc8990d000 	C:\Program Files\Android\Android Studio\jre\bin\msvcp140.dll
0x00007ffc381b0000 - 0x00007ffc38c95000 	C:\Program Files\Android\Android Studio\jre\bin\server\jvm.dll
0x00007ffcb0970000 - 0x00007ffcb0a1e000 	C:\Windows\System32\ADVAPI32.dll
0x00007ffcaff50000 - 0x00007ffcaffec000 	C:\Windows\System32\sechost.dll
0x00007ffcb0590000 - 0x00007ffcb06b5000 	C:\Windows\System32\RPCRT4.dll
0x00007ffcafff0000 - 0x00007ffcafff8000 	C:\Windows\System32\PSAPI.DLL
0x00007ffca6870000 - 0x00007ffca6879000 	C:\Windows\SYSTEM32\WSOCK32.dll
0x00007ffca8440000 - 0x00007ffca844a000 	C:\Windows\SYSTEM32\VERSION.dll
0x00007ffc95df0000 - 0x00007ffc95e17000 	C:\Windows\SYSTEM32\WINMM.dll
0x00007ffcb02b0000 - 0x00007ffcb031b000 	C:\Windows\System32\WS2_32.dll
0x00007ffcac810000 - 0x00007ffcac822000 	C:\Windows\SYSTEM32\kernel.appcore.dll
0x00007ffc8d980000 - 0x00007ffc8d991000 	C:\Program Files\Android\Android Studio\jre\bin\verify.dll
0x00007ffc98ba0000 - 0x00007ffc98d84000 	C:\Windows\SYSTEM32\DBGHELP.DLL
0x00007ffc98b10000 - 0x00007ffc98b3c000 	C:\Windows\SYSTEM32\dbgcore.DLL
0x00007ffcae930000 - 0x00007ffcae9b2000 	C:\Windows\System32\bcryptPrimitives.dll
0x00007ffc8d950000 - 0x00007ffc8d979000 	C:\Program Files\Android\Android Studio\jre\bin\java.dll
0x00007ffca6840000 - 0x00007ffca684b000 	C:\Program Files\Android\Android Studio\jre\bin\jimage.dll
0x00007ffc8d930000 - 0x00007ffc8d948000 	C:\Program Files\Android\Android Studio\jre\bin\zip.dll
0x00007ffcb0a20000 - 0x00007ffcb1164000 	C:\Windows\System32\SHELL32.dll
0x00007ffcaca10000 - 0x00007ffcad1a4000 	C:\Windows\SYSTEM32\windows.storage.dll
0x00007ffcafbf0000 - 0x00007ffcaff44000 	C:\Windows\System32\combase.dll
0x00007ffcae2b0000 - 0x00007ffcae2dc000 	C:\Windows\SYSTEM32\Wldp.dll
0x00007ffcb04e0000 - 0x00007ffcb058d000 	C:\Windows\System32\SHCORE.dll
0x00007ffcaf710000 - 0x00007ffcaf765000 	C:\Windows\System32\shlwapi.dll
0x00007ffcae870000 - 0x00007ffcae88f000 	C:\Windows\SYSTEM32\profapi.dll
0x00007ffc889f0000 - 0x00007ffc88a0a000 	C:\Program Files\Android\Android Studio\jre\bin\net.dll
0x00007ffca73d0000 - 0x00007ffca74da000 	C:\Windows\SYSTEM32\WINHTTP.dll
0x00007ffcae090000 - 0x00007ffcae0fa000 	C:\Windows\system32\mswsock.dll
0x00007ffc889d0000 - 0x00007ffc889e4000 	C:\Program Files\Android\Android Studio\jre\bin\nio.dll

dbghelp: loaded successfully - version: 4.0.5 - missing functions: none
symbol engine: initialized successfully - sym options: 0x614 - pdb path: .;C:\Program Files\Android\Android Studio\jre\bin;C:\Windows\SYSTEM32;C:\Windows\WinSxS\amd64_microsoft.windows.common-controls_6595b64144ccf1df_6.0.19041.1110_none_60b5254171f9507e;C:\Program Files\Android\Android Studio\jre\bin\server

VM Arguments:
java_command: org.jetbrains.kotlin.cli.jvm.K2JVMCompiler @C:\Users\Turonbank\AndroidStudioProjects\662k\app\build\20220701_13478302256338079774.compiler.options
java_class_path (initial): C:\Users\Turonbank\.gradle\caches\modules-2\files-2.1\org.jetbrains.kotlin\kotlin-compiler-embeddable\1.7.0\4d09852239f61842072b40b524882fa3caaed371\kotlin-compiler-embeddable-1.7.0.jar;C:\Users\Turonbank\.gradle\caches\modules-2\files-2.1\org.jetbrains.kotlin\kotlin-reflect\1.7.0\e660b0079fdaf744dc9cc7f6f3aa3c761ec839b0\kotlin-reflect-1.7.0.jar;C:\Users\Turonbank\.gradle\caches\modules-2\files-2.1\org.jetbrains.kotlin\kotlin-stdlib\1.7.0\a5f42c684ad9003160ef0d0f693ecf0ba7b13549\kotlin-stdlib-1.7.0.jar;C:\Users\Turonbank\.gradle\caches\modules-2\files-2.1\org.jetbrains.kotlin\kotlin-script-runtime\1.7.0\3acea1d447587e61bc3e1b3ed6227d9e9ed4ddf1\kotlin-script-runtime-1.7.0.jar;C:\Users\Turonbank\.gradle\caches\modules-2\files-2.1\org.jetbrains.kotlin\kotlin-daemon-embeddable\1.7.0\fd56798de80825c673ac93808284c5198ffa2b50\kotlin-daemon-embeddable-1.7.0.jar;C:\Users\Turonbank\.gradle\caches\modules-2\files-2.1\org.jetbrains.intellij.deps\trove4j\1.0.20200330\3afb14d5f9ceb459d724e907a21145e8ff394f02\trove4j-1.0.20200330.jar;C:\Users\Turonbank\.gradle\caches\modules-2\files-2.1\net.java.dev.jna\jna\5.6.0\330f2244e9030119ab3030fc3fededc86713d9cc\jna-5.6.0.jar;C:\Users\Turonbank\.gradle\caches\modules-2\files-2.1\org.jetbrains.kotlin\kotlin-stdlib-common\1.7.0\51736992f422993a1e741051bdf3c12801bc1ca1\kotlin-stdlib-common-1.7.0.jar;C:\Users\Turonbank\.gradle\caches\modules-2\files-2.1\org.jetbrains\annotations\13.0\919f0dfe192fb4e063e7dacadee7f8bb9a2672a9\annotations-13.0.jar
Launcher Type: SUN_STANDARD

[Global flags]
     intx CICompilerCount                          = 4                                         {product} {ergonomic}
     uint ConcGCThreads                            = 2                                         {product} {ergonomic}
     uint G1ConcRefinementThreads                  = 8                                         {product} {ergonomic}
   size_t G1HeapRegionSize                         = 1048576                                   {product} {ergonomic}
    uintx GCDrainStackTargetSize                   = 64                                        {product} {ergonomic}
   size_t InitialHeapSize                          = 134217728                                 {product} {ergonomic}
   size_t MarkStackSize                            = 4194304                                   {product} {ergonomic}
   size_t MaxHeapSize                              = 2120220672                                {product} {ergonomic}
   size_t MaxNewSize                               = 1271922688                                {product} {ergonomic}
   size_t MinHeapDeltaBytes                        = 1048576                                   {product} {ergonomic}
    uintx NonNMethodCodeHeapSize                   = 5836300                                {pd product} {ergonomic}
    uintx NonProfiledCodeHeapSize                  = 122910970                              {pd product} {ergonomic}
    uintx ProfiledCodeHeapSize                     = 122910970                              {pd product} {ergonomic}
    uintx ReservedCodeCacheSize                    = 251658240                              {pd product} {ergonomic}
     bool SegmentedCodeCache                       = true                                      {product} {ergonomic}
     bool UseCompressedClassPointers               = true                                 {lp64_product} {ergonomic}
     bool UseCompressedOops                        = true                                 {lp64_product} {ergonomic}
     bool UseG1GC                                  = true                                      {product} {ergonomic}
     bool UseLargePagesIndividualAllocation        = false                                  {pd product} {ergonomic}

Logging:
Log output configuration:
 #0: stdout all=warning uptime,level,tags
 #1: stderr all=off uptime,level,tags

Environment Variables:
PATH=C:\Program Files\Common Files\Oracle\Java\javapath;C:\Program Files (x86)\Common Files\Oracle\Java\javapath;C:\Windows\system32;C:\Windows;C:\Windows\System32\Wbem;C:\Windows\System32\WindowsPowerShell\v1.0\;C:\Windows\System32\OpenSSH\;C:\Users\Turonbank\AppData\Local\Microsoft\WindowsApps;C:\Users\Turonbank\AppData\Local\Programs\Git\cmd
USERNAME=Turonbank
OS=Windows_NT
PROCESSOR_IDENTIFIER=Intel64 Family 6 Model 165 Stepping 3, GenuineIntel



---------------  S Y S T E M  ---------------

OS: Windows 10 , 64 bit Build 19041 (10.0.19041.1741)
OS uptime: 0 days 5:49 hours
Hyper-V role detected

CPU:total 8 (initial active 8) (4 cores per cpu, 2 threads per core) family 6 model 165 stepping 3 microcode 0xcc, cmov, cx8, fxsr, mmx, sse, sse2, sse3, ssse3, sse4.1, sse4.2, popcnt, avx, avx2, aes, clmul, erms, 3dnowpref, lzcnt, ht, tsc, tscinvbit, bmi1, bmi2, adx, fma

Memory: 4k page, system-wide physical 8085M (603M free)
TotalPageFile size 10133M (AvailPageFile size 5M)
current process WorkingSet (physical memory assigned to process): 255M, peak: 255M
current process commit charge ("private bytes"): 364M, peak: 364M

vm_info: OpenJDK 64-Bit Server VM (11.0.12+7-b1504.28-7817840) for windows-amd64 JRE (11.0.12+7-b1504.28-7817840), built on Oct 13 2021 22:12:33 by "builder" with MS VC++ 14.0 (VS2015)

END.
