#
# There is insufficient memory for the Java Runtime Environment to continue.
# Native memory allocation (malloc) failed to allocate 979056 bytes for Chunk::new
# Possible reasons:
#   The system is out of physical RAM or swap space
#   The process is running with CompressedOops enabled, and the Java Heap may be blocking the growth of the native heap
# Possible solutions:
#   Reduce memory load on the system
#   Increase physical memory or swap space
#   Check if swap backing store is full
#   Decrease Java heap size (-Xmx/-Xms)
#   Decrease number of Java threads
#   Decrease Java thread stack sizes (-Xss)
#   Set larger code cache with -XX:ReservedCodeCacheSize=
#   JVM is running with Unscaled Compressed Oops mode in which the Java heap is
#     placed in the first 4GB address space. The Java Heap base address is the
#     maximum limit for the native heap growth. Please use -XX:HeapBaseMinAddress
#     to set the Java Heap base and to place the Java Heap above 4GB virtual address.
# This output file may be truncated or incomplete.
#
#  Out of Memory Error (./src/hotspot/share/memory/arena.cpp:197), pid=11248, tid=916
#
# JRE version: OpenJDK Runtime Environment (11.0.12+7) (build 11.0.12+7-b1504.28-7817840)
# Java VM: OpenJDK 64-Bit Server VM (11.0.12+7-b1504.28-7817840, mixed mode, tiered, compressed oops, g1 gc, windows-amd64)
# No core dump will be written. Minidumps are not enabled by default on client versions of Windows
#

---------------  S U M M A R Y ------------

Command Line: org.jetbrains.kotlin.cli.jvm.K2JVMCompiler @C:\Users\Turonbank\AndroidStudioProjects\662k\app\build\20220701_15488047714559213905.compiler.options

Host: Intel(R) Core(TM) i3-10100 CPU @ 3.60GHz, 8 cores, 7G,  Windows 10 , 64 bit Build 19041 (10.0.19041.1741)
Time: Fri Jul  1 21:13:36 2022 Западная Азия (зима) elapsed time: 7.539880 seconds (0d 0h 0m 7s)

---------------  T H R E A D  ---------------

Current thread (0x000002071e582000):  JavaThread "C2 CompilerThread2" daemon [_thread_in_native, id=916, stack(0x000000ffabd00000,0x000000ffabe00000)]


Current CompileTask:
C2:   7539 6606       4       org.jetbrains.kotlin.utils.SmartSet::add (216 bytes)

Stack: [0x000000ffabd00000,0x000000ffabe00000]
Native frames: (J=compiled Java code, j=interpreted, Vv=VM code, C=native code)
V  [jvm.dll+0x5fbcea]
V  [jvm.dll+0x731905]
V  [jvm.dll+0x732f1d]
V  [jvm.dll+0x7335d3]
V  [jvm.dll+0x247bf8]
V  [jvm.dll+0xc018c]
V  [jvm.dll+0xc06cc]
V  [jvm.dll+0x35b2db]
V  [jvm.dll+0x19d0bc]
V  [jvm.dll+0x20070e]
V  [jvm.dll+0x1ff794]
V  [jvm.dll+0x18868c]
V  [jvm.dll+0x20e0d7]
V  [jvm.dll+0x20c901]
V  [jvm.dll+0x6f9b7f]
V  [jvm.dll+0x6f26a5]
V  [jvm.dll+0x5fabf6]
C  [ucrtbase.dll+0x21bb2]
C  [KERNEL32.DLL+0x17034]
C  [ntdll.dll+0x52651]


---------------  P R O C E S S  ---------------

Threads class SMR info:
_java_thread_list=0x000002071ea0db50, length=12, elements={
0x000002070142a000, 0x000002071bff3800, 0x000002071bff7800, 0x000002071c99a000,
0x000002071c99b000, 0x000002071c99e800, 0x000002071c9a3000, 0x000002071c00f000,
0x000002071c012800, 0x000002071caef000, 0x000002071cae7000, 0x000002071e582000
}

Java Threads: ( => current thread )
  0x000002070142a000 JavaThread "main" [_thread_in_Java, id=12160, stack(0x000000ffaab00000,0x000000ffaac00000)]
  0x000002071bff3800 JavaThread "Reference Handler" daemon [_thread_blocked, id=12560, stack(0x000000ffab200000,0x000000ffab300000)]
  0x000002071bff7800 JavaThread "Finalizer" daemon [_thread_blocked, id=2436, stack(0x000000ffab300000,0x000000ffab400000)]
  0x000002071c99a000 JavaThread "Signal Dispatcher" daemon [_thread_blocked, id=10304, stack(0x000000ffab400000,0x000000ffab500000)]
  0x000002071c99b000 JavaThread "Attach Listener" daemon [_thread_blocked, id=7160, stack(0x000000ffab500000,0x000000ffab600000)]
  0x000002071c99e800 JavaThread "Service Thread" daemon [_thread_blocked, id=8464, stack(0x000000ffab600000,0x000000ffab700000)]
  0x000002071c9a3000 JavaThread "C2 CompilerThread0" daemon [_thread_in_native, id=12152, stack(0x000000ffab700000,0x000000ffab800000)]
  0x000002071c00f000 JavaThread "C1 CompilerThread0" daemon [_thread_in_vm, id=14532, stack(0x000000ffab800000,0x000000ffab900000)]
  0x000002071c012800 JavaThread "Sweeper thread" daemon [_thread_blocked, id=7204, stack(0x000000ffab900000,0x000000ffaba00000)]
  0x000002071caef000 JavaThread "Common-Cleaner" daemon [_thread_blocked, id=4320, stack(0x000000ffabb00000,0x000000ffabc00000)]
  0x000002071cae7000 JavaThread "C2 CompilerThread1" daemon [_thread_in_native, id=6620, stack(0x000000ffabc00000,0x000000ffabd00000)]
=>0x000002071e582000 JavaThread "C2 CompilerThread2" daemon [_thread_in_native, id=916, stack(0x000000ffabd00000,0x000000ffabe00000)]

Other Threads:
  0x000002071bfcd800 VMThread "VM Thread" [stack: 0x000000ffab100000,0x000000ffab200000] [id=9040]
  0x000002071cae6000 WatcherThread [stack: 0x000000ffaba00000,0x000000ffabb00000] [id=13544]
  0x0000020701442800 GCTaskThread "GC Thread#0" [stack: 0x000000ffaac00000,0x000000ffaad00000] [id=11000]
  0x000002071d36b000 GCTaskThread "GC Thread#1" [stack: 0x000000ffabe00000,0x000000ffabf00000] [id=11432]
  0x000002071d024800 GCTaskThread "GC Thread#2" [stack: 0x000000ffabf00000,0x000000ffac000000] [id=5200]
  0x0000020701472000 ConcurrentGCThread "G1 Main Marker" [stack: 0x000000ffaad00000,0x000000ffaae00000] [id=14356]
  0x0000020701474800 ConcurrentGCThread "G1 Conc#0" [stack: 0x000000ffaae00000,0x000000ffaaf00000] [id=720]
  0x000002071d4a5000 ConcurrentGCThread "G1 Conc#1" [stack: 0x000000ffac000000,0x000000ffac100000] [id=1700]
  0x000002071be40800 ConcurrentGCThread "G1 Refine#0" [stack: 0x000000ffaaf00000,0x000000ffab000000] [id=11368]
  0x000002071be41800 ConcurrentGCThread "G1 Young RemSet Sampling" [stack: 0x000000ffab000000,0x000000ffab100000] [id=6744]

Threads with active compile tasks:
C2 CompilerThread0   7558 6684       4       org.jetbrains.kotlin.serialization.deserialization.descriptors.DeserializedPackageMemberScope::hasClass (116 bytes)
C1 CompilerThread0   7558 6724       3       org.jetbrains.kotlin.cli.jvm.compiler.KotlinCliJavaFileManagerImpl$findVirtualFileForTopLevelClass$$inlined$getOrPut$lambda$1::invoke (26 bytes)
C2 CompilerThread1   7558 6632       4       org.jetbrains.kotlin.types.TypeUtils::contains (301 bytes)
C2 CompilerThread2   7558 6606       4       org.jetbrains.kotlin.utils.SmartSet::add (216 bytes)

VM state:not at safepoint (normal execution)

VM Mutex/Monitor currently owned by a thread: None

Heap address: 0x0000000081a00000, size: 2022 MB, Compressed Oops mode: 32-bit
Narrow klass base: 0x0000000000000000, Narrow klass shift: 3
Compressed class space size: 1073741824 Address: 0x0000000100000000

Heap:
 garbage-first heap   total 157696K, used 53970K [0x0000000081a00000, 0x0000000100000000)
  region size 1024K, 22 young (22528K), 9 survivors (9216K)
 Metaspace       used 57910K, capacity 58513K, committed 58624K, reserved 1101824K
  class space    used 6570K, capacity 6814K, committed 6912K, reserved 1048576K
Heap Regions: E=young(eden), S=young(survivor), O=old, HS=humongous(starts), HC=humongous(continues), CS=collection set, F=free, A=archive, TAMS=top-at-mark-start (previous, next)
|   0|0x0000000081a00000, 0x0000000081b00000, 0x0000000081b00000|100%|HS|  |TAMS 0x0000000081b00000, 0x0000000081a00000| Complete 
|   1|0x0000000081b00000, 0x0000000081c00000, 0x0000000081c00000|100%|HC|  |TAMS 0x0000000081c00000, 0x0000000081b00000| Complete 
|   2|0x0000000081c00000, 0x0000000081d00000, 0x0000000081d00000|100%|HC|  |TAMS 0x0000000081d00000, 0x0000000081c00000| Complete 
|   3|0x0000000081d00000, 0x0000000081e00000, 0x0000000081e00000|100%| O|  |TAMS 0x0000000081e00000, 0x0000000081d00000| Untracked 
|   4|0x0000000081e00000, 0x0000000081f00000, 0x0000000081f00000|100%| O|  |TAMS 0x0000000081f00000, 0x0000000081e00000| Untracked 
|   5|0x0000000081f00000, 0x0000000082000000, 0x0000000082000000|100%|HS|  |TAMS 0x0000000082000000, 0x0000000081f00000| Complete 
|   6|0x0000000082000000, 0x0000000082100000, 0x0000000082100000|100%|HC|  |TAMS 0x0000000082100000, 0x0000000082000000| Complete 
|   7|0x0000000082100000, 0x0000000082200000, 0x0000000082200000|100%|HC|  |TAMS 0x0000000082200000, 0x0000000082100000| Complete 
|   8|0x0000000082200000, 0x0000000082300000, 0x0000000082300000|100%|HS|  |TAMS 0x0000000082300000, 0x0000000082200000| Complete 
|   9|0x0000000082300000, 0x0000000082400000, 0x0000000082400000|100%|HC|  |TAMS 0x0000000082400000, 0x0000000082300000| Complete 
|  10|0x0000000082400000, 0x0000000082500000, 0x0000000082500000|100%| O|  |TAMS 0x0000000082500000, 0x0000000082400000| Untracked 
|  11|0x0000000082500000, 0x0000000082600000, 0x0000000082600000|100%| O|  |TAMS 0x0000000082600000, 0x0000000082500000| Untracked 
|  12|0x0000000082600000, 0x0000000082700000, 0x0000000082700000|100%| O|  |TAMS 0x0000000082700000, 0x0000000082600000| Untracked 
|  13|0x0000000082700000, 0x0000000082800000, 0x0000000082800000|100%| O|  |TAMS 0x0000000082800000, 0x0000000082700000| Untracked 
|  14|0x0000000082800000, 0x0000000082900000, 0x0000000082900000|100%| O|  |TAMS 0x0000000082900000, 0x0000000082800000| Untracked 
|  15|0x0000000082900000, 0x0000000082a00000, 0x0000000082a00000|100%| O|  |TAMS 0x0000000082a00000, 0x0000000082900000| Untracked 
|  16|0x0000000082a00000, 0x0000000082b00000, 0x0000000082b00000|100%| O|  |TAMS 0x0000000082b00000, 0x0000000082a00000| Untracked 
|  17|0x0000000082b00000, 0x0000000082c00000, 0x0000000082c00000|100%| O|  |TAMS 0x0000000082c00000, 0x0000000082b00000| Untracked 
|  18|0x0000000082c00000, 0x0000000082d00000, 0x0000000082d00000|100%| O|  |TAMS 0x0000000082d00000, 0x0000000082c00000| Untracked 
|  19|0x0000000082d00000, 0x0000000082e00000, 0x0000000082e00000|100%| O|  |TAMS 0x0000000082e00000, 0x0000000082d00000| Untracked 
|  20|0x0000000082e00000, 0x0000000082f00000, 0x0000000082f00000|100%| O|  |TAMS 0x0000000082e2dc00, 0x0000000082e00000| Untracked 
|  21|0x0000000082f00000, 0x0000000083000000, 0x0000000083000000|100%| O|  |TAMS 0x0000000082f00000, 0x0000000082f00000| Untracked 
|  22|0x0000000083000000, 0x0000000083100000, 0x0000000083100000|100%| O|  |TAMS 0x0000000083000000, 0x0000000083000000| Untracked 
|  23|0x0000000083100000, 0x0000000083200000, 0x0000000083200000|100%| O|  |TAMS 0x0000000083100000, 0x0000000083100000| Untracked 
|  24|0x0000000083200000, 0x0000000083300000, 0x0000000083300000|100%| O|  |TAMS 0x0000000083200000, 0x0000000083200000| Untracked 
|  25|0x0000000083300000, 0x0000000083400000, 0x0000000083400000|100%| O|  |TAMS 0x0000000083300000, 0x0000000083300000| Untracked 
|  26|0x0000000083400000, 0x0000000083500000, 0x0000000083500000|100%| O|  |TAMS 0x0000000083400000, 0x0000000083400000| Untracked 
|  27|0x0000000083500000, 0x0000000083600000, 0x0000000083600000|100%| O|  |TAMS 0x0000000083500000, 0x0000000083500000| Untracked 
|  28|0x0000000083600000, 0x0000000083700000, 0x0000000083700000|100%| O|  |TAMS 0x0000000083600000, 0x0000000083600000| Untracked 
|  29|0x0000000083700000, 0x0000000083800000, 0x0000000083800000|100%| O|  |TAMS 0x0000000083700000, 0x0000000083700000| Untracked 
|  30|0x0000000083800000, 0x0000000083900000, 0x0000000083900000|100%| O|  |TAMS 0x0000000083800000, 0x0000000083800000| Untracked 
|  31|0x0000000083900000, 0x00000000839b4800, 0x0000000083a00000| 70%| O|  |TAMS 0x0000000083900000, 0x0000000083900000| Untracked 
|  32|0x0000000083a00000, 0x0000000083a00000, 0x0000000083b00000|  0%| F|  |TAMS 0x0000000083a00000, 0x0000000083a00000| Untracked 
|  33|0x0000000083b00000, 0x0000000083b00000, 0x0000000083c00000|  0%| F|  |TAMS 0x0000000083b00000, 0x0000000083b00000| Untracked 
|  34|0x0000000083c00000, 0x0000000083c00000, 0x0000000083d00000|  0%| F|  |TAMS 0x0000000083c00000, 0x0000000083c00000| Untracked 
|  35|0x0000000083d00000, 0x0000000083d00000, 0x0000000083e00000|  0%| F|  |TAMS 0x0000000083d00000, 0x0000000083d00000| Untracked 
|  36|0x0000000083e00000, 0x0000000083e00000, 0x0000000083f00000|  0%| F|  |TAMS 0x0000000083e00000, 0x0000000083e00000| Untracked 
|  37|0x0000000083f00000, 0x0000000083f00000, 0x0000000084000000|  0%| F|  |TAMS 0x0000000083f00000, 0x0000000083f00000| Untracked 
|  38|0x0000000084000000, 0x0000000084000000, 0x0000000084100000|  0%| F|  |TAMS 0x0000000084000000, 0x0000000084000000| Untracked 
|  39|0x0000000084100000, 0x0000000084100000, 0x0000000084200000|  0%| F|  |TAMS 0x0000000084100000, 0x0000000084100000| Untracked 
|  40|0x0000000084200000, 0x0000000084200000, 0x0000000084300000|  0%| F|  |TAMS 0x0000000084200000, 0x0000000084200000| Untracked 
|  41|0x0000000084300000, 0x0000000084300000, 0x0000000084400000|  0%| F|  |TAMS 0x0000000084300000, 0x0000000084300000| Untracked 
|  42|0x0000000084400000, 0x0000000084400000, 0x0000000084500000|  0%| F|  |TAMS 0x0000000084400000, 0x0000000084400000| Untracked 
|  43|0x0000000084500000, 0x0000000084500000, 0x0000000084600000|  0%| F|  |TAMS 0x0000000084500000, 0x0000000084500000| Untracked 
|  44|0x0000000084600000, 0x0000000084600000, 0x0000000084700000|  0%| F|  |TAMS 0x0000000084600000, 0x0000000084600000| Untracked 
|  45|0x0000000084700000, 0x0000000084700000, 0x0000000084800000|  0%| F|  |TAMS 0x0000000084700000, 0x0000000084700000| Untracked 
|  46|0x0000000084800000, 0x0000000084800000, 0x0000000084900000|  0%| F|  |TAMS 0x0000000084800000, 0x0000000084800000| Untracked 
|  47|0x0000000084900000, 0x0000000084900000, 0x0000000084a00000|  0%| F|  |TAMS 0x0000000084900000, 0x0000000084900000| Untracked 
|  48|0x0000000084a00000, 0x0000000084a00000, 0x0000000084b00000|  0%| F|  |TAMS 0x0000000084a00000, 0x0000000084a00000| Untracked 
|  49|0x0000000084b00000, 0x0000000084b00000, 0x0000000084c00000|  0%| F|  |TAMS 0x0000000084b00000, 0x0000000084b00000| Untracked 
|  50|0x0000000084c00000, 0x0000000084c00000, 0x0000000084d00000|  0%| F|  |TAMS 0x0000000084c00000, 0x0000000084c00000| Untracked 
|  51|0x0000000084d00000, 0x0000000084d00000, 0x0000000084e00000|  0%| F|  |TAMS 0x0000000084d00000, 0x0000000084d00000| Untracked 
|  52|0x0000000084e00000, 0x0000000084e00000, 0x0000000084f00000|  0%| F|  |TAMS 0x0000000084e00000, 0x0000000084e00000| Untracked 
|  53|0x0000000084f00000, 0x0000000084f00000, 0x0000000085000000|  0%| F|  |TAMS 0x0000000084f00000, 0x0000000084f00000| Untracked 
|  54|0x0000000085000000, 0x0000000085000000, 0x0000000085100000|  0%| F|  |TAMS 0x0000000085000000, 0x0000000085000000| Untracked 
|  55|0x0000000085100000, 0x0000000085100000, 0x0000000085200000|  0%| F|  |TAMS 0x0000000085100000, 0x0000000085100000| Untracked 
|  56|0x0000000085200000, 0x0000000085200000, 0x0000000085300000|  0%| F|  |TAMS 0x0000000085200000, 0x0000000085200000| Untracked 
|  57|0x0000000085300000, 0x0000000085300000, 0x0000000085400000|  0%| F|  |TAMS 0x0000000085300000, 0x0000000085300000| Untracked 
|  58|0x0000000085400000, 0x0000000085400000, 0x0000000085500000|  0%| F|  |TAMS 0x0000000085400000, 0x0000000085400000| Untracked 
|  59|0x0000000085500000, 0x0000000085500000, 0x0000000085600000|  0%| F|  |TAMS 0x0000000085500000, 0x0000000085500000| Untracked 
|  60|0x0000000085600000, 0x0000000085600000, 0x0000000085700000|  0%| F|  |TAMS 0x0000000085600000, 0x0000000085600000| Untracked 
|  61|0x0000000085700000, 0x0000000085700000, 0x0000000085800000|  0%| F|  |TAMS 0x0000000085700000, 0x0000000085700000| Untracked 
|  62|0x0000000085800000, 0x0000000085800000, 0x0000000085900000|  0%| F|  |TAMS 0x0000000085800000, 0x0000000085800000| Untracked 
|  63|0x0000000085900000, 0x0000000085900000, 0x0000000085a00000|  0%| F|  |TAMS 0x0000000085900000, 0x0000000085900000| Untracked 
|  64|0x0000000085a00000, 0x0000000085a00000, 0x0000000085b00000|  0%| F|  |TAMS 0x0000000085a00000, 0x0000000085a00000| Untracked 
|  65|0x0000000085b00000, 0x0000000085b00000, 0x0000000085c00000|  0%| F|  |TAMS 0x0000000085b00000, 0x0000000085b00000| Untracked 
|  66|0x0000000085c00000, 0x0000000085c00000, 0x0000000085d00000|  0%| F|  |TAMS 0x0000000085c00000, 0x0000000085c00000| Untracked 
|  67|0x0000000085d00000, 0x0000000085d00000, 0x0000000085e00000|  0%| F|  |TAMS 0x0000000085d00000, 0x0000000085d00000| Untracked 
|  68|0x0000000085e00000, 0x0000000085e00000, 0x0000000085f00000|  0%| F|  |TAMS 0x0000000085e00000, 0x0000000085e00000| Untracked 
|  69|0x0000000085f00000, 0x0000000085f00000, 0x0000000086000000|  0%| F|  |TAMS 0x0000000085f00000, 0x0000000085f00000| Untracked 
|  70|0x0000000086000000, 0x0000000086000000, 0x0000000086100000|  0%| F|  |TAMS 0x0000000086000000, 0x0000000086000000| Untracked 
|  71|0x0000000086100000, 0x0000000086100000, 0x0000000086200000|  0%| F|  |TAMS 0x0000000086100000, 0x0000000086100000| Untracked 
|  72|0x0000000086200000, 0x0000000086200000, 0x0000000086300000|  0%| F|  |TAMS 0x0000000086200000, 0x0000000086200000| Untracked 
|  73|0x0000000086300000, 0x0000000086300000, 0x0000000086400000|  0%| F|  |TAMS 0x0000000086300000, 0x0000000086300000| Untracked 
|  74|0x0000000086400000, 0x0000000086500000, 0x0000000086500000|100%| S|CS|TAMS 0x0000000086400000, 0x0000000086400000| Complete 
|  75|0x0000000086500000, 0x0000000086600000, 0x0000000086600000|100%| S|CS|TAMS 0x0000000086500000, 0x0000000086500000| Complete 
|  76|0x0000000086600000, 0x0000000086700000, 0x0000000086700000|100%| S|CS|TAMS 0x0000000086600000, 0x0000000086600000| Complete 
|  77|0x0000000086700000, 0x0000000086800000, 0x0000000086800000|100%| S|CS|TAMS 0x0000000086700000, 0x0000000086700000| Complete 
|  78|0x0000000086800000, 0x0000000086900000, 0x0000000086900000|100%| S|CS|TAMS 0x0000000086800000, 0x0000000086800000| Complete 
|  79|0x0000000086900000, 0x0000000086a00000, 0x0000000086a00000|100%| S|CS|TAMS 0x0000000086900000, 0x0000000086900000| Complete 
|  80|0x0000000086a00000, 0x0000000086b00000, 0x0000000086b00000|100%| S|CS|TAMS 0x0000000086a00000, 0x0000000086a00000| Complete 
|  81|0x0000000086b00000, 0x0000000086c00000, 0x0000000086c00000|100%| S|CS|TAMS 0x0000000086b00000, 0x0000000086b00000| Complete 
|  82|0x0000000086c00000, 0x0000000086d00000, 0x0000000086d00000|100%| S|CS|TAMS 0x0000000086c00000, 0x0000000086c00000| Complete 
|  83|0x0000000086d00000, 0x0000000086d00000, 0x0000000086e00000|  0%| F|  |TAMS 0x0000000086d00000, 0x0000000086d00000| Untracked 
|  84|0x0000000086e00000, 0x0000000086e00000, 0x0000000086f00000|  0%| F|  |TAMS 0x0000000086e00000, 0x0000000086e00000| Untracked 
|  85|0x0000000086f00000, 0x0000000086f00000, 0x0000000087000000|  0%| F|  |TAMS 0x0000000086f00000, 0x0000000086f00000| Untracked 
|  86|0x0000000087000000, 0x0000000087000000, 0x0000000087100000|  0%| F|  |TAMS 0x0000000087000000, 0x0000000087000000| Untracked 
|  87|0x0000000087100000, 0x0000000087100000, 0x0000000087200000|  0%| F|  |TAMS 0x0000000087100000, 0x0000000087100000| Untracked 
|  88|0x0000000087200000, 0x0000000087200000, 0x0000000087300000|  0%| F|  |TAMS 0x0000000087200000, 0x0000000087200000| Untracked 
|  89|0x0000000087300000, 0x0000000087300000, 0x0000000087400000|  0%| F|  |TAMS 0x0000000087300000, 0x0000000087300000| Untracked 
|  90|0x0000000087400000, 0x0000000087400000, 0x0000000087500000|  0%| F|  |TAMS 0x0000000087400000, 0x0000000087400000| Untracked 
|  91|0x0000000087500000, 0x0000000087500000, 0x0000000087600000|  0%| F|  |TAMS 0x0000000087500000, 0x0000000087500000| Untracked 
|  92|0x0000000087600000, 0x0000000087600000, 0x0000000087700000|  0%| F|  |TAMS 0x0000000087600000, 0x0000000087600000| Untracked 
|  93|0x0000000087700000, 0x0000000087700000, 0x0000000087800000|  0%| F|  |TAMS 0x0000000087700000, 0x0000000087700000| Untracked 
|  94|0x0000000087800000, 0x0000000087800000, 0x0000000087900000|  0%| F|  |TAMS 0x0000000087800000, 0x0000000087800000| Untracked 
|  95|0x0000000087900000, 0x0000000087900000, 0x0000000087a00000|  0%| F|  |TAMS 0x0000000087900000, 0x0000000087900000| Untracked 
|  96|0x0000000087a00000, 0x0000000087a00000, 0x0000000087b00000|  0%| F|  |TAMS 0x0000000087a00000, 0x0000000087a00000| Untracked 
|  97|0x0000000087b00000, 0x0000000087b00000, 0x0000000087c00000|  0%| F|  |TAMS 0x0000000087b00000, 0x0000000087b00000| Untracked 
|  98|0x0000000087c00000, 0x0000000087c00000, 0x0000000087d00000|  0%| F|  |TAMS 0x0000000087c00000, 0x0000000087c00000| Untracked 
|  99|0x0000000087d00000, 0x0000000087d00000, 0x0000000087e00000|  0%| F|  |TAMS 0x0000000087d00000, 0x0000000087d00000| Untracked 
| 100|0x0000000087e00000, 0x0000000087e00000, 0x0000000087f00000|  0%| F|  |TAMS 0x0000000087e00000, 0x0000000087e00000| Untracked 
| 101|0x0000000087f00000, 0x0000000087f00000, 0x0000000088000000|  0%| F|  |TAMS 0x0000000087f00000, 0x0000000087f00000| Untracked 
| 102|0x0000000088000000, 0x0000000088000000, 0x0000000088100000|  0%| F|  |TAMS 0x0000000088000000, 0x0000000088000000| Untracked 
| 103|0x0000000088100000, 0x0000000088100000, 0x0000000088200000|  0%| F|  |TAMS 0x0000000088100000, 0x0000000088100000| Untracked 
| 104|0x0000000088200000, 0x0000000088200000, 0x0000000088300000|  0%| F|  |TAMS 0x0000000088200000, 0x0000000088200000| Untracked 
| 105|0x0000000088300000, 0x0000000088300000, 0x0000000088400000|  0%| F|  |TAMS 0x0000000088300000, 0x0000000088300000| Untracked 
| 106|0x0000000088400000, 0x0000000088400000, 0x0000000088500000|  0%| F|  |TAMS 0x0000000088400000, 0x0000000088400000| Untracked 
| 107|0x0000000088500000, 0x0000000088500000, 0x0000000088600000|  0%| F|  |TAMS 0x0000000088500000, 0x0000000088500000| Untracked 
| 108|0x0000000088600000, 0x0000000088600000, 0x0000000088700000|  0%| F|  |TAMS 0x0000000088600000, 0x0000000088600000| Untracked 
| 109|0x0000000088700000, 0x0000000088700000, 0x0000000088800000|  0%| F|  |TAMS 0x0000000088700000, 0x0000000088700000| Untracked 
| 110|0x0000000088800000, 0x0000000088800000, 0x0000000088900000|  0%| F|  |TAMS 0x0000000088800000, 0x0000000088800000| Untracked 
| 111|0x0000000088900000, 0x0000000088900000, 0x0000000088a00000|  0%| F|  |TAMS 0x0000000088900000, 0x0000000088900000| Untracked 
| 112|0x0000000088a00000, 0x0000000088a00000, 0x0000000088b00000|  0%| F|  |TAMS 0x0000000088a00000, 0x0000000088a00000| Untracked 
| 113|0x0000000088b00000, 0x0000000088b00000, 0x0000000088c00000|  0%| F|  |TAMS 0x0000000088b00000, 0x0000000088b00000| Untracked 
| 114|0x0000000088c00000, 0x0000000088c00000, 0x0000000088d00000|  0%| F|  |TAMS 0x0000000088c00000, 0x0000000088c00000| Untracked 
| 115|0x0000000088d00000, 0x0000000088d00000, 0x0000000088e00000|  0%| F|  |TAMS 0x0000000088d00000, 0x0000000088d00000| Untracked 
| 116|0x0000000088e00000, 0x0000000088e00000, 0x0000000088f00000|  0%| F|  |TAMS 0x0000000088e00000, 0x0000000088e00000| Untracked 
| 117|0x0000000088f00000, 0x0000000088f00000, 0x0000000089000000|  0%| F|  |TAMS 0x0000000088f00000, 0x0000000088f00000| Untracked 
| 118|0x0000000089000000, 0x0000000089000000, 0x0000000089100000|  0%| F|  |TAMS 0x0000000089000000, 0x0000000089000000| Untracked 
| 119|0x0000000089100000, 0x0000000089100000, 0x0000000089200000|  0%| F|  |TAMS 0x0000000089100000, 0x0000000089100000| Untracked 
| 120|0x0000000089200000, 0x0000000089200000, 0x0000000089300000|  0%| F|  |TAMS 0x0000000089200000, 0x0000000089200000| Untracked 
| 121|0x0000000089300000, 0x0000000089300000, 0x0000000089400000|  0%| F|  |TAMS 0x0000000089300000, 0x0000000089300000| Untracked 
| 122|0x0000000089400000, 0x0000000089400000, 0x0000000089500000|  0%| F|  |TAMS 0x0000000089400000, 0x0000000089400000| Untracked 
| 123|0x0000000089500000, 0x0000000089500000, 0x0000000089600000|  0%| F|  |TAMS 0x0000000089500000, 0x0000000089500000| Untracked 
| 124|0x0000000089600000, 0x0000000089600000, 0x0000000089700000|  0%| F|  |TAMS 0x0000000089600000, 0x0000000089600000| Untracked 
| 125|0x0000000089700000, 0x0000000089700000, 0x0000000089800000|  0%| F|  |TAMS 0x0000000089700000, 0x0000000089700000| Untracked 
| 126|0x0000000089800000, 0x0000000089800000, 0x0000000089900000|  0%| F|  |TAMS 0x0000000089800000, 0x0000000089800000| Untracked 
| 127|0x0000000089900000, 0x0000000089900000, 0x0000000089a00000|  0%| F|  |TAMS 0x0000000089900000, 0x0000000089900000| Untracked 
| 128|0x0000000089a00000, 0x0000000089a00000, 0x0000000089b00000|  0%| F|  |TAMS 0x0000000089a00000, 0x0000000089a00000| Untracked 
| 129|0x0000000089b00000, 0x0000000089b00000, 0x0000000089c00000|  0%| F|  |TAMS 0x0000000089b00000, 0x0000000089b00000| Untracked 
| 130|0x0000000089c00000, 0x0000000089c00000, 0x0000000089d00000|  0%| F|  |TAMS 0x0000000089c00000, 0x0000000089c00000| Untracked 
| 131|0x0000000089d00000, 0x0000000089d00000, 0x0000000089e00000|  0%| F|  |TAMS 0x0000000089d00000, 0x0000000089d00000| Untracked 
| 132|0x0000000089e00000, 0x0000000089e00000, 0x0000000089f00000|  0%| F|  |TAMS 0x0000000089e00000, 0x0000000089e00000| Untracked 
| 133|0x0000000089f00000, 0x0000000089f00000, 0x000000008a000000|  0%| F|  |TAMS 0x0000000089f00000, 0x0000000089f00000| Untracked 
| 134|0x000000008a000000, 0x000000008a000000, 0x000000008a100000|  0%| F|  |TAMS 0x000000008a000000, 0x000000008a000000| Untracked 
| 135|0x000000008a100000, 0x000000008a100000, 0x000000008a200000|  0%| F|  |TAMS 0x000000008a100000, 0x000000008a100000| Untracked 
| 136|0x000000008a200000, 0x000000008a200000, 0x000000008a300000|  0%| F|  |TAMS 0x000000008a200000, 0x000000008a200000| Untracked 
| 137|0x000000008a300000, 0x000000008a300000, 0x000000008a400000|  0%| F|  |TAMS 0x000000008a300000, 0x000000008a300000| Untracked 
| 138|0x000000008a400000, 0x000000008a400000, 0x000000008a500000|  0%| F|  |TAMS 0x000000008a400000, 0x000000008a400000| Untracked 
| 139|0x000000008a500000, 0x000000008a500000, 0x000000008a600000|  0%| F|  |TAMS 0x000000008a500000, 0x000000008a500000| Untracked 
| 140|0x000000008a600000, 0x000000008a600000, 0x000000008a700000|  0%| F|  |TAMS 0x000000008a600000, 0x000000008a600000| Untracked 
| 141|0x000000008a700000, 0x000000008a800000, 0x000000008a800000|100%| E|  |TAMS 0x000000008a700000, 0x000000008a700000| Complete 
| 142|0x000000008a800000, 0x000000008a900000, 0x000000008a900000|100%| E|CS|TAMS 0x000000008a800000, 0x000000008a800000| Complete 
| 143|0x000000008a900000, 0x000000008aa00000, 0x000000008aa00000|100%| E|CS|TAMS 0x000000008a900000, 0x000000008a900000| Complete 
| 144|0x000000008aa00000, 0x000000008ab00000, 0x000000008ab00000|100%| E|CS|TAMS 0x000000008aa00000, 0x000000008aa00000| Complete 
| 145|0x000000008ab00000, 0x000000008ac00000, 0x000000008ac00000|100%| E|CS|TAMS 0x000000008ab00000, 0x000000008ab00000| Complete 
| 146|0x000000008ac00000, 0x000000008ad00000, 0x000000008ad00000|100%| E|CS|TAMS 0x000000008ac00000, 0x000000008ac00000| Complete 
| 147|0x000000008ad00000, 0x000000008ae00000, 0x000000008ae00000|100%| E|CS|TAMS 0x000000008ad00000, 0x000000008ad00000| Complete 
| 148|0x000000008ae00000, 0x000000008af00000, 0x000000008af00000|100%| E|CS|TAMS 0x000000008ae00000, 0x000000008ae00000| Complete 
| 149|0x000000008af00000, 0x000000008b000000, 0x000000008b000000|100%| E|CS|TAMS 0x000000008af00000, 0x000000008af00000| Complete 
| 150|0x000000008b000000, 0x000000008b100000, 0x000000008b100000|100%| E|CS|TAMS 0x000000008b000000, 0x000000008b000000| Complete 
| 151|0x000000008b100000, 0x000000008b200000, 0x000000008b200000|100%| E|CS|TAMS 0x000000008b100000, 0x000000008b100000| Complete 
| 152|0x000000008b200000, 0x000000008b300000, 0x000000008b300000|100%| E|CS|TAMS 0x000000008b200000, 0x000000008b200000| Complete 
| 153|0x000000008b300000, 0x000000008b400000, 0x000000008b400000|100%| E|CS|TAMS 0x000000008b300000, 0x000000008b300000| Complete 

Card table byte_map: [0x0000020714de0000,0x00000207151e0000] _byte_map_base: 0x00000207149d3000

Marking Bits (Prev, Next): (CMBitMap*) 0x00000207014694a8, (CMBitMap*) 0x00000207014694e0
 Prev Bits: [0x00000207155e0000, 0x0000020717578000)
 Next Bits: [0x0000020717580000, 0x0000020719518000)

Polling page: 0x0000020701510000

Metaspace:

Usage:
  Non-class:     50.49 MB capacity,    50.14 MB (>99%) used,   270.80 KB ( <1%) free+waste,    87.63 KB ( <1%) overhead. 
      Class:      6.65 MB capacity,     6.42 MB ( 96%) used,   206.60 KB (  3%) free+waste,    36.94 KB ( <1%) overhead. 
       Both:     57.14 MB capacity,    56.55 MB ( 99%) used,   477.40 KB ( <1%) free+waste,   124.56 KB ( <1%) overhead. 

Virtual space:
  Non-class space:       52.00 MB reserved,      50.50 MB ( 97%) committed 
      Class space:        1.00 GB reserved,       6.75 MB ( <1%) committed 
             Both:        1.05 GB reserved,      57.25 MB (  5%) committed 

Chunk freelists:
   Non-Class:  13.00 KB
       Class:  2.00 KB
        Both:  15.00 KB

MaxMetaspaceSize: 17179869184.00 GB
CompressedClassSpaceSize: 1.00 GB
Initial GC threshold: 20.80 MB
Current GC threshold: 58.75 MB
CDS: off

CodeHeap 'non-profiled nmethods': size=120000Kb used=3393Kb max_used=3393Kb free=116607Kb
 bounds [0x000002070ca30000, 0x000002070cd90000, 0x0000020713f60000]
CodeHeap 'profiled nmethods': size=120000Kb used=17367Kb max_used=17367Kb free=102632Kb
 bounds [0x0000020705500000, 0x0000020706600000, 0x000002070ca30000]
CodeHeap 'non-nmethods': size=5760Kb used=1298Kb max_used=1361Kb free=4461Kb
 bounds [0x0000020704f60000, 0x00000207051d0000, 0x0000020705500000]
 total_blobs=7279 nmethods=6702 adapters=488
 compilation: enabled
              stopped_count=0, restarted_count=0
 full_count=0

Compilation events (20 events):
Event: 7.528 Thread 0x000002071c9a3000 6684       4       org.jetbrains.kotlin.serialization.deserialization.descriptors.DeserializedPackageMemberScope::hasClass (116 bytes)
Event: 7.531 Thread 0x000002071c00f000 6689       3       org.jetbrains.kotlin.resolve.scopes.ImportingScope$DefaultImpls::getContributedClassifierIncludeDeprecated (22 bytes)
Event: 7.532 Thread 0x000002071c00f000 nmethod 6689 0x00000207065d6710 code [0x00000207065d6ac0, 0x00000207065d8068]
Event: 7.532 Thread 0x000002071c00f000 6690       3       org.jetbrains.kotlin.resolve.lazy.LazyImportScope$getClassifier$1::invoke (5 bytes)
Event: 7.532 Thread 0x000002071c00f000 nmethod 6690 0x00000207065d8790 code [0x00000207065d8940, 0x00000207065d8a68]
Event: 7.532 Thread 0x000002071c00f000 6691       3       org.jetbrains.kotlin.resolve.lazy.LazyImportScope::getContributedClassifierIncludeDeprecated (7 bytes)
Event: 7.534 Thread 0x000002071c00f000 nmethod 6691 0x00000207065d8b10 code [0x00000207065d8ec0, 0x00000207065da2c8]
Event: 7.535 Thread 0x000002071c00f000 6693       1       org.jetbrains.kotlin.resolve.calls.util.CallMaker$3::getCallOperationNode (5 bytes)
Event: 7.535 Thread 0x000002071c00f000 nmethod 6693 0x000002070cd7fb10 code [0x000002070cd7fcc0, 0x000002070cd7fd78]
Event: 7.535 Thread 0x000002071c00f000 6694       3       java.lang.Math::max (12 bytes)
Event: 7.535 Thread 0x000002071c00f000 nmethod 6694 0x00000207065da990 code [0x00000207065dab40, 0x00000207065dac78]
Event: 7.535 Thread 0x000002071c00f000 6696       3       org.jetbrains.kotlin.parsing.KotlinExpressionParsing::parseCallSuffix (118 bytes)
Event: 7.536 Thread 0x000002071c00f000 nmethod 6696 0x00000207065dad10 code [0x00000207065dafe0, 0x00000207065dbca8]
Event: 7.536 Thread 0x000002071c00f000 6697       3       org.jetbrains.kotlin.parsing.AbstractKotlinParsing::tokenMatches (48 bytes)
Event: 7.536 Thread 0x000002071c00f000 nmethod 6697 0x00000207065dc010 code [0x00000207065dc200, 0x00000207065dc698]
Event: 7.536 Thread 0x000002071c00f000 6700       3       org.jetbrains.kotlin.com.intellij.psi.impl.source.tree.LazyParseableElement::setLastChildNode (21 bytes)
Event: 7.537 Thread 0x000002071c00f000 nmethod 6700 0x00000207065dc810 code [0x00000207065dca00, 0x00000207065dce58]
Event: 7.537 Thread 0x000002071c00f000 6701       3       org.jetbrains.kotlin.psi.KtImportDirective::getAliasName (18 bytes)
Event: 7.537 Thread 0x000002071c00f000 nmethod 6701 0x00000207065dcf90 code [0x00000207065dd180, 0x00000207065dd538]
Event: 7.537 Thread 0x000002071c00f000 6702       3       org.jetbrains.kotlin.psi.KtImportInfo$ImportContent$ExpressionBased::<init> (17 bytes)

GC Heap History (14 events):
Event: 0.603 GC heap before
{Heap before GC invocations=0 (full 0):
 garbage-first heap   total 131072K, used 27648K [0x0000000081a00000, 0x0000000100000000)
  region size 1024K, 24 young (24576K), 0 survivors (0K)
 Metaspace       used 12512K, capacity 12689K, committed 12800K, reserved 1060864K
  class space    used 1143K, capacity 1182K, committed 1280K, reserved 1048576K
}
Event: 0.608 GC heap after
{Heap after GC invocations=1 (full 0):
 garbage-first heap   total 131072K, used 6333K [0x0000000081a00000, 0x0000000100000000)
  region size 1024K, 3 young (3072K), 3 survivors (3072K)
 Metaspace       used 12512K, capacity 12689K, committed 12800K, reserved 1060864K
  class space    used 1143K, capacity 1182K, committed 1280K, reserved 1048576K
}
Event: 1.307 GC heap before
{Heap before GC invocations=1 (full 0):
 garbage-first heap   total 131072K, used 42173K [0x0000000081a00000, 0x0000000100000000)
  region size 1024K, 39 young (39936K), 3 survivors (3072K)
 Metaspace       used 20975K, capacity 21190K, committed 21248K, reserved 1069056K
  class space    used 2222K, capacity 2302K, committed 2304K, reserved 1048576K
}
Event: 1.319 GC heap after
{Heap after GC invocations=2 (full 0):
 garbage-first heap   total 131072K, used 9817K [0x0000000081a00000, 0x0000000100000000)
  region size 1024K, 7 young (7168K), 7 survivors (7168K)
 Metaspace       used 20975K, capacity 21190K, committed 21248K, reserved 1069056K
  class space    used 2222K, capacity 2302K, committed 2304K, reserved 1048576K
}
Event: 2.387 GC heap before
{Heap before GC invocations=3 (full 0):
 garbage-first heap   total 131072K, used 63065K [0x0000000081a00000, 0x0000000100000000)
  region size 1024K, 54 young (55296K), 7 survivors (7168K)
 Metaspace       used 32176K, capacity 32610K, committed 32640K, reserved 1077248K
  class space    used 4037K, capacity 4211K, committed 4224K, reserved 1048576K
}
Event: 2.411 GC heap after
{Heap after GC invocations=4 (full 0):
 garbage-first heap   total 131072K, used 20529K [0x0000000081a00000, 0x0000000100000000)
  region size 1024K, 7 young (7168K), 7 survivors (7168K)
 Metaspace       used 32176K, capacity 32610K, committed 32640K, reserved 1077248K
  class space    used 4037K, capacity 4211K, committed 4224K, reserved 1048576K
}
Event: 2.651 GC heap before
{Heap before GC invocations=4 (full 0):
 garbage-first heap   total 131072K, used 35889K [0x0000000081a00000, 0x0000000100000000)
  region size 1024K, 23 young (23552K), 7 survivors (7168K)
 Metaspace       used 35406K, capacity 35789K, committed 35840K, reserved 1081344K
  class space    used 4396K, capacity 4567K, committed 4608K, reserved 1048576K
}
Event: 2.660 GC heap after
{Heap after GC invocations=5 (full 0):
 garbage-first heap   total 131072K, used 23140K [0x0000000081a00000, 0x0000000100000000)
  region size 1024K, 3 young (3072K), 3 survivors (3072K)
 Metaspace       used 35406K, capacity 35789K, committed 35840K, reserved 1081344K
  class space    used 4396K, capacity 4567K, committed 4608K, reserved 1048576K
}
Event: 3.293 GC heap before
{Heap before GC invocations=6 (full 0):
 garbage-first heap   total 131072K, used 69220K [0x0000000081a00000, 0x0000000100000000)
  region size 1024K, 48 young (49152K), 3 survivors (3072K)
 Metaspace       used 45179K, capacity 45674K, committed 45824K, reserved 1089536K
  class space    used 5394K, capacity 5577K, committed 5632K, reserved 1048576K
}
Event: 3.299 GC heap after
{Heap after GC invocations=7 (full 0):
 garbage-first heap   total 157696K, used 26732K [0x0000000081a00000, 0x0000000100000000)
  region size 1024K, 6 young (6144K), 6 survivors (6144K)
 Metaspace       used 45179K, capacity 45674K, committed 45824K, reserved 1089536K
  class space    used 5394K, capacity 5577K, committed 5632K, reserved 1048576K
}
Event: 4.080 GC heap before
{Heap before GC invocations=7 (full 0):
 garbage-first heap   total 157696K, used 88172K [0x0000000081a00000, 0x0000000100000000)
  region size 1024K, 65 young (66560K), 6 survivors (6144K)
 Metaspace       used 50207K, capacity 50772K, committed 50944K, reserved 1093632K
  class space    used 5894K, capacity 6119K, committed 6144K, reserved 1048576K
}
Event: 4.090 GC heap after
{Heap after GC invocations=8 (full 0):
 garbage-first heap   total 157696K, used 32433K [0x0000000081a00000, 0x0000000100000000)
  region size 1024K, 9 young (9216K), 9 survivors (9216K)
 Metaspace       used 50207K, capacity 50772K, committed 50944K, reserved 1093632K
  class space    used 5894K, capacity 6119K, committed 6144K, reserved 1048576K
}
Event: 6.683 GC heap before
{Heap before GC invocations=8 (full 0):
 garbage-first heap   total 157696K, used 95921K [0x0000000081a00000, 0x0000000100000000)
  region size 1024K, 71 young (72704K), 9 survivors (9216K)
 Metaspace       used 56452K, capacity 57002K, committed 57216K, reserved 1099776K
  class space    used 6438K, capacity 6678K, committed 6784K, reserved 1048576K
}
Event: 6.717 GC heap after
{Heap after GC invocations=9 (full 0):
 garbage-first heap   total 157696K, used 41682K [0x0000000081a00000, 0x0000000100000000)
  region size 1024K, 9 young (9216K), 9 survivors (9216K)
 Metaspace       used 56452K, capacity 57002K, committed 57216K, reserved 1099776K
  class space    used 6438K, capacity 6678K, committed 6784K, reserved 1048576K
}

Deoptimization events (20 events):
Event: 7.483 Thread 0x000002070142a000 Uncommon trap: trap_request=0xffffffde fr.pc=0x000002070ccc68d8 relative=0x0000000000002cf8
Event: 7.483 Thread 0x000002070142a000 Uncommon trap: reason=class_check action=maybe_recompile pc=0x000002070ccc68d8 method=org.jetbrains.kotlin.resolve.OverridingUtil.collectOverriddenDeclarations(Lorg/jetbrains/kotlin/descriptors/CallableMemberDescriptor;Ljava/util/Set;)V @ 47 c2
Event: 7.483 Thread 0x000002070142a000 DEOPT PACKING pc=0x000002070ccc68d8 sp=0x000000ffaabfc5d0
Event: 7.483 Thread 0x000002070142a000 DEOPT UNPACKING pc=0x0000020704faa1af sp=0x000000ffaabfc5d0 mode 2
Event: 7.497 Thread 0x000002070142a000 Uncommon trap: trap_request=0xffffffc6 fr.pc=0x000002070cc85890 relative=0x00000000000004d0
Event: 7.497 Thread 0x000002070142a000 Uncommon trap: reason=bimorphic_or_optimized_type_check action=maybe_recompile pc=0x000002070cc85890 method=org.jetbrains.kotlin.types.model.TypeSystemContext$DefaultImpls.typeConstructor(Lorg/jetbrains/kotlin/types/model/TypeSystemContext;Lorg/jetbrains/
Event: 7.497 Thread 0x000002070142a000 DEOPT PACKING pc=0x000002070cc85890 sp=0x000000ffaabfa410
Event: 7.497 Thread 0x000002070142a000 DEOPT UNPACKING pc=0x0000020704faa1af sp=0x000000ffaabfa3b0 mode 2
Event: 7.516 Thread 0x000002070142a000 Uncommon trap: trap_request=0xffffffc6 fr.pc=0x000002070cc8c928 relative=0x0000000000000088
Event: 7.516 Thread 0x000002070142a000 Uncommon trap: reason=bimorphic_or_optimized_type_check action=maybe_recompile pc=0x000002070cc8c928 method=org.jetbrains.kotlin.types.TypeConstructorSubstitution$Companion$createByConstructorsMap$1.isEmpty()Z @ 4 c2
Event: 7.516 Thread 0x000002070142a000 DEOPT PACKING pc=0x000002070cc8c928 sp=0x000000ffaabf9f30
Event: 7.516 Thread 0x000002070142a000 DEOPT UNPACKING pc=0x0000020704faa1af sp=0x000000ffaabf9eb8 mode 2
Event: 7.517 Thread 0x000002070142a000 Uncommon trap: trap_request=0xffffffc6 fr.pc=0x000002070cc8c928 relative=0x0000000000000088
Event: 7.517 Thread 0x000002070142a000 Uncommon trap: reason=bimorphic_or_optimized_type_check action=maybe_recompile pc=0x000002070cc8c928 method=org.jetbrains.kotlin.types.TypeConstructorSubstitution$Companion$createByConstructorsMap$1.isEmpty()Z @ 4 c2
Event: 7.517 Thread 0x000002070142a000 DEOPT PACKING pc=0x000002070cc8c928 sp=0x000000ffaabf9fe0
Event: 7.517 Thread 0x000002070142a000 DEOPT UNPACKING pc=0x0000020704faa1af sp=0x000000ffaabf9f68 mode 2
Event: 7.518 Thread 0x000002070142a000 Uncommon trap: trap_request=0xffffffc6 fr.pc=0x000002070cc85890 relative=0x00000000000004d0
Event: 7.518 Thread 0x000002070142a000 Uncommon trap: reason=bimorphic_or_optimized_type_check action=maybe_recompile pc=0x000002070cc85890 method=org.jetbrains.kotlin.types.model.TypeSystemContext$DefaultImpls.typeConstructor(Lorg/jetbrains/kotlin/types/model/TypeSystemContext;Lorg/jetbrains/
Event: 7.518 Thread 0x000002070142a000 DEOPT PACKING pc=0x000002070cc85890 sp=0x000000ffaabf9ef0
Event: 7.518 Thread 0x000002070142a000 DEOPT UNPACKING pc=0x0000020704faa1af sp=0x000000ffaabf9e90 mode 2

Classes redefined (0 events):
No events

Internal exceptions (20 events):
Event: 2.628 Thread 0x000002070142a000 Exception <a 'java/lang/NoSuchMethodError'{0x0000000088cc9560}: 'java.lang.Object java.lang.invoke.DirectMethodHandle$Holder.invokeVirtual(java.lang.Object, java.lang.Object, java.lang.Object)'> (0x0000000088cc9560) thrown at [./src/hotspot/share/interpreter/linkResolver.cpp, line 773]
Event: 3.152 Thread 0x000002070142a000 Exception <a 'java/lang/NoSuchMethodError'{0x00000000870a9fa0}: 'java.lang.Object java.lang.invoke.Invokers$Holder.linkToTargetMethod(java.lang.Object, int, java.lang.Object)'> (0x00000000870a9fa0) thrown at [./src/hotspot/share/interpreter/linkResolver.cpp, line 773]
Event: 3.199 Thread 0x000002070142a000 Exception <a 'java/lang/NoSuchMethodError'{0x0000000086e5fda8}: 'java.lang.Object java.lang.invoke.DirectMethodHandle$Holder.invokeStatic(java.lang.Object, java.lang.Object, java.lang.Object, int)'> (0x0000000086e5fda8) thrown at [./src/hotspot/share/interpreter/linkResolver.cpp, line 773]
Event: 3.199 Thread 0x000002070142a000 Exception <a 'java/lang/NoSuchMethodError'{0x0000000086e63a18}: 'java.lang.Object java.lang.invoke.DirectMethodHandle$Holder.invokeSpecial(java.lang.Object, java.lang.Object, java.lang.Object, java.lang.Object, int)'> (0x0000000086e63a18) thrown at [./src/hotspot/share/interpreter/linkResolver.cpp, line 773]
Event: 3.199 Thread 0x000002070142a000 Exception <a 'java/lang/NoSuchMethodError'{0x0000000086e66d28}: 'java.lang.Object java.lang.invoke.Invokers$Holder.linkToTargetMethod(java.lang.Object, java.lang.Object, int, java.lang.Object)'> (0x0000000086e66d28) thrown at [./src/hotspot/share/interpreter/linkResolver.cpp, line 773]
Event: 4.191 Thread 0x000002070142a000 Exception <a 'java/lang/NoSuchMethodError'{0x000000008af0bbb8}: 'java.lang.Object java.lang.invoke.DirectMethodHandle$Holder.invokeStaticInit(java.lang.Object, java.lang.Object, java.lang.Object)'> (0x000000008af0bbb8) thrown at [./src/hotspot/share/interpreter/linkResolver.cpp, line 773]
Event: 4.689 Thread 0x000002070142a000 Implicit null exception at 0x000002070cc1fad5 to 0x000002070cc20234
Event: 4.689 Thread 0x000002070142a000 Implicit null exception at 0x000002070cc1e52f to 0x000002070cc1e55c
Event: 5.810 Thread 0x000002070142a000 Exception <a 'java/lang/NoSuchMethodError'{0x0000000088335390}: 'java.lang.Object java.lang.invoke.Invokers$Holder.linkToTargetMethod(java.lang.Object, java.lang.Object, java.lang.Object, java.lang.Object, java.lang.Object, java.lang.Object)'> (0x0000000088335390) thrown at [./src/hotspot/share/interpreter/linkResolver.cpp, line 773]
Event: 5.819 Thread 0x000002070142a000 Implicit null exception at 0x000002070cc50682 to 0x000002070cc508e0
Event: 5.961 Thread 0x000002070142a000 Exception <a 'java/lang/NoSuchMethodError'{0x0000000088033270}: 'java.lang.Object java.lang.invoke.DirectMethodHandle$Holder.invokeInterface(java.lang.Object, java.lang.Object, java.lang.Object)'> (0x0000000088033270) thrown at [./src/hotspot/share/interpreter/linkResolver.cpp, line 773]
Event: 5.961 Thread 0x000002070142a000 Exception <a 'java/lang/IncompatibleClassChangeError'{0x00000000880364a0}: Found class java.lang.Object, but interface was expected> (0x00000000880364a0) thrown at [./src/hotspot/share/interpreter/linkResolver.cpp, line 839]
Event: 6.046 Thread 0x000002070142a000 Implicit null exception at 0x000002070cad6a75 to 0x000002070cad6c48
Event: 6.054 Thread 0x000002070142a000 Implicit null exception at 0x000002070cb6f24c to 0x000002070cb6f328
Event: 6.069 Thread 0x000002070142a000 Implicit null exception at 0x000002070cb36eaf to 0x000002070cb36f1d
Event: 6.119 Thread 0x000002070142a000 Exception <a 'java/lang/NoSuchMethodError'{0x0000000087c73608}: 'int java.lang.invoke.DirectMethodHandle$Holder.invokeStaticInit(java.lang.Object, int)'> (0x0000000087c73608) thrown at [./src/hotspot/share/interpreter/linkResolver.cpp, line 773]
Event: 6.159 Thread 0x000002070142a000 Implicit null exception at 0x000002070cc8f6dc to 0x000002070cc90020
Event: 6.760 Thread 0x000002070142a000 Implicit null exception at 0x000002070ca94575 to 0x000002070ca9473c
Event: 7.274 Thread 0x000002070142a000 Exception <a 'java/lang/NoSuchMethodError'{0x000000008aa402d0}: 'java.lang.Object java.lang.invoke.DirectMethodHandle$Holder.invokeStatic(java.lang.Object, int, java.lang.Object, java.lang.Object)'> (0x000000008aa402d0) thrown at [./src/hotspot/share/interpreter/linkResolver.cpp, line 773]
Event: 7.276 Thread 0x000002070142a000 Exception <a 'java/lang/NoSuchMethodError'{0x000000008aa4aef0}: 'int java.lang.invoke.DirectMethodHandle$Holder.invokeInterface(java.lang.Object, java.lang.Object)'> (0x000000008aa4aef0) thrown at [./src/hotspot/share/interpreter/linkResolver.cpp, line 773]

Events (20 events):
Event: 7.524 loading class org/jetbrains/kotlin/resolve/calls/components/CompletionModeCalculator$CalculatorForNestedCall$FixationDirection
Event: 7.524 loading class org/jetbrains/kotlin/resolve/calls/components/CompletionModeCalculator$CalculatorForNestedCall$FixationDirection done
Event: 7.524 loading class org/jetbrains/kotlin/resolve/calls/components/CompletionModeCalculator$CalculatorForNestedCall$FixationDirectionForVariable
Event: 7.524 loading class org/jetbrains/kotlin/resolve/calls/components/CompletionModeCalculator$CalculatorForNestedCall$FixationDirectionForVariable done
Event: 7.524 loading class org/jetbrains/kotlin/resolve/calls/inference/model/NewConstraintSystemImpl$containsOnlyFixedVariables$1
Event: 7.524 loading class org/jetbrains/kotlin/resolve/calls/inference/model/NewConstraintSystemImpl$containsOnlyFixedVariables$1 done
Event: 7.525 loading class org/jetbrains/kotlin/resolve/calls/inference/components/TypeVariableDependencyInformationProvider$computePostponeArgumentsEdges$1
Event: 7.525 loading class org/jetbrains/kotlin/resolve/calls/inference/components/TypeVariableDependencyInformationProvider$computePostponeArgumentsEdges$1 done
Event: 7.525 loading class org/jetbrains/kotlin/resolve/calls/inference/components/TypeVariableDependencyInformationProvider$computeRelatedToAllOutputTypes$1
Event: 7.525 loading class org/jetbrains/kotlin/resolve/calls/inference/components/TypeVariableDependencyInformationProvider$computeRelatedToAllOutputTypes$1 done
Event: 7.526 loading class org/jetbrains/kotlin/resolve/calls/model/PartialCallContainer
Event: 7.526 loading class org/jetbrains/kotlin/resolve/calls/model/PartialCallContainer done
Event: 7.526 loading class org/jetbrains/kotlin/resolve/calls/model/PartialCallContainer$Companion
Event: 7.526 loading class org/jetbrains/kotlin/resolve/calls/model/PartialCallContainer$Companion done
Event: 7.527 loading class org/jetbrains/kotlin/psi/KtElementUtilsKt
Event: 7.527 loading class org/jetbrains/kotlin/psi/KtElementUtilsKt done
Event: 7.528 loading class org/jetbrains/kotlin/contracts/ESLambda
Event: 7.528 loading class org/jetbrains/kotlin/contracts/ESLambda done
Event: 7.529 loading class org/jetbrains/kotlin/resolve/calls/tower/SubKotlinCallArgumentImpl
Event: 7.529 loading class org/jetbrains/kotlin/resolve/calls/tower/SubKotlinCallArgumentImpl done


Dynamic libraries:
0x00007ff6b17f0000 - 0x00007ff6b17fa000 	C:\Program Files\Android\Android Studio\jre\bin\java.exe
0x00007ffcb1210000 - 0x00007ffcb1407000 	C:\Windows\SYSTEM32\ntdll.dll
0x00007ffcaf770000 - 0x00007ffcaf82d000 	C:\Windows\System32\KERNEL32.DLL
0x00007ffcae9c0000 - 0x00007ffcaec8d000 	C:\Windows\System32\KERNELBASE.dll
0x00007ffcaec90000 - 0x00007ffcaed90000 	C:\Windows\System32\ucrtbase.dll
0x00007ffca8f70000 - 0x00007ffca8f89000 	C:\Program Files\Android\Android Studio\jre\bin\jli.dll
0x00007ffca9380000 - 0x00007ffca9397000 	C:\Program Files\Android\Android Studio\jre\bin\VCRUNTIME140.dll
0x00007ffcb06f0000 - 0x00007ffcb0890000 	C:\Windows\System32\USER32.dll
0x00007ffcaed90000 - 0x00007ffcaedb2000 	C:\Windows\System32\win32u.dll
0x00007ffcaf270000 - 0x00007ffcaf29a000 	C:\Windows\System32\GDI32.dll
0x00007ffc93f20000 - 0x00007ffc941ba000 	C:\Windows\WinSxS\amd64_microsoft.windows.common-controls_6595b64144ccf1df_6.0.19041.1110_none_60b5254171f9507e\COMCTL32.dll
0x00007ffcaefb0000 - 0x00007ffcaf0bb000 	C:\Windows\System32\gdi32full.dll
0x00007ffcafb50000 - 0x00007ffcafbee000 	C:\Windows\System32\msvcrt.dll
0x00007ffcaedc0000 - 0x00007ffcaee5d000 	C:\Windows\System32\msvcp_win.dll
0x00007ffcb06c0000 - 0x00007ffcb06f0000 	C:\Windows\System32\IMM32.DLL
0x00007ffc89870000 - 0x00007ffc8990d000 	C:\Program Files\Android\Android Studio\jre\bin\msvcp140.dll
0x00007ffc381b0000 - 0x00007ffc38c95000 	C:\Program Files\Android\Android Studio\jre\bin\server\jvm.dll
0x00007ffcb0970000 - 0x00007ffcb0a1e000 	C:\Windows\System32\ADVAPI32.dll
0x00007ffcaff50000 - 0x00007ffcaffec000 	C:\Windows\System32\sechost.dll
0x00007ffcb0590000 - 0x00007ffcb06b5000 	C:\Windows\System32\RPCRT4.dll
0x00007ffcafff0000 - 0x00007ffcafff8000 	C:\Windows\System32\PSAPI.DLL
0x00007ffc95df0000 - 0x00007ffc95e17000 	C:\Windows\SYSTEM32\WINMM.dll
0x00007ffca6870000 - 0x00007ffca6879000 	C:\Windows\SYSTEM32\WSOCK32.dll
0x00007ffca8440000 - 0x00007ffca844a000 	C:\Windows\SYSTEM32\VERSION.dll
0x00007ffcb02b0000 - 0x00007ffcb031b000 	C:\Windows\System32\WS2_32.dll
0x00007ffcac810000 - 0x00007ffcac822000 	C:\Windows\SYSTEM32\kernel.appcore.dll
0x00007ffc8d980000 - 0x00007ffc8d991000 	C:\Program Files\Android\Android Studio\jre\bin\verify.dll
0x00007ffc98ba0000 - 0x00007ffc98d84000 	C:\Windows\SYSTEM32\DBGHELP.DLL
0x00007ffc98b10000 - 0x00007ffc98b3c000 	C:\Windows\SYSTEM32\dbgcore.DLL
0x00007ffcae930000 - 0x00007ffcae9b2000 	C:\Windows\System32\bcryptPrimitives.dll
0x00007ffc8d950000 - 0x00007ffc8d979000 	C:\Program Files\Android\Android Studio\jre\bin\java.dll
0x00007ffca6840000 - 0x00007ffca684b000 	C:\Program Files\Android\Android Studio\jre\bin\jimage.dll
0x00007ffc8d930000 - 0x00007ffc8d948000 	C:\Program Files\Android\Android Studio\jre\bin\zip.dll
0x00007ffcb0a20000 - 0x00007ffcb1164000 	C:\Windows\System32\SHELL32.dll
0x00007ffcaca10000 - 0x00007ffcad1a4000 	C:\Windows\SYSTEM32\windows.storage.dll
0x00007ffcafbf0000 - 0x00007ffcaff44000 	C:\Windows\System32\combase.dll
0x00007ffcae2b0000 - 0x00007ffcae2dc000 	C:\Windows\SYSTEM32\Wldp.dll
0x00007ffcb04e0000 - 0x00007ffcb058d000 	C:\Windows\System32\SHCORE.dll
0x00007ffcaf710000 - 0x00007ffcaf765000 	C:\Windows\System32\shlwapi.dll
0x00007ffcae870000 - 0x00007ffcae88f000 	C:\Windows\SYSTEM32\profapi.dll
0x00007ffc889f0000 - 0x00007ffc88a0a000 	C:\Program Files\Android\Android Studio\jre\bin\net.dll
0x00007ffca73d0000 - 0x00007ffca74da000 	C:\Windows\SYSTEM32\WINHTTP.dll
0x00007ffcae090000 - 0x00007ffcae0fa000 	C:\Windows\system32\mswsock.dll
0x00007ffc889d0000 - 0x00007ffc889e4000 	C:\Program Files\Android\Android Studio\jre\bin\nio.dll

dbghelp: loaded successfully - version: 4.0.5 - missing functions: none
symbol engine: initialized successfully - sym options: 0x614 - pdb path: .;C:\Program Files\Android\Android Studio\jre\bin;C:\Windows\SYSTEM32;C:\Windows\WinSxS\amd64_microsoft.windows.common-controls_6595b64144ccf1df_6.0.19041.1110_none_60b5254171f9507e;C:\Program Files\Android\Android Studio\jre\bin\server

VM Arguments:
java_command: org.jetbrains.kotlin.cli.jvm.K2JVMCompiler @C:\Users\Turonbank\AndroidStudioProjects\662k\app\build\20220701_15488047714559213905.compiler.options
java_class_path (initial): C:\Users\Turonbank\.gradle\caches\modules-2\files-2.1\org.jetbrains.kotlin\kotlin-compiler-embeddable\1.7.0\4d09852239f61842072b40b524882fa3caaed371\kotlin-compiler-embeddable-1.7.0.jar;C:\Users\Turonbank\.gradle\caches\modules-2\files-2.1\org.jetbrains.kotlin\kotlin-reflect\1.7.0\e660b0079fdaf744dc9cc7f6f3aa3c761ec839b0\kotlin-reflect-1.7.0.jar;C:\Users\Turonbank\.gradle\caches\modules-2\files-2.1\org.jetbrains.kotlin\kotlin-stdlib\1.7.0\a5f42c684ad9003160ef0d0f693ecf0ba7b13549\kotlin-stdlib-1.7.0.jar;C:\Users\Turonbank\.gradle\caches\modules-2\files-2.1\org.jetbrains.kotlin\kotlin-script-runtime\1.7.0\3acea1d447587e61bc3e1b3ed6227d9e9ed4ddf1\kotlin-script-runtime-1.7.0.jar;C:\Users\Turonbank\.gradle\caches\modules-2\files-2.1\org.jetbrains.kotlin\kotlin-daemon-embeddable\1.7.0\fd56798de80825c673ac93808284c5198ffa2b50\kotlin-daemon-embeddable-1.7.0.jar;C:\Users\Turonbank\.gradle\caches\modules-2\files-2.1\org.jetbrains.intellij.deps\trove4j\1.0.20200330\3afb14d5f9ceb459d724e907a21145e8ff394f02\trove4j-1.0.20200330.jar;C:\Users\Turonbank\.gradle\caches\modules-2\files-2.1\net.java.dev.jna\jna\5.6.0\330f2244e9030119ab3030fc3fededc86713d9cc\jna-5.6.0.jar;C:\Users\Turonbank\.gradle\caches\modules-2\files-2.1\org.jetbrains.kotlin\kotlin-stdlib-common\1.7.0\51736992f422993a1e741051bdf3c12801bc1ca1\kotlin-stdlib-common-1.7.0.jar;C:\Users\Turonbank\.gradle\caches\modules-2\files-2.1\org.jetbrains\annotations\13.0\919f0dfe192fb4e063e7dacadee7f8bb9a2672a9\annotations-13.0.jar
Launcher Type: SUN_STANDARD

[Global flags]
     intx CICompilerCount                          = 4                                         {product} {ergonomic}
     uint ConcGCThreads                            = 2                                         {product} {ergonomic}
     uint G1ConcRefinementThreads                  = 8                                         {product} {ergonomic}
   size_t G1HeapRegionSize                         = 1048576                                   {product} {ergonomic}
    uintx GCDrainStackTargetSize                   = 64                                        {product} {ergonomic}
   size_t InitialHeapSize                          = 134217728                                 {product} {ergonomic}
   size_t MarkStackSize                            = 4194304                                   {product} {ergonomic}
   size_t MaxHeapSize                              = 2120220672                                {product} {ergonomic}
   size_t MaxNewSize                               = 1271922688                                {product} {ergonomic}
   size_t MinHeapDeltaBytes                        = 1048576                                   {product} {ergonomic}
    uintx NonNMethodCodeHeapSize                   = 5836300                                {pd product} {ergonomic}
    uintx NonProfiledCodeHeapSize                  = 122910970                              {pd product} {ergonomic}
    uintx ProfiledCodeHeapSize                     = 122910970                              {pd product} {ergonomic}
    uintx ReservedCodeCacheSize                    = 251658240                              {pd product} {ergonomic}
     bool SegmentedCodeCache                       = true                                      {product} {ergonomic}
     bool UseCompressedClassPointers               = true                                 {lp64_product} {ergonomic}
     bool UseCompressedOops                        = true                                 {lp64_product} {ergonomic}
     bool UseG1GC                                  = true                                      {product} {ergonomic}
     bool UseLargePagesIndividualAllocation        = false                                  {pd product} {ergonomic}

Logging:
Log output configuration:
 #0: stdout all=warning uptime,level,tags
 #1: stderr all=off uptime,level,tags

Environment Variables:
PATH=C:\Program Files\Common Files\Oracle\Java\javapath;C:\Program Files (x86)\Common Files\Oracle\Java\javapath;C:\Windows\system32;C:\Windows;C:\Windows\System32\Wbem;C:\Windows\System32\WindowsPowerShell\v1.0\;C:\Windows\System32\OpenSSH\;C:\Users\Turonbank\AppData\Local\Microsoft\WindowsApps;C:\Users\Turonbank\AppData\Local\Programs\Git\cmd
USERNAME=Turonbank
OS=Windows_NT
PROCESSOR_IDENTIFIER=Intel64 Family 6 Model 165 Stepping 3, GenuineIntel



---------------  S Y S T E M  ---------------

OS: Windows 10 , 64 bit Build 19041 (10.0.19041.1741)
OS uptime: 0 days 5:52 hours
Hyper-V role detected

CPU:total 8 (initial active 8) (4 cores per cpu, 2 threads per core) family 6 model 165 stepping 3 microcode 0xcc, cmov, cx8, fxsr, mmx, sse, sse2, sse3, ssse3, sse4.1, sse4.2, popcnt, avx, avx2, aes, clmul, erms, 3dnowpref, lzcnt, ht, tsc, tscinvbit, bmi1, bmi2, adx, fma

Memory: 4k page, system-wide physical 8085M (510M free)
TotalPageFile size 10133M (AvailPageFile size 5M)
current process WorkingSet (physical memory assigned to process): 307M, peak: 307M
current process commit charge ("private bytes"): 378M, peak: 379M

vm_info: OpenJDK 64-Bit Server VM (11.0.12+7-b1504.28-7817840) for windows-amd64 JRE (11.0.12+7-b1504.28-7817840), built on Oct 13 2021 22:12:33 by "builder" with MS VC++ 14.0 (VS2015)

END.
